<!DOCTYPE html PUBLIC "-//W3C//DTD XHTML 1.1//EN" "http://www.w3.org/TR/xhtml11/DTD/xhtml11.dtd">
<html xmlns="http://www.w3.org/1999/xhtml"><head><title>TestNG Report</title><style type="text/css">table {margin-bottom:10px;border-collapse:collapse;empty-cells:show}th,td {border:1px solid #009;padding:.25em .5em}th {vertical-align:bottom}td {vertical-align:top}table a {font-weight:bold}.stripe td {background-color: #E6EBF9}.num {text-align:right}.passedodd td {background-color: #3F3}.passedeven td {background-color: #0A0}.skippedodd td {background-color: #DDD}.skippedeven td {background-color: #CCC}.failedodd td,.attn {background-color: #F33}.failedeven td,.stripe .attn {background-color: #D00}.stacktrace {white-space:pre;font-family:monospace}.totop {font-size:85%;text-align:center;border-bottom:2px solid #000}</style></head><body><table><tr><th>Test</th><th># Passed</th><th># Skipped</th><th># Failed</th><th>Time (ms)</th><th>Included Groups</th><th>Excluded Groups</th></tr><tr><th colspan="7">PetStoreSuite</th></tr><tr><td><a href="#t0">PetStoreTest</a></td><td class="num">11</td><td class="num">0</td><td class="num attn">25</td><td class="num">4,529</td><td></td><td></td></tr></table><table><thead><tr><th>Class</th><th>Method</th><th>Start</th><th>Time (ms)</th></tr></thead><tbody><tr><th colspan="4">PetStoreSuite</th></tr></tbody><tbody id="t0"><tr><th colspan="4">PetStoreTest &#8212; failed</th></tr><tr class="failedeven"><td rowspan="3">com.petStore.test.fuctional.CreatePetFunctionalTest</td><td><a href="#m0">test_creatPetWithInValidPhotoUrls</a></td><td rowspan="1">1662928700330</td><td rowspan="1">760</td></tr><tr class="failedeven"><td><a href="#m1">test_creatPetWithInValidStatus</a></td><td rowspan="1">1662928700330</td><td rowspan="1">1760</td></tr><tr class="failedeven"><td><a href="#m2">test_creatPetWithLongFieldNames</a></td><td rowspan="1">1662928700330</td><td rowspan="1">802</td></tr><tr class="failedodd"><td rowspan="6">com.petStore.test.fuctional.CreateUserWithArrayFunctionalTest</td><td><a href="#m3">test_AddUserWithLongFieldValues</a></td><td rowspan="1">1662928700330</td><td rowspan="1">280</td></tr><tr class="failedodd"><td><a href="#m4">test_BulkUserCreation</a></td><td rowspan="1">1662928700330</td><td rowspan="1">2008</td></tr><tr class="failedodd"><td><a href="#m5">test_addSingleUserWithInValidEmailPattern</a></td><td rowspan="1">1662928700330</td><td rowspan="1">743</td></tr><tr class="failedodd"><td><a href="#m6">test_addSingleUserWithInvalidPhoneNo</a></td><td rowspan="1">1662928700620</td><td rowspan="1">266</td></tr><tr class="failedodd"><td><a href="#m7">test_addSingleUserWithinvalidId</a></td><td rowspan="1">1662928700887</td><td rowspan="1">270</td></tr><tr class="failedodd"><td><a href="#m8">test_addSinglleuserWihtInvalidUserStatus</a></td><td rowspan="1">1662928701075</td><td rowspan="1">260</td></tr><tr class="failedeven"><td rowspan="1">com.petStore.test.fuctional.GetUserByNameFunctionalTest</td><td><a href="#m9">test_getUserforDuplicateRecords</a></td><td rowspan="1">1662928701137</td><td rowspan="1">263</td></tr><tr class="failedodd"><td rowspan="3">com.petStore.test.fuctional.UpdatePetFunctionalTest</td><td><a href="#m10">test_updatePetWithInValidStatus</a></td><td rowspan="1">1662928701158</td><td rowspan="1">266</td></tr><tr class="failedodd"><td><a href="#m11">test_updatePetWithInvalidIdsPattern</a></td><td rowspan="1">1662928701336</td><td rowspan="1">245</td></tr><tr class="failedodd"><td><a href="#m12">test_updatePetWithLongFieldNames</a></td><td rowspan="1">1662928701401</td><td rowspan="1">284</td></tr><tr class="failedeven"><td rowspan="4">com.petStore.test.fuctional.UpdateUserFunctionalTest</td><td><a href="#m13">test_updateUseWithinvalidUserStatus</a></td><td rowspan="1">1662928701854</td><td rowspan="1">276</td></tr><tr class="failedeven"><td><a href="#m14">test_updateUserWithLongfieldNames</a></td><td rowspan="1">1662928701858</td><td rowspan="1">273</td></tr><tr class="failedeven"><td><a href="#m15">test_updateUserWithinvalidEmailPattern</a></td><td rowspan="1">1662928701860</td><td rowspan="1">731</td></tr><tr class="failedeven"><td><a href="#m16">test_updateUserWithinvalidPhonePattern</a></td><td rowspan="1">1662928701855</td><td rowspan="1">275</td></tr><tr class="failedodd"><td rowspan="2">com.petStore.test.nonfuctional.CreatePetNonFunctional</td><td><a href="#m17">test_creatPetWithImproperJsonFormat</a></td><td rowspan="1">1662928702092</td><td rowspan="1">258</td></tr><tr class="failedodd"><td><a href="#m18">test_creatPetWithNonExixtentFieldNameandValue</a></td><td rowspan="1">1662928702119</td><td rowspan="1">269</td></tr><tr class="failedeven"><td rowspan="2">com.petStore.test.nonfuctional.CreateUserWithArrayNonFunctinal</td><td><a href="#m19">test_createSingleUserWithInvalidPayloadFormat</a></td><td rowspan="1">1662928702130</td><td rowspan="1">267</td></tr><tr class="failedeven"><td><a href="#m20">test_createSingleUserWithMoreThanMaxIdSuported</a></td><td rowspan="1">1662928702131</td><td rowspan="1">257</td></tr><tr class="failedodd"><td rowspan="1">com.petStore.test.nonfuctional.GetPetBasedOnStatusNonFunctional</td><td><a href="#m21">test_getPetsBasedOnFieldStatusAvailableWithsqlInjection</a></td><td rowspan="1">1662928702132</td><td rowspan="1">81</td></tr><tr class="failedeven"><td rowspan="1">com.petStore.test.nonfuctional.GetUserByNameNonFucntional</td><td><a href="#m22">test_getUserForNonExistentUserNameWithSqlInjection</a></td><td rowspan="1">1662928702339</td><td rowspan="1">246</td></tr><tr class="failedodd"><td rowspan="1">com.petStore.test.nonfuctional.UpdatePetStatusNonFunctional</td><td><a href="#m23">test_updateNonExistencePet</a></td><td rowspan="1">1662928702351</td><td rowspan="1">494</td></tr><tr class="failedeven"><td rowspan="1">com.petStore.test.nonfuctional.UpdateUserNonFunctional</td><td><a href="#m24">test_updateUserWithNonExistingUserName</a></td><td rowspan="1">1662928702388</td><td rowspan="1">283</td></tr><tr><th colspan="4">PetStoreTest &#8212; passed</th></tr><tr class="passedeven"><td rowspan="2">com.petStore.test.fuctional.CreatePetFunctionalTest</td><td><a href="#m25">test_creatPetWithInvalidPetIdPattern</a></td><td rowspan="1">1662928700329</td><td rowspan="1">796</td></tr><tr class="passedeven"><td><a href="#m26">test_creatPetWithValidFields</a></td><td rowspan="1">1662928700329</td><td rowspan="1">808</td></tr><tr class="passedodd"><td rowspan="2">com.petStore.test.fuctional.CreateUserWithArrayFunctionalTest</td><td><a href="#m27">test_addMultipleUser</a></td><td rowspan="1">1662928700329</td><td rowspan="1">766</td></tr><tr class="passedodd"><td><a href="#m28">test_addOneUser</a></td><td rowspan="1">1662928700330</td><td rowspan="1">1753</td></tr><tr class="passedeven"><td rowspan="3">com.petStore.test.fuctional.GetPetBasedOnStatusFuctionalTest</td><td><a href="#m29">test_getPetsBasedOnFieldStatusAvailable</a></td><td rowspan="1">1662928701854</td><td rowspan="1">825</td></tr><tr class="passedeven"><td><a href="#m30">test_getPetsBasedOnFieldStatusPending</a></td><td rowspan="1">1662928701860</td><td rowspan="1">259</td></tr><tr class="passedeven"><td><a href="#m31">test_getPetsBasedOnFieldStatusSold</a></td><td rowspan="1">1662928701862</td><td rowspan="1">744</td></tr><tr class="passedodd"><td rowspan="1">com.petStore.test.fuctional.GetUserByNameFunctionalTest</td><td><a href="#m32">test_getUserByUpdatedName</a></td><td rowspan="1">1662928701132</td><td rowspan="1">537</td></tr><tr class="passedeven"><td rowspan="1">com.petStore.test.fuctional.UpdatePetFunctionalTest</td><td><a href="#m33">test_updatePetWithValidFields</a></td><td rowspan="1">1662928701424</td><td rowspan="1">257</td></tr><tr class="passedodd"><td rowspan="1">com.petStore.test.fuctional.UpdateUserFunctionalTest</td><td><a href="#m34">test_updateUsewithValidValues</a></td><td rowspan="1">1662928702084</td><td rowspan="1">492</td></tr><tr class="passedeven"><td rowspan="1">com.petStore.test.nonfuctional.GetUserByNameNonFucntional</td><td><a href="#m35">test_getUserForNonExistentUserName</a></td><td rowspan="1">1662928702214</td><td rowspan="1">266</td></tr></tbody></table><h2>PetStoreTest</h2><h3 id="m0">com.petStore.test.fuctional.CreatePetFunctionalTest#test_creatPetWithInValidPhotoUrls</h3><table class="result"><tr><th>Exception</th></tr><tr><td><div class="stacktrace">java.lang.AssertionError: The processing should fail with actual Response Code 400 as payload has invlid photourls and is client error:  expected [400] but found [200]
	at com.petStore.test.fuctional.CreatePetFunctionalTest.test_creatPetWithInValidPhotoUrls(CreatePetFunctionalTest.java:135)
	at java.util.concurrent.ThreadPoolExecutor.runWorker(ThreadPoolExecutor.java:1149)
	at java.util.concurrent.ThreadPoolExecutor$Worker.run(ThreadPoolExecutor.java:624)
	at java.lang.Thread.run(Thread.java:750)
... Removed 14 stack frames</div></td></tr></table><p class="totop"><a href="#summary">back to summary</a></p><h3 id="m1">com.petStore.test.fuctional.CreatePetFunctionalTest#test_creatPetWithInValidStatus</h3><table class="result"><tr><th>Exception</th></tr><tr><td><div class="stacktrace">java.lang.AssertionError: The processing should fail with actual Response Code 400 as payload has invlid status enum values and is client error:  expected [400] but found [200]
	at com.petStore.test.fuctional.CreatePetFunctionalTest.test_creatPetWithInValidStatus(CreatePetFunctionalTest.java:269)
	at java.util.concurrent.ThreadPoolExecutor.runWorker(ThreadPoolExecutor.java:1149)
	at java.util.concurrent.ThreadPoolExecutor$Worker.run(ThreadPoolExecutor.java:624)
	at java.lang.Thread.run(Thread.java:750)
... Removed 14 stack frames</div></td></tr></table><p class="totop"><a href="#summary">back to summary</a></p><h3 id="m2">com.petStore.test.fuctional.CreatePetFunctionalTest#test_creatPetWithLongFieldNames</h3><table class="result"><tr><th>Exception</th></tr><tr><td><div class="stacktrace">java.lang.AssertionError: The processing should fail with actual Response Code 400 as payload has long field values and is client error:  expected [400] but found [200]
	at com.petStore.test.fuctional.CreatePetFunctionalTest.test_creatPetWithLongFieldNames(CreatePetFunctionalTest.java:177)
	at java.util.concurrent.ThreadPoolExecutor.runWorker(ThreadPoolExecutor.java:1149)
	at java.util.concurrent.ThreadPoolExecutor$Worker.run(ThreadPoolExecutor.java:624)
	at java.lang.Thread.run(Thread.java:750)
... Removed 14 stack frames</div></td></tr></table><p class="totop"><a href="#summary">back to summary</a></p><h3 id="m3">com.petStore.test.fuctional.CreateUserWithArrayFunctionalTest#test_AddUserWithLongFieldValues</h3><table class="result"><tr><th>Exception</th></tr><tr><td><div class="stacktrace">java.lang.AssertionError: Actual Response Code should be 400 instead od success as payload has long field names and is client error: expected [400] but found [200]
	at com.petStore.test.fuctional.CreateUserWithArrayFunctionalTest.test_AddUserWithLongFieldValues(CreateUserWithArrayFunctionalTest.java:158)
	at java.util.concurrent.ThreadPoolExecutor.runWorker(ThreadPoolExecutor.java:1149)
	at java.util.concurrent.ThreadPoolExecutor$Worker.run(ThreadPoolExecutor.java:624)
	at java.lang.Thread.run(Thread.java:750)
... Removed 14 stack frames</div></td></tr></table><p class="totop"><a href="#summary">back to summary</a></p><h3 id="m4">com.petStore.test.fuctional.CreateUserWithArrayFunctionalTest#test_BulkUserCreation</h3><table class="result"><tr><th>Exception</th></tr><tr><td><div class="stacktrace">java.lang.AssertionError: Actual Response Code should be 413 as payload is too large and is client error : expected [413] but found [500]
	at com.petStore.test.fuctional.CreateUserWithArrayFunctionalTest.test_BulkUserCreation(CreateUserWithArrayFunctionalTest.java:484)
	at java.util.concurrent.ThreadPoolExecutor.runWorker(ThreadPoolExecutor.java:1149)
	at java.util.concurrent.ThreadPoolExecutor$Worker.run(ThreadPoolExecutor.java:624)
	at java.lang.Thread.run(Thread.java:750)
... Removed 14 stack frames</div></td></tr></table><p class="totop"><a href="#summary">back to summary</a></p><h3 id="m5">com.petStore.test.fuctional.CreateUserWithArrayFunctionalTest#test_addSingleUserWithInValidEmailPattern</h3><table class="result"><tr><th>Exception</th></tr><tr><td><div class="stacktrace">java.lang.AssertionError: Actual Response Code should be 400 as payload has invalid emailpattern and is client error: expected [400] but found [200]
	at com.petStore.test.fuctional.CreateUserWithArrayFunctionalTest.test_addSingleUserWithInValidEmailPattern(CreateUserWithArrayFunctionalTest.java:190)
	at java.util.concurrent.ThreadPoolExecutor.runWorker(ThreadPoolExecutor.java:1149)
	at java.util.concurrent.ThreadPoolExecutor$Worker.run(ThreadPoolExecutor.java:624)
	at java.lang.Thread.run(Thread.java:750)
... Removed 14 stack frames</div></td></tr></table><p class="totop"><a href="#summary">back to summary</a></p><h3 id="m6">com.petStore.test.fuctional.CreateUserWithArrayFunctionalTest#test_addSingleUserWithInvalidPhoneNo</h3><table class="result"><tr><th>Exception</th></tr><tr><td><div class="stacktrace">java.lang.AssertionError: Actual Response Code should be 400 as payload has invalid phone and is client error :  expected [400] but found [200]
	at com.petStore.test.fuctional.CreateUserWithArrayFunctionalTest.test_addSingleUserWithInvalidPhoneNo(CreateUserWithArrayFunctionalTest.java:517)
	at java.util.concurrent.ThreadPoolExecutor.runWorker(ThreadPoolExecutor.java:1149)
	at java.util.concurrent.ThreadPoolExecutor$Worker.run(ThreadPoolExecutor.java:624)
	at java.lang.Thread.run(Thread.java:750)
... Removed 14 stack frames</div></td></tr></table><p class="totop"><a href="#summary">back to summary</a></p><h3 id="m7">com.petStore.test.fuctional.CreateUserWithArrayFunctionalTest#test_addSingleUserWithinvalidId</h3><table class="result"><tr><th>Exception</th></tr><tr><td><div class="stacktrace">java.lang.AssertionError: Actual Response Code should be 400 as payload has invalid userId and is client error: expected [400] but found [500]
	at com.petStore.test.fuctional.CreateUserWithArrayFunctionalTest.test_addSingleUserWithinvalidId(CreateUserWithArrayFunctionalTest.java:561)
	at java.util.concurrent.ThreadPoolExecutor.runWorker(ThreadPoolExecutor.java:1149)
	at java.util.concurrent.ThreadPoolExecutor$Worker.run(ThreadPoolExecutor.java:624)
	at java.lang.Thread.run(Thread.java:750)
... Removed 14 stack frames</div></td></tr></table><p class="totop"><a href="#summary">back to summary</a></p><h3 id="m8">com.petStore.test.fuctional.CreateUserWithArrayFunctionalTest#test_addSinglleuserWihtInvalidUserStatus</h3><table class="result"><tr><th>Exception</th></tr><tr><td><div class="stacktrace">java.lang.AssertionError: The processing should fail with actual Response Code 400 as payload has invalid userstatus and is client error expected [400] but found [200]
	at com.petStore.test.fuctional.CreateUserWithArrayFunctionalTest.test_addSinglleuserWihtInvalidUserStatus(CreateUserWithArrayFunctionalTest.java:594)
	at java.util.concurrent.ThreadPoolExecutor.runWorker(ThreadPoolExecutor.java:1149)
	at java.util.concurrent.ThreadPoolExecutor$Worker.run(ThreadPoolExecutor.java:624)
	at java.lang.Thread.run(Thread.java:750)
... Removed 14 stack frames</div></td></tr></table><p class="totop"><a href="#summary">back to summary</a></p><h3 id="m9">com.petStore.test.fuctional.GetUserByNameFunctionalTest#test_getUserforDuplicateRecords</h3><table class="result"><tr><th>Exception</th></tr><tr><td><div class="stacktrace">org.springframework.web.client.HttpClientErrorException$NotFound: 404 Not Found
	at org.springframework.web.client.HttpClientErrorException.create(HttpClientErrorException.java:85)
	at org.springframework.web.client.DefaultResponseErrorHandler.handleError(DefaultResponseErrorHandler.java:122)
	at org.springframework.web.client.DefaultResponseErrorHandler.handleError(DefaultResponseErrorHandler.java:102)
	at org.springframework.web.client.ResponseErrorHandler.handleError(ResponseErrorHandler.java:63)
	at org.springframework.web.client.RestTemplate.handleResponse(RestTemplate.java:778)
	at org.springframework.web.client.RestTemplate.doExecute(RestTemplate.java:736)
	at org.springframework.web.client.RestTemplate.execute(RestTemplate.java:670)
	at org.springframework.web.client.RestTemplate.getForEntity(RestTemplate.java:338)
	at com.petStore.test.fuctional.GetUserByNameFunctionalTest.test_getUserforDuplicateRecords(GetUserByNameFunctionalTest.java:198)
	at java.util.concurrent.ThreadPoolExecutor.runWorker(ThreadPoolExecutor.java:1149)
	at java.util.concurrent.ThreadPoolExecutor$Worker.run(ThreadPoolExecutor.java:624)
	at java.lang.Thread.run(Thread.java:750)
... Removed 10 stack frames</div></td></tr></table><p class="totop"><a href="#summary">back to summary</a></p><h3 id="m10">com.petStore.test.fuctional.UpdatePetFunctionalTest#test_updatePetWithInValidStatus</h3><table class="result"><tr><th>Exception</th></tr><tr><td><div class="stacktrace">java.lang.AssertionError: The processing should fail with actual Response Code 400 instead of success as payload has invalid status and is client error:  expected [400] but found [200]
	at com.petStore.test.fuctional.UpdatePetFunctionalTest.test_updatePetWithInValidStatus(UpdatePetFunctionalTest.java:182)
	at java.util.concurrent.ThreadPoolExecutor.runWorker(ThreadPoolExecutor.java:1149)
	at java.util.concurrent.ThreadPoolExecutor$Worker.run(ThreadPoolExecutor.java:624)
	at java.lang.Thread.run(Thread.java:750)
... Removed 14 stack frames</div></td></tr></table><p class="totop"><a href="#summary">back to summary</a></p><h3 id="m11">com.petStore.test.fuctional.UpdatePetFunctionalTest#test_updatePetWithInvalidIdsPattern</h3><table class="result"><tr><th>Exception</th></tr><tr><td><div class="stacktrace">java.lang.AssertionError: The processing  failure  Response Code should be 400 as payload has invalidIds and is client error:  expected [400] but found [500]
	at com.petStore.test.fuctional.UpdatePetFunctionalTest.test_updatePetWithInvalidIdsPattern(UpdatePetFunctionalTest.java:231)
	at java.util.concurrent.ThreadPoolExecutor.runWorker(ThreadPoolExecutor.java:1149)
	at java.util.concurrent.ThreadPoolExecutor$Worker.run(ThreadPoolExecutor.java:624)
	at java.lang.Thread.run(Thread.java:750)
... Removed 14 stack frames</div></td></tr></table><p class="totop"><a href="#summary">back to summary</a></p><h3 id="m12">com.petStore.test.fuctional.UpdatePetFunctionalTest#test_updatePetWithLongFieldNames</h3><table class="result"><tr><th>Exception</th></tr><tr><td><div class="stacktrace">java.lang.AssertionError: Actual Response Code should be 400 as payload has long Field  names and is client error: expected [400] but found [200]
	at com.petStore.test.fuctional.UpdatePetFunctionalTest.test_updatePetWithLongFieldNames(UpdatePetFunctionalTest.java:275)
	at java.util.concurrent.ThreadPoolExecutor.runWorker(ThreadPoolExecutor.java:1149)
	at java.util.concurrent.ThreadPoolExecutor$Worker.run(ThreadPoolExecutor.java:624)
	at java.lang.Thread.run(Thread.java:750)
... Removed 14 stack frames</div></td></tr></table><p class="totop"><a href="#summary">back to summary</a></p><h3 id="m13">com.petStore.test.fuctional.UpdateUserFunctionalTest#test_updateUseWithinvalidUserStatus</h3><table class="result"><tr><th>Exception</th></tr><tr><td><div class="stacktrace">java.lang.AssertionError: Actual Response Code should be 400 as payload has invaldUserStatus Pattern and is client error: expected [400] but found [200]
	at com.petStore.test.fuctional.UpdateUserFunctionalTest.test_updateUseWithinvalidUserStatus(UpdateUserFunctionalTest.java:282)
	at java.util.concurrent.ThreadPoolExecutor.runWorker(ThreadPoolExecutor.java:1149)
	at java.util.concurrent.ThreadPoolExecutor$Worker.run(ThreadPoolExecutor.java:624)
	at java.lang.Thread.run(Thread.java:750)
... Removed 14 stack frames</div></td></tr></table><p class="totop"><a href="#summary">back to summary</a></p><h3 id="m14">com.petStore.test.fuctional.UpdateUserFunctionalTest#test_updateUserWithLongfieldNames</h3><table class="result"><tr><th>Exception</th></tr><tr><td><div class="stacktrace">java.lang.AssertionError: Actual Response Code should be 400 as payload has verylong usernameupdate and is client error: expected [400] but found [200]
	at com.petStore.test.fuctional.UpdateUserFunctionalTest.test_updateUserWithLongfieldNames(UpdateUserFunctionalTest.java:180)
	at java.util.concurrent.ThreadPoolExecutor.runWorker(ThreadPoolExecutor.java:1149)
	at java.util.concurrent.ThreadPoolExecutor$Worker.run(ThreadPoolExecutor.java:624)
	at java.lang.Thread.run(Thread.java:750)
... Removed 14 stack frames</div></td></tr></table><p class="totop"><a href="#summary">back to summary</a></p><h3 id="m15">com.petStore.test.fuctional.UpdateUserFunctionalTest#test_updateUserWithinvalidEmailPattern</h3><table class="result"><tr><th>Exception</th></tr><tr><td><div class="stacktrace">java.lang.AssertionError: Actual Response Code should be 400 as payload has invaldemail Pattern and is client error: expected [400] but found [200]
	at com.petStore.test.fuctional.UpdateUserFunctionalTest.test_updateUserWithinvalidEmailPattern(UpdateUserFunctionalTest.java:214)
	at java.util.concurrent.ThreadPoolExecutor.runWorker(ThreadPoolExecutor.java:1149)
	at java.util.concurrent.ThreadPoolExecutor$Worker.run(ThreadPoolExecutor.java:624)
	at java.lang.Thread.run(Thread.java:750)
... Removed 14 stack frames</div></td></tr></table><p class="totop"><a href="#summary">back to summary</a></p><h3 id="m16">com.petStore.test.fuctional.UpdateUserFunctionalTest#test_updateUserWithinvalidPhonePattern</h3><table class="result"><tr><th>Exception</th></tr><tr><td><div class="stacktrace">java.lang.AssertionError: Actual Response Code should be 400 as payload has invaldPhone Pattern and is client error: expected [400] but found [200]
	at com.petStore.test.fuctional.UpdateUserFunctionalTest.test_updateUserWithinvalidPhonePattern(UpdateUserFunctionalTest.java:248)
	at java.util.concurrent.ThreadPoolExecutor.runWorker(ThreadPoolExecutor.java:1149)
	at java.util.concurrent.ThreadPoolExecutor$Worker.run(ThreadPoolExecutor.java:624)
	at java.lang.Thread.run(Thread.java:750)
... Removed 14 stack frames</div></td></tr></table><p class="totop"><a href="#summary">back to summary</a></p><h3 id="m17">com.petStore.test.nonfuctional.CreatePetNonFunctional#test_creatPetWithImproperJsonFormat</h3><table class="result"><tr><th>Exception</th></tr><tr><td><div class="stacktrace">java.lang.AssertionError: Processing should fail with Error Code 400 as Payload has as invalid comma in tag array : expected [400] but found [500]
	at com.petStore.test.nonfuctional.CreatePetNonFunctional.test_creatPetWithImproperJsonFormat(CreatePetNonFunctional.java:141)
	at java.util.concurrent.ThreadPoolExecutor.runWorker(ThreadPoolExecutor.java:1149)
	at java.util.concurrent.ThreadPoolExecutor$Worker.run(ThreadPoolExecutor.java:624)
	at java.lang.Thread.run(Thread.java:750)
... Removed 14 stack frames</div></td></tr></table><p class="totop"><a href="#summary">back to summary</a></p><h3 id="m18">com.petStore.test.nonfuctional.CreatePetNonFunctional#test_creatPetWithNonExixtentFieldNameandValue</h3><table class="result"><tr><th>Exception</th></tr><tr><td><div class="stacktrace">java.lang.AssertionError: Processing should fail with Error Code 400 rather than success as invalid field shoudld throw schema validation error : expected [400] but found [200]
	at com.petStore.test.nonfuctional.CreatePetNonFunctional.test_creatPetWithNonExixtentFieldNameandValue(CreatePetNonFunctional.java:94)
	at java.util.concurrent.ThreadPoolExecutor.runWorker(ThreadPoolExecutor.java:1149)
	at java.util.concurrent.ThreadPoolExecutor$Worker.run(ThreadPoolExecutor.java:624)
	at java.lang.Thread.run(Thread.java:750)
... Removed 14 stack frames</div></td></tr></table><p class="totop"><a href="#summary">back to summary</a></p><h3 id="m19">com.petStore.test.nonfuctional.CreateUserWithArrayNonFunctinal#test_createSingleUserWithInvalidPayloadFormat</h3><table class="result"><tr><th>Exception</th></tr><tr><td><div class="stacktrace">java.lang.AssertionError: Actual Response Code should be 400 with schema validation error as it has comma after array: expected [400] but found [500]
	at com.petStore.test.nonfuctional.CreateUserWithArrayNonFunctinal.test_createSingleUserWithInvalidPayloadFormat(CreateUserWithArrayNonFunctinal.java:137)
	at java.util.concurrent.ThreadPoolExecutor.runWorker(ThreadPoolExecutor.java:1149)
	at java.util.concurrent.ThreadPoolExecutor$Worker.run(ThreadPoolExecutor.java:624)
	at java.lang.Thread.run(Thread.java:750)
... Removed 14 stack frames</div></td></tr></table><p class="totop"><a href="#summary">back to summary</a></p><h3 id="m20">com.petStore.test.nonfuctional.CreateUserWithArrayNonFunctinal#test_createSingleUserWithMoreThanMaxIdSuported</h3><table class="result"><tr><th>Exception</th></tr><tr><td><div class="stacktrace">java.lang.AssertionError: Actual Response Code should be 400 as payload has invalid Id more than Integer.Max and is client error: expected [400] but found [500]
	at com.petStore.test.nonfuctional.CreateUserWithArrayNonFunctinal.test_createSingleUserWithMoreThanMaxIdSuported(CreateUserWithArrayNonFunctinal.java:94)
	at java.util.concurrent.ThreadPoolExecutor.runWorker(ThreadPoolExecutor.java:1149)
	at java.util.concurrent.ThreadPoolExecutor$Worker.run(ThreadPoolExecutor.java:624)
	at java.lang.Thread.run(Thread.java:750)
... Removed 14 stack frames</div></td></tr></table><p class="totop"><a href="#summary">back to summary</a></p><h3 id="m21">com.petStore.test.nonfuctional.GetPetBasedOnStatusNonFunctional#test_getPetsBasedOnFieldStatusAvailableWithsqlInjection</h3><table class="result"><tr><th>Exception</th></tr><tr><td><div class="stacktrace">org.springframework.web.client.ResourceAccessException: I/O error on GET request for &quot;https://petstore.swagger.iov2/pet/findByStatus&quot;: petstore.swagger.iov2; nested exception is java.net.UnknownHostException: petstore.swagger.iov2
	at org.springframework.web.client.RestTemplate.doExecute(RestTemplate.java:744)
	at org.springframework.web.client.RestTemplate.execute(RestTemplate.java:670)
	at org.springframework.web.client.RestTemplate.getForEntity(RestTemplate.java:338)
	at com.petStore.test.nonfuctional.GetPetBasedOnStatusNonFunctional.test_getPetsBasedOnFieldStatusAvailableWithsqlInjection(GetPetBasedOnStatusNonFunctional.java:66)
	at java.util.concurrent.ThreadPoolExecutor.runWorker(ThreadPoolExecutor.java:1149)
	at java.util.concurrent.ThreadPoolExecutor$Worker.run(ThreadPoolExecutor.java:624)
	at java.lang.Thread.run(Thread.java:750)
Caused by: java.net.UnknownHostException: petstore.swagger.iov2
	at java.net.AbstractPlainSocketImpl.connect(AbstractPlainSocketImpl.java:196)
	at java.net.PlainSocketImpl.connect(PlainSocketImpl.java:162)
	at java.net.SocksSocketImpl.connect(SocksSocketImpl.java:394)
	at java.net.Socket.connect(Socket.java:606)
	at sun.security.ssl.SSLSocketImpl.connect(SSLSocketImpl.java:298)
	at sun.security.ssl.BaseSSLSocketImpl.connect(BaseSSLSocketImpl.java:173)
	at sun.net.NetworkClient.doConnect(NetworkClient.java:180)
	at sun.net.www.http.HttpClient.openServer(HttpClient.java:463)
	at sun.net.www.http.HttpClient.openServer(HttpClient.java:558)
	at sun.net.www.protocol.https.HttpsClient.&lt;init&gt;(HttpsClient.java:292)
	at sun.net.www.protocol.https.HttpsClient.New(HttpsClient.java:395)
	at sun.net.www.protocol.https.AbstractDelegateHttpsURLConnection.getNewHttpClient(AbstractDelegateHttpsURLConnection.java:203)
	at sun.net.www.protocol.http.HttpURLConnection.plainConnect0(HttpURLConnection.java:1167)
	at sun.net.www.protocol.http.HttpURLConnection.plainConnect(HttpURLConnection.java:1061)
	at sun.net.www.protocol.https.AbstractDelegateHttpsURLConnection.connect(AbstractDelegateHttpsURLConnection.java:189)
	at sun.net.www.protocol.https.HttpsURLConnectionImpl.connect(HttpsURLConnectionImpl.java:167)
	at org.springframework.http.client.SimpleBufferingClientHttpRequest.executeInternal(SimpleBufferingClientHttpRequest.java:76)
	at org.springframework.http.client.AbstractBufferingClientHttpRequest.executeInternal(AbstractBufferingClientHttpRequest.java:48)
	at org.springframework.http.client.AbstractClientHttpRequest.execute(AbstractClientHttpRequest.java:53)
	at org.springframework.web.client.RestTemplate.doExecute(RestTemplate.java:735)
	... 16 more
... Removed 10 stack frames</div></td></tr></table><p class="totop"><a href="#summary">back to summary</a></p><h3 id="m22">com.petStore.test.nonfuctional.GetUserByNameNonFucntional#test_getUserForNonExistentUserNameWithSqlInjection</h3><table class="result"><tr><th>Exception</th></tr><tr><td><div class="stacktrace">java.lang.AssertionError: Processing should fail with Error Code 400 as Payload rather than processing giving 404 not found search result as we had sql injection in query paramaters : expected [400] but found [404]
	at com.petStore.test.nonfuctional.GetUserByNameNonFucntional.test_getUserForNonExistentUserNameWithSqlInjection(GetUserByNameNonFucntional.java:95)
	at java.util.concurrent.ThreadPoolExecutor.runWorker(ThreadPoolExecutor.java:1149)
	at java.util.concurrent.ThreadPoolExecutor$Worker.run(ThreadPoolExecutor.java:624)
	at java.lang.Thread.run(Thread.java:750)
... Removed 14 stack frames</div></td></tr></table><p class="totop"><a href="#summary">back to summary</a></p><h3 id="m23">com.petStore.test.nonfuctional.UpdatePetStatusNonFunctional#test_updateNonExistencePet</h3><table class="result"><tr><th>Exception</th></tr><tr><td><div class="stacktrace">java.lang.AssertionError: Processing should fail with Error Code 404 as Payload has an non existent object : expected [404] but found [200]
	at com.petStore.test.nonfuctional.UpdatePetStatusNonFunctional.test_updateNonExistencePet(UpdatePetStatusNonFunctional.java:107)
	at java.util.concurrent.ThreadPoolExecutor.runWorker(ThreadPoolExecutor.java:1149)
	at java.util.concurrent.ThreadPoolExecutor$Worker.run(ThreadPoolExecutor.java:624)
	at java.lang.Thread.run(Thread.java:750)
... Removed 14 stack frames</div></td></tr></table><p class="totop"><a href="#summary">back to summary</a></p><h3 id="m24">com.petStore.test.nonfuctional.UpdateUserNonFunctional#test_updateUserWithNonExistingUserName</h3><table class="result"><tr><th>Exception</th></tr><tr><td><div class="stacktrace">java.lang.AssertionError: Processing should fail with 404 instead of success as we are trying to update nonexistent object  : expected [404] but found [200]
	at com.petStore.test.nonfuctional.UpdateUserNonFunctional.test_updateUserWithNonExistingUserName(UpdateUserNonFunctional.java:82)
	at java.util.concurrent.ThreadPoolExecutor.runWorker(ThreadPoolExecutor.java:1149)
	at java.util.concurrent.ThreadPoolExecutor$Worker.run(ThreadPoolExecutor.java:624)
	at java.lang.Thread.run(Thread.java:750)
... Removed 14 stack frames</div></td></tr></table><p class="totop"><a href="#summary">back to summary</a></p><h3 id="m25">com.petStore.test.fuctional.CreatePetFunctionalTest#test_creatPetWithInvalidPetIdPattern</h3><table class="result"></table><p class="totop"><a href="#summary">back to summary</a></p><h3 id="m26">com.petStore.test.fuctional.CreatePetFunctionalTest#test_creatPetWithValidFields</h3><table class="result"></table><p class="totop"><a href="#summary">back to summary</a></p><h3 id="m27">com.petStore.test.fuctional.CreateUserWithArrayFunctionalTest#test_addMultipleUser</h3><table class="result"></table><p class="totop"><a href="#summary">back to summary</a></p><h3 id="m28">com.petStore.test.fuctional.CreateUserWithArrayFunctionalTest#test_addOneUser</h3><table class="result"></table><p class="totop"><a href="#summary">back to summary</a></p><h3 id="m29">com.petStore.test.fuctional.GetPetBasedOnStatusFuctionalTest#test_getPetsBasedOnFieldStatusAvailable</h3><table class="result"></table><p class="totop"><a href="#summary">back to summary</a></p><h3 id="m30">com.petStore.test.fuctional.GetPetBasedOnStatusFuctionalTest#test_getPetsBasedOnFieldStatusPending</h3><table class="result"></table><p class="totop"><a href="#summary">back to summary</a></p><h3 id="m31">com.petStore.test.fuctional.GetPetBasedOnStatusFuctionalTest#test_getPetsBasedOnFieldStatusSold</h3><table class="result"></table><p class="totop"><a href="#summary">back to summary</a></p><h3 id="m32">com.petStore.test.fuctional.GetUserByNameFunctionalTest#test_getUserByUpdatedName</h3><table class="result"></table><p class="totop"><a href="#summary">back to summary</a></p><h3 id="m33">com.petStore.test.fuctional.UpdatePetFunctionalTest#test_updatePetWithValidFields</h3><table class="result"></table><p class="totop"><a href="#summary">back to summary</a></p><h3 id="m34">com.petStore.test.fuctional.UpdateUserFunctionalTest#test_updateUsewithValidValues</h3><table class="result"></table><p class="totop"><a href="#summary">back to summary</a></p><h3 id="m35">com.petStore.test.nonfuctional.GetUserByNameNonFucntional#test_getUserForNonExistentUserName</h3><table class="result"></table><p class="totop"><a href="#summary">back to summary</a></p></body></html>