<!DOCTYPE html>

<html>
  <head>
  <title>TestNG reports</title>

    <link type="text/css" href="testng-reports.css" rel="stylesheet" />  
    <script type="text/javascript" src="jquery-1.7.1.min.js"></script>
    <script type="text/javascript" src="testng-reports.js"></script>
    <script type="text/javascript" src="https://www.google.com/jsapi"></script>
    <script type='text/javascript'>
      google.load('visualization', '1', {packages:['table']});
      google.setOnLoadCallback(drawTable);
      var suiteTableInitFunctions = new Array();
      var suiteTableData = new Array();
    </script>
    <!--
      <script type="text/javascript" src="jquery-ui/js/jquery-ui-1.8.16.custom.min.js"></script>
     -->
  </head>

  <body>
    <div class="top-banner-root">
      <span class="top-banner-title-font">Test results</span>
      <br/>
      <span class="top-banner-font-1">1 suite, 25 failed tests</span>
    </div> <!-- top-banner-root -->
    <div class="navigator-root">
      <div class="navigator-suite-header">
        <span>All suites</span>
        <a href="#" class="collapse-all-link" title="Collapse/expand all the suites">
          <img class="collapse-all-icon" src="collapseall.gif">
          </img> <!-- collapse-all-icon -->
        </a> <!-- collapse-all-link -->
      </div> <!-- navigator-suite-header -->
      <div class="suite">
        <div class="rounded-window">
          <div class="suite-header light-rounded-window-top">
            <a href="#" class="navigator-link" panel-name="suite-PetStoreSuite">
              <span class="suite-name border-failed">PetStoreSuite</span>
            </a> <!-- navigator-link -->
          </div> <!-- suite-header light-rounded-window-top -->
          <div class="navigator-suite-content">
            <div class="suite-section-title">
              <span>Info</span>
            </div> <!-- suite-section-title -->
            <div class="suite-section-content">
              <ul>
                <li>
                  <a href="#" class="navigator-link " panel-name="test-xml-PetStoreSuite">
                    <span>D:\mindtickleIntvWS\PetStoreUpdated\src\test\resources\petStoreSuite.xml</span>
                  </a> <!-- navigator-link  -->
                </li>
                <li>
                  <a href="#" class="navigator-link " panel-name="testlist-PetStoreSuite">
                    <span class="test-stats">1 test</span>
                  </a> <!-- navigator-link  -->
                </li>
                <li>
                  <a href="#" class="navigator-link " panel-name="group-PetStoreSuite">
                    <span>0 groups</span>
                  </a> <!-- navigator-link  -->
                </li>
                <li>
                  <a href="#" class="navigator-link " panel-name="times-PetStoreSuite">
                    <span>Times</span>
                  </a> <!-- navigator-link  -->
                </li>
                <li>
                  <a href="#" class="navigator-link " panel-name="reporter-PetStoreSuite">
                    <span>Reporter output</span>
                  </a> <!-- navigator-link  -->
                </li>
                <li>
                  <a href="#" class="navigator-link " panel-name="ignored-methods-PetStoreSuite">
                    <span>Ignored methods</span>
                  </a> <!-- navigator-link  -->
                </li>
                <li>
                  <a href="#" class="navigator-link " panel-name="chronological-PetStoreSuite">
                    <span>Chronological view</span>
                  </a> <!-- navigator-link  -->
                </li>
              </ul>
            </div> <!-- suite-section-content -->
            <div class="result-section">
              <div class="suite-section-title">
                <span>Results</span>
              </div> <!-- suite-section-title -->
              <div class="suite-section-content">
                <ul>
                  <li>
                    <span class="method-stats">36 methods, 25 failed,   11 passed</span>
                  </li>
                  <li>
                    <span class="method-list-title failed">Failed methods</span>
                    <span class="show-or-hide-methods failed">
                      <a href="#" panel-name="suite-PetStoreSuite" class="hide-methods failed suite-PetStoreSuite"> (hide)</a> <!-- hide-methods failed suite-PetStoreSuite -->
                      <a href="#" panel-name="suite-PetStoreSuite" class="show-methods failed suite-PetStoreSuite"> (show)</a> <!-- show-methods failed suite-PetStoreSuite -->
                    </span>
                    <div class="method-list-content failed suite-PetStoreSuite">
                      <span>
                        <img width="3%" src="failed.png"/>
                        <a href="#" class="method navigator-link" panel-name="suite-PetStoreSuite" title="com.petStore.test.fuctional.CreateUserWithArrayFunctionalTest" hash-for-method="test_AddUserWithLongFieldValues">test_AddUserWithLongFieldValues</a> <!-- method navigator-link -->
                      </span>
                      <br/>
                      <span>
                        <img width="3%" src="failed.png"/>
                        <a href="#" class="method navigator-link" panel-name="suite-PetStoreSuite" title="com.petStore.test.fuctional.CreateUserWithArrayFunctionalTest" hash-for-method="test_BulkUserCreation">test_BulkUserCreation</a> <!-- method navigator-link -->
                      </span>
                      <br/>
                      <span>
                        <img width="3%" src="failed.png"/>
                        <a href="#" class="method navigator-link" panel-name="suite-PetStoreSuite" title="com.petStore.test.fuctional.CreateUserWithArrayFunctionalTest" hash-for-method="test_addSingleUserWithInValidEmailPattern">test_addSingleUserWithInValidEmailPattern</a> <!-- method navigator-link -->
                      </span>
                      <br/>
                      <span>
                        <img width="3%" src="failed.png"/>
                        <a href="#" class="method navigator-link" panel-name="suite-PetStoreSuite" title="com.petStore.test.fuctional.CreateUserWithArrayFunctionalTest" hash-for-method="test_addSingleUserWithInvalidPhoneNo">test_addSingleUserWithInvalidPhoneNo</a> <!-- method navigator-link -->
                      </span>
                      <br/>
                      <span>
                        <img width="3%" src="failed.png"/>
                        <a href="#" class="method navigator-link" panel-name="suite-PetStoreSuite" title="com.petStore.test.fuctional.CreateUserWithArrayFunctionalTest" hash-for-method="test_addSingleUserWithinvalidId">test_addSingleUserWithinvalidId</a> <!-- method navigator-link -->
                      </span>
                      <br/>
                      <span>
                        <img width="3%" src="failed.png"/>
                        <a href="#" class="method navigator-link" panel-name="suite-PetStoreSuite" title="com.petStore.test.fuctional.CreateUserWithArrayFunctionalTest" hash-for-method="test_addSinglleuserWihtInvalidUserStatus">test_addSinglleuserWihtInvalidUserStatus</a> <!-- method navigator-link -->
                      </span>
                      <br/>
                      <span>
                        <img width="3%" src="failed.png"/>
                        <a href="#" class="method navigator-link" panel-name="suite-PetStoreSuite" title="com.petStore.test.nonfuctional.CreatePetNonFunctional" hash-for-method="test_creatPetWithImproperJsonFormat">test_creatPetWithImproperJsonFormat</a> <!-- method navigator-link -->
                      </span>
                      <br/>
                      <span>
                        <img width="3%" src="failed.png"/>
                        <a href="#" class="method navigator-link" panel-name="suite-PetStoreSuite" title="com.petStore.test.fuctional.CreatePetFunctionalTest" hash-for-method="test_creatPetWithInValidPhotoUrls">test_creatPetWithInValidPhotoUrls</a> <!-- method navigator-link -->
                      </span>
                      <br/>
                      <span>
                        <img width="3%" src="failed.png"/>
                        <a href="#" class="method navigator-link" panel-name="suite-PetStoreSuite" title="com.petStore.test.fuctional.CreatePetFunctionalTest" hash-for-method="test_creatPetWithInValidStatus">test_creatPetWithInValidStatus</a> <!-- method navigator-link -->
                      </span>
                      <br/>
                      <span>
                        <img width="3%" src="failed.png"/>
                        <a href="#" class="method navigator-link" panel-name="suite-PetStoreSuite" title="com.petStore.test.fuctional.CreatePetFunctionalTest" hash-for-method="test_creatPetWithLongFieldNames">test_creatPetWithLongFieldNames</a> <!-- method navigator-link -->
                      </span>
                      <br/>
                      <span>
                        <img width="3%" src="failed.png"/>
                        <a href="#" class="method navigator-link" panel-name="suite-PetStoreSuite" title="com.petStore.test.nonfuctional.CreatePetNonFunctional" hash-for-method="test_creatPetWithNonExixtentFieldNameandValue">test_creatPetWithNonExixtentFieldNameandValue</a> <!-- method navigator-link -->
                      </span>
                      <br/>
                      <span>
                        <img width="3%" src="failed.png"/>
                        <a href="#" class="method navigator-link" panel-name="suite-PetStoreSuite" title="com.petStore.test.nonfuctional.CreateUserWithArrayNonFunctinal" hash-for-method="test_createSingleUserWithInvalidPayloadFormat">test_createSingleUserWithInvalidPayloadFormat</a> <!-- method navigator-link -->
                      </span>
                      <br/>
                      <span>
                        <img width="3%" src="failed.png"/>
                        <a href="#" class="method navigator-link" panel-name="suite-PetStoreSuite" title="com.petStore.test.nonfuctional.CreateUserWithArrayNonFunctinal" hash-for-method="test_createSingleUserWithMoreThanMaxIdSuported">test_createSingleUserWithMoreThanMaxIdSuported</a> <!-- method navigator-link -->
                      </span>
                      <br/>
                      <span>
                        <img width="3%" src="failed.png"/>
                        <a href="#" class="method navigator-link" panel-name="suite-PetStoreSuite" title="com.petStore.test.nonfuctional.GetPetBasedOnStatusNonFunctional" hash-for-method="test_getPetsBasedOnFieldStatusAvailableWithsqlInjection">test_getPetsBasedOnFieldStatusAvailableWithsqlInjection</a> <!-- method navigator-link -->
                      </span>
                      <br/>
                      <span>
                        <img width="3%" src="failed.png"/>
                        <a href="#" class="method navigator-link" panel-name="suite-PetStoreSuite" title="com.petStore.test.nonfuctional.GetUserByNameNonFucntional" hash-for-method="test_getUserForNonExistentUserNameWithSqlInjection">test_getUserForNonExistentUserNameWithSqlInjection</a> <!-- method navigator-link -->
                      </span>
                      <br/>
                      <span>
                        <img width="3%" src="failed.png"/>
                        <a href="#" class="method navigator-link" panel-name="suite-PetStoreSuite" title="com.petStore.test.fuctional.GetUserByNameFunctionalTest" hash-for-method="test_getUserforDuplicateRecords">test_getUserforDuplicateRecords</a> <!-- method navigator-link -->
                      </span>
                      <br/>
                      <span>
                        <img width="3%" src="failed.png"/>
                        <a href="#" class="method navigator-link" panel-name="suite-PetStoreSuite" title="com.petStore.test.nonfuctional.UpdatePetStatusNonFunctional" hash-for-method="test_updateNonExistencePet">test_updateNonExistencePet</a> <!-- method navigator-link -->
                      </span>
                      <br/>
                      <span>
                        <img width="3%" src="failed.png"/>
                        <a href="#" class="method navigator-link" panel-name="suite-PetStoreSuite" title="com.petStore.test.fuctional.UpdatePetFunctionalTest" hash-for-method="test_updatePetWithInValidStatus">test_updatePetWithInValidStatus</a> <!-- method navigator-link -->
                      </span>
                      <br/>
                      <span>
                        <img width="3%" src="failed.png"/>
                        <a href="#" class="method navigator-link" panel-name="suite-PetStoreSuite" title="com.petStore.test.fuctional.UpdatePetFunctionalTest" hash-for-method="test_updatePetWithInvalidIdsPattern">test_updatePetWithInvalidIdsPattern</a> <!-- method navigator-link -->
                      </span>
                      <br/>
                      <span>
                        <img width="3%" src="failed.png"/>
                        <a href="#" class="method navigator-link" panel-name="suite-PetStoreSuite" title="com.petStore.test.fuctional.UpdatePetFunctionalTest" hash-for-method="test_updatePetWithLongFieldNames">test_updatePetWithLongFieldNames</a> <!-- method navigator-link -->
                      </span>
                      <br/>
                      <span>
                        <img width="3%" src="failed.png"/>
                        <a href="#" class="method navigator-link" panel-name="suite-PetStoreSuite" title="com.petStore.test.fuctional.UpdateUserFunctionalTest" hash-for-method="test_updateUseWithinvalidUserStatus">test_updateUseWithinvalidUserStatus</a> <!-- method navigator-link -->
                      </span>
                      <br/>
                      <span>
                        <img width="3%" src="failed.png"/>
                        <a href="#" class="method navigator-link" panel-name="suite-PetStoreSuite" title="com.petStore.test.fuctional.UpdateUserFunctionalTest" hash-for-method="test_updateUserWithLongfieldNames">test_updateUserWithLongfieldNames</a> <!-- method navigator-link -->
                      </span>
                      <br/>
                      <span>
                        <img width="3%" src="failed.png"/>
                        <a href="#" class="method navigator-link" panel-name="suite-PetStoreSuite" title="com.petStore.test.nonfuctional.UpdateUserNonFunctional" hash-for-method="test_updateUserWithNonExistingUserName">test_updateUserWithNonExistingUserName</a> <!-- method navigator-link -->
                      </span>
                      <br/>
                      <span>
                        <img width="3%" src="failed.png"/>
                        <a href="#" class="method navigator-link" panel-name="suite-PetStoreSuite" title="com.petStore.test.fuctional.UpdateUserFunctionalTest" hash-for-method="test_updateUserWithinvalidEmailPattern">test_updateUserWithinvalidEmailPattern</a> <!-- method navigator-link -->
                      </span>
                      <br/>
                      <span>
                        <img width="3%" src="failed.png"/>
                        <a href="#" class="method navigator-link" panel-name="suite-PetStoreSuite" title="com.petStore.test.fuctional.UpdateUserFunctionalTest" hash-for-method="test_updateUserWithinvalidPhonePattern">test_updateUserWithinvalidPhonePattern</a> <!-- method navigator-link -->
                      </span>
                      <br/>
                    </div> <!-- method-list-content failed suite-PetStoreSuite -->
                  </li>
                  <li>
                    <span class="method-list-title passed">Passed methods</span>
                    <span class="show-or-hide-methods passed">
                      <a href="#" panel-name="suite-PetStoreSuite" class="hide-methods passed suite-PetStoreSuite"> (hide)</a> <!-- hide-methods passed suite-PetStoreSuite -->
                      <a href="#" panel-name="suite-PetStoreSuite" class="show-methods passed suite-PetStoreSuite"> (show)</a> <!-- show-methods passed suite-PetStoreSuite -->
                    </span>
                    <div class="method-list-content passed suite-PetStoreSuite">
                      <span>
                        <img width="3%" src="passed.png"/>
                        <a href="#" class="method navigator-link" panel-name="suite-PetStoreSuite" title="com.petStore.test.fuctional.CreateUserWithArrayFunctionalTest" hash-for-method="test_addMultipleUser">test_addMultipleUser</a> <!-- method navigator-link -->
                      </span>
                      <br/>
                      <span>
                        <img width="3%" src="passed.png"/>
                        <a href="#" class="method navigator-link" panel-name="suite-PetStoreSuite" title="com.petStore.test.fuctional.CreateUserWithArrayFunctionalTest" hash-for-method="test_addOneUser">test_addOneUser</a> <!-- method navigator-link -->
                      </span>
                      <br/>
                      <span>
                        <img width="3%" src="passed.png"/>
                        <a href="#" class="method navigator-link" panel-name="suite-PetStoreSuite" title="com.petStore.test.fuctional.CreatePetFunctionalTest" hash-for-method="test_creatPetWithInvalidPetIdPattern">test_creatPetWithInvalidPetIdPattern</a> <!-- method navigator-link -->
                      </span>
                      <br/>
                      <span>
                        <img width="3%" src="passed.png"/>
                        <a href="#" class="method navigator-link" panel-name="suite-PetStoreSuite" title="com.petStore.test.fuctional.CreatePetFunctionalTest" hash-for-method="test_creatPetWithValidFields">test_creatPetWithValidFields</a> <!-- method navigator-link -->
                      </span>
                      <br/>
                      <span>
                        <img width="3%" src="passed.png"/>
                        <a href="#" class="method navigator-link" panel-name="suite-PetStoreSuite" title="com.petStore.test.fuctional.GetPetBasedOnStatusFuctionalTest" hash-for-method="test_getPetsBasedOnFieldStatusAvailable">test_getPetsBasedOnFieldStatusAvailable</a> <!-- method navigator-link -->
                      </span>
                      <br/>
                      <span>
                        <img width="3%" src="passed.png"/>
                        <a href="#" class="method navigator-link" panel-name="suite-PetStoreSuite" title="com.petStore.test.fuctional.GetPetBasedOnStatusFuctionalTest" hash-for-method="test_getPetsBasedOnFieldStatusPending">test_getPetsBasedOnFieldStatusPending</a> <!-- method navigator-link -->
                      </span>
                      <br/>
                      <span>
                        <img width="3%" src="passed.png"/>
                        <a href="#" class="method navigator-link" panel-name="suite-PetStoreSuite" title="com.petStore.test.fuctional.GetPetBasedOnStatusFuctionalTest" hash-for-method="test_getPetsBasedOnFieldStatusSold">test_getPetsBasedOnFieldStatusSold</a> <!-- method navigator-link -->
                      </span>
                      <br/>
                      <span>
                        <img width="3%" src="passed.png"/>
                        <a href="#" class="method navigator-link" panel-name="suite-PetStoreSuite" title="com.petStore.test.fuctional.GetUserByNameFunctionalTest" hash-for-method="test_getUserByUpdatedName">test_getUserByUpdatedName</a> <!-- method navigator-link -->
                      </span>
                      <br/>
                      <span>
                        <img width="3%" src="passed.png"/>
                        <a href="#" class="method navigator-link" panel-name="suite-PetStoreSuite" title="com.petStore.test.nonfuctional.GetUserByNameNonFucntional" hash-for-method="test_getUserForNonExistentUserName">test_getUserForNonExistentUserName</a> <!-- method navigator-link -->
                      </span>
                      <br/>
                      <span>
                        <img width="3%" src="passed.png"/>
                        <a href="#" class="method navigator-link" panel-name="suite-PetStoreSuite" title="com.petStore.test.fuctional.UpdatePetFunctionalTest" hash-for-method="test_updatePetWithValidFields">test_updatePetWithValidFields</a> <!-- method navigator-link -->
                      </span>
                      <br/>
                      <span>
                        <img width="3%" src="passed.png"/>
                        <a href="#" class="method navigator-link" panel-name="suite-PetStoreSuite" title="com.petStore.test.fuctional.UpdateUserFunctionalTest" hash-for-method="test_updateUsewithValidValues">test_updateUsewithValidValues</a> <!-- method navigator-link -->
                      </span>
                      <br/>
                    </div> <!-- method-list-content passed suite-PetStoreSuite -->
                  </li>
                </ul>
              </div> <!-- suite-section-content -->
            </div> <!-- result-section -->
          </div> <!-- navigator-suite-content -->
        </div> <!-- rounded-window -->
      </div> <!-- suite -->
    </div> <!-- navigator-root -->
    <div class="wrapper">
      <div class="main-panel-root">
        <div panel-name="suite-PetStoreSuite" class="panel PetStoreSuite">
          <div class="suite-PetStoreSuite-class-failed">
            <div class="main-panel-header rounded-window-top">
              <img src="failed.png"/>
              <span class="class-name">com.petStore.test.fuctional.UpdatePetFunctionalTest</span>
            </div> <!-- main-panel-header rounded-window-top -->
            <div class="main-panel-content rounded-window-bottom">
              <div class="method">
                <div class="method-content">
                  <a name="test_updatePetWithInValidStatus">
                  </a> <!-- test_updatePetWithInValidStatus -->
                  <span class="method-name">test_updatePetWithInValidStatus</span>
                  <div class="stack-trace">java.lang.AssertionError: The processing should fail with actual Response Code 400 instead of success as payload has invalid status and is client error:  expected [400] but found [200]
	at com.petStore.test.fuctional.UpdatePetFunctionalTest.test_updatePetWithInValidStatus(UpdatePetFunctionalTest.java:182)
	at java.util.concurrent.ThreadPoolExecutor.runWorker(ThreadPoolExecutor.java:1149)
	at java.util.concurrent.ThreadPoolExecutor$Worker.run(ThreadPoolExecutor.java:624)
	at java.lang.Thread.run(Thread.java:750)
... Removed 14 stack frames
</div> <!-- stack-trace -->
                </div> <!-- method-content -->
              </div> <!-- method -->
              <div class="method">
                <div class="method-content">
                  <a name="test_updatePetWithInvalidIdsPattern">
                  </a> <!-- test_updatePetWithInvalidIdsPattern -->
                  <span class="method-name">test_updatePetWithInvalidIdsPattern</span>
                  <div class="stack-trace">java.lang.AssertionError: The processing  failure  Response Code should be 400 as payload has invalidIds and is client error:  expected [400] but found [500]
	at com.petStore.test.fuctional.UpdatePetFunctionalTest.test_updatePetWithInvalidIdsPattern(UpdatePetFunctionalTest.java:231)
	at java.util.concurrent.ThreadPoolExecutor.runWorker(ThreadPoolExecutor.java:1149)
	at java.util.concurrent.ThreadPoolExecutor$Worker.run(ThreadPoolExecutor.java:624)
	at java.lang.Thread.run(Thread.java:750)
... Removed 14 stack frames
</div> <!-- stack-trace -->
                </div> <!-- method-content -->
              </div> <!-- method -->
              <div class="method">
                <div class="method-content">
                  <a name="test_updatePetWithLongFieldNames">
                  </a> <!-- test_updatePetWithLongFieldNames -->
                  <span class="method-name">test_updatePetWithLongFieldNames</span>
                  <div class="stack-trace">java.lang.AssertionError: Actual Response Code should be 400 as payload has long Field  names and is client error: expected [400] but found [200]
	at com.petStore.test.fuctional.UpdatePetFunctionalTest.test_updatePetWithLongFieldNames(UpdatePetFunctionalTest.java:275)
	at java.util.concurrent.ThreadPoolExecutor.runWorker(ThreadPoolExecutor.java:1149)
	at java.util.concurrent.ThreadPoolExecutor$Worker.run(ThreadPoolExecutor.java:624)
	at java.lang.Thread.run(Thread.java:750)
... Removed 14 stack frames
</div> <!-- stack-trace -->
                </div> <!-- method-content -->
              </div> <!-- method -->
            </div> <!-- main-panel-content rounded-window-bottom -->
          </div> <!-- suite-PetStoreSuite-class-failed -->
          <div class="suite-PetStoreSuite-class-failed">
            <div class="main-panel-header rounded-window-top">
              <img src="failed.png"/>
              <span class="class-name">com.petStore.test.fuctional.GetUserByNameFunctionalTest</span>
            </div> <!-- main-panel-header rounded-window-top -->
            <div class="main-panel-content rounded-window-bottom">
              <div class="method">
                <div class="method-content">
                  <a name="test_getUserforDuplicateRecords">
                  </a> <!-- test_getUserforDuplicateRecords -->
                  <span class="method-name">test_getUserforDuplicateRecords</span>
                  <div class="stack-trace">org.springframework.web.client.HttpClientErrorException$NotFound: 404 Not Found
	at org.springframework.web.client.HttpClientErrorException.create(HttpClientErrorException.java:85)
	at org.springframework.web.client.DefaultResponseErrorHandler.handleError(DefaultResponseErrorHandler.java:122)
	at org.springframework.web.client.DefaultResponseErrorHandler.handleError(DefaultResponseErrorHandler.java:102)
	at org.springframework.web.client.ResponseErrorHandler.handleError(ResponseErrorHandler.java:63)
	at org.springframework.web.client.RestTemplate.handleResponse(RestTemplate.java:778)
	at org.springframework.web.client.RestTemplate.doExecute(RestTemplate.java:736)
	at org.springframework.web.client.RestTemplate.execute(RestTemplate.java:670)
	at org.springframework.web.client.RestTemplate.getForEntity(RestTemplate.java:338)
	at com.petStore.test.fuctional.GetUserByNameFunctionalTest.test_getUserforDuplicateRecords(GetUserByNameFunctionalTest.java:198)
	at java.util.concurrent.ThreadPoolExecutor.runWorker(ThreadPoolExecutor.java:1149)
	at java.util.concurrent.ThreadPoolExecutor$Worker.run(ThreadPoolExecutor.java:624)
	at java.lang.Thread.run(Thread.java:750)
... Removed 10 stack frames
</div> <!-- stack-trace -->
                </div> <!-- method-content -->
              </div> <!-- method -->
            </div> <!-- main-panel-content rounded-window-bottom -->
          </div> <!-- suite-PetStoreSuite-class-failed -->
          <div class="suite-PetStoreSuite-class-failed">
            <div class="main-panel-header rounded-window-top">
              <img src="failed.png"/>
              <span class="class-name">com.petStore.test.nonfuctional.UpdateUserNonFunctional</span>
            </div> <!-- main-panel-header rounded-window-top -->
            <div class="main-panel-content rounded-window-bottom">
              <div class="method">
                <div class="method-content">
                  <a name="test_updateUserWithNonExistingUserName">
                  </a> <!-- test_updateUserWithNonExistingUserName -->
                  <span class="method-name">test_updateUserWithNonExistingUserName</span>
                  <div class="stack-trace">java.lang.AssertionError: Processing should fail with 404 instead of success as we are trying to update nonexistent object  : expected [404] but found [200]
	at com.petStore.test.nonfuctional.UpdateUserNonFunctional.test_updateUserWithNonExistingUserName(UpdateUserNonFunctional.java:82)
	at java.util.concurrent.ThreadPoolExecutor.runWorker(ThreadPoolExecutor.java:1149)
	at java.util.concurrent.ThreadPoolExecutor$Worker.run(ThreadPoolExecutor.java:624)
	at java.lang.Thread.run(Thread.java:750)
... Removed 14 stack frames
</div> <!-- stack-trace -->
                </div> <!-- method-content -->
              </div> <!-- method -->
            </div> <!-- main-panel-content rounded-window-bottom -->
          </div> <!-- suite-PetStoreSuite-class-failed -->
          <div class="suite-PetStoreSuite-class-failed">
            <div class="main-panel-header rounded-window-top">
              <img src="failed.png"/>
              <span class="class-name">com.petStore.test.nonfuctional.CreateUserWithArrayNonFunctinal</span>
            </div> <!-- main-panel-header rounded-window-top -->
            <div class="main-panel-content rounded-window-bottom">
              <div class="method">
                <div class="method-content">
                  <a name="test_createSingleUserWithInvalidPayloadFormat">
                  </a> <!-- test_createSingleUserWithInvalidPayloadFormat -->
                  <span class="method-name">test_createSingleUserWithInvalidPayloadFormat</span>
                  <div class="stack-trace">java.lang.AssertionError: Actual Response Code should be 400 with schema validation error as it has comma after array: expected [400] but found [500]
	at com.petStore.test.nonfuctional.CreateUserWithArrayNonFunctinal.test_createSingleUserWithInvalidPayloadFormat(CreateUserWithArrayNonFunctinal.java:137)
	at java.util.concurrent.ThreadPoolExecutor.runWorker(ThreadPoolExecutor.java:1149)
	at java.util.concurrent.ThreadPoolExecutor$Worker.run(ThreadPoolExecutor.java:624)
	at java.lang.Thread.run(Thread.java:750)
... Removed 14 stack frames
</div> <!-- stack-trace -->
                </div> <!-- method-content -->
              </div> <!-- method -->
              <div class="method">
                <div class="method-content">
                  <a name="test_createSingleUserWithMoreThanMaxIdSuported">
                  </a> <!-- test_createSingleUserWithMoreThanMaxIdSuported -->
                  <span class="method-name">test_createSingleUserWithMoreThanMaxIdSuported</span>
                  <div class="stack-trace">java.lang.AssertionError: Actual Response Code should be 400 as payload has invalid Id more than Integer.Max and is client error: expected [400] but found [500]
	at com.petStore.test.nonfuctional.CreateUserWithArrayNonFunctinal.test_createSingleUserWithMoreThanMaxIdSuported(CreateUserWithArrayNonFunctinal.java:94)
	at java.util.concurrent.ThreadPoolExecutor.runWorker(ThreadPoolExecutor.java:1149)
	at java.util.concurrent.ThreadPoolExecutor$Worker.run(ThreadPoolExecutor.java:624)
	at java.lang.Thread.run(Thread.java:750)
... Removed 14 stack frames
</div> <!-- stack-trace -->
                </div> <!-- method-content -->
              </div> <!-- method -->
            </div> <!-- main-panel-content rounded-window-bottom -->
          </div> <!-- suite-PetStoreSuite-class-failed -->
          <div class="suite-PetStoreSuite-class-failed">
            <div class="main-panel-header rounded-window-top">
              <img src="failed.png"/>
              <span class="class-name">com.petStore.test.fuctional.CreateUserWithArrayFunctionalTest</span>
            </div> <!-- main-panel-header rounded-window-top -->
            <div class="main-panel-content rounded-window-bottom">
              <div class="method">
                <div class="method-content">
                  <a name="test_AddUserWithLongFieldValues">
                  </a> <!-- test_AddUserWithLongFieldValues -->
                  <span class="method-name">test_AddUserWithLongFieldValues</span>
                  <div class="stack-trace">java.lang.AssertionError: Actual Response Code should be 400 instead od success as payload has long field names and is client error: expected [400] but found [200]
	at com.petStore.test.fuctional.CreateUserWithArrayFunctionalTest.test_AddUserWithLongFieldValues(CreateUserWithArrayFunctionalTest.java:158)
	at java.util.concurrent.ThreadPoolExecutor.runWorker(ThreadPoolExecutor.java:1149)
	at java.util.concurrent.ThreadPoolExecutor$Worker.run(ThreadPoolExecutor.java:624)
	at java.lang.Thread.run(Thread.java:750)
... Removed 14 stack frames
</div> <!-- stack-trace -->
                </div> <!-- method-content -->
              </div> <!-- method -->
              <div class="method">
                <div class="method-content">
                  <a name="test_BulkUserCreation">
                  </a> <!-- test_BulkUserCreation -->
                  <span class="method-name">test_BulkUserCreation</span>
                  <div class="stack-trace">java.lang.AssertionError: Actual Response Code should be 413 as payload is too large and is client error : expected [413] but found [500]
	at com.petStore.test.fuctional.CreateUserWithArrayFunctionalTest.test_BulkUserCreation(CreateUserWithArrayFunctionalTest.java:484)
	at java.util.concurrent.ThreadPoolExecutor.runWorker(ThreadPoolExecutor.java:1149)
	at java.util.concurrent.ThreadPoolExecutor$Worker.run(ThreadPoolExecutor.java:624)
	at java.lang.Thread.run(Thread.java:750)
... Removed 14 stack frames
</div> <!-- stack-trace -->
                </div> <!-- method-content -->
              </div> <!-- method -->
              <div class="method">
                <div class="method-content">
                  <a name="test_addSingleUserWithInValidEmailPattern">
                  </a> <!-- test_addSingleUserWithInValidEmailPattern -->
                  <span class="method-name">test_addSingleUserWithInValidEmailPattern</span>
                  <div class="stack-trace">java.lang.AssertionError: Actual Response Code should be 400 as payload has invalid emailpattern and is client error: expected [400] but found [200]
	at com.petStore.test.fuctional.CreateUserWithArrayFunctionalTest.test_addSingleUserWithInValidEmailPattern(CreateUserWithArrayFunctionalTest.java:190)
	at java.util.concurrent.ThreadPoolExecutor.runWorker(ThreadPoolExecutor.java:1149)
	at java.util.concurrent.ThreadPoolExecutor$Worker.run(ThreadPoolExecutor.java:624)
	at java.lang.Thread.run(Thread.java:750)
... Removed 14 stack frames
</div> <!-- stack-trace -->
                </div> <!-- method-content -->
              </div> <!-- method -->
              <div class="method">
                <div class="method-content">
                  <a name="test_addSingleUserWithInvalidPhoneNo">
                  </a> <!-- test_addSingleUserWithInvalidPhoneNo -->
                  <span class="method-name">test_addSingleUserWithInvalidPhoneNo</span>
                  <div class="stack-trace">java.lang.AssertionError: Actual Response Code should be 400 as payload has invalid phone and is client error :  expected [400] but found [200]
	at com.petStore.test.fuctional.CreateUserWithArrayFunctionalTest.test_addSingleUserWithInvalidPhoneNo(CreateUserWithArrayFunctionalTest.java:517)
	at java.util.concurrent.ThreadPoolExecutor.runWorker(ThreadPoolExecutor.java:1149)
	at java.util.concurrent.ThreadPoolExecutor$Worker.run(ThreadPoolExecutor.java:624)
	at java.lang.Thread.run(Thread.java:750)
... Removed 14 stack frames
</div> <!-- stack-trace -->
                </div> <!-- method-content -->
              </div> <!-- method -->
              <div class="method">
                <div class="method-content">
                  <a name="test_addSingleUserWithinvalidId">
                  </a> <!-- test_addSingleUserWithinvalidId -->
                  <span class="method-name">test_addSingleUserWithinvalidId</span>
                  <div class="stack-trace">java.lang.AssertionError: Actual Response Code should be 400 as payload has invalid userId and is client error: expected [400] but found [500]
	at com.petStore.test.fuctional.CreateUserWithArrayFunctionalTest.test_addSingleUserWithinvalidId(CreateUserWithArrayFunctionalTest.java:561)
	at java.util.concurrent.ThreadPoolExecutor.runWorker(ThreadPoolExecutor.java:1149)
	at java.util.concurrent.ThreadPoolExecutor$Worker.run(ThreadPoolExecutor.java:624)
	at java.lang.Thread.run(Thread.java:750)
... Removed 14 stack frames
</div> <!-- stack-trace -->
                </div> <!-- method-content -->
              </div> <!-- method -->
              <div class="method">
                <div class="method-content">
                  <a name="test_addSinglleuserWihtInvalidUserStatus">
                  </a> <!-- test_addSinglleuserWihtInvalidUserStatus -->
                  <span class="method-name">test_addSinglleuserWihtInvalidUserStatus</span>
                  <div class="stack-trace">java.lang.AssertionError: The processing should fail with actual Response Code 400 as payload has invalid userstatus and is client error expected [400] but found [200]
	at com.petStore.test.fuctional.CreateUserWithArrayFunctionalTest.test_addSinglleuserWihtInvalidUserStatus(CreateUserWithArrayFunctionalTest.java:594)
	at java.util.concurrent.ThreadPoolExecutor.runWorker(ThreadPoolExecutor.java:1149)
	at java.util.concurrent.ThreadPoolExecutor$Worker.run(ThreadPoolExecutor.java:624)
	at java.lang.Thread.run(Thread.java:750)
... Removed 14 stack frames
</div> <!-- stack-trace -->
                </div> <!-- method-content -->
              </div> <!-- method -->
            </div> <!-- main-panel-content rounded-window-bottom -->
          </div> <!-- suite-PetStoreSuite-class-failed -->
          <div class="suite-PetStoreSuite-class-failed">
            <div class="main-panel-header rounded-window-top">
              <img src="failed.png"/>
              <span class="class-name">com.petStore.test.fuctional.CreatePetFunctionalTest</span>
            </div> <!-- main-panel-header rounded-window-top -->
            <div class="main-panel-content rounded-window-bottom">
              <div class="method">
                <div class="method-content">
                  <a name="test_creatPetWithInValidPhotoUrls">
                  </a> <!-- test_creatPetWithInValidPhotoUrls -->
                  <span class="method-name">test_creatPetWithInValidPhotoUrls</span>
                  <div class="stack-trace">java.lang.AssertionError: The processing should fail with actual Response Code 400 as payload has invlid photourls and is client error:  expected [400] but found [200]
	at com.petStore.test.fuctional.CreatePetFunctionalTest.test_creatPetWithInValidPhotoUrls(CreatePetFunctionalTest.java:135)
	at java.util.concurrent.ThreadPoolExecutor.runWorker(ThreadPoolExecutor.java:1149)
	at java.util.concurrent.ThreadPoolExecutor$Worker.run(ThreadPoolExecutor.java:624)
	at java.lang.Thread.run(Thread.java:750)
... Removed 14 stack frames
</div> <!-- stack-trace -->
                </div> <!-- method-content -->
              </div> <!-- method -->
              <div class="method">
                <div class="method-content">
                  <a name="test_creatPetWithInValidStatus">
                  </a> <!-- test_creatPetWithInValidStatus -->
                  <span class="method-name">test_creatPetWithInValidStatus</span>
                  <div class="stack-trace">java.lang.AssertionError: The processing should fail with actual Response Code 400 as payload has invlid status enum values and is client error:  expected [400] but found [200]
	at com.petStore.test.fuctional.CreatePetFunctionalTest.test_creatPetWithInValidStatus(CreatePetFunctionalTest.java:269)
	at java.util.concurrent.ThreadPoolExecutor.runWorker(ThreadPoolExecutor.java:1149)
	at java.util.concurrent.ThreadPoolExecutor$Worker.run(ThreadPoolExecutor.java:624)
	at java.lang.Thread.run(Thread.java:750)
... Removed 14 stack frames
</div> <!-- stack-trace -->
                </div> <!-- method-content -->
              </div> <!-- method -->
              <div class="method">
                <div class="method-content">
                  <a name="test_creatPetWithLongFieldNames">
                  </a> <!-- test_creatPetWithLongFieldNames -->
                  <span class="method-name">test_creatPetWithLongFieldNames</span>
                  <div class="stack-trace">java.lang.AssertionError: The processing should fail with actual Response Code 400 as payload has long field values and is client error:  expected [400] but found [200]
	at com.petStore.test.fuctional.CreatePetFunctionalTest.test_creatPetWithLongFieldNames(CreatePetFunctionalTest.java:177)
	at java.util.concurrent.ThreadPoolExecutor.runWorker(ThreadPoolExecutor.java:1149)
	at java.util.concurrent.ThreadPoolExecutor$Worker.run(ThreadPoolExecutor.java:624)
	at java.lang.Thread.run(Thread.java:750)
... Removed 14 stack frames
</div> <!-- stack-trace -->
                </div> <!-- method-content -->
              </div> <!-- method -->
            </div> <!-- main-panel-content rounded-window-bottom -->
          </div> <!-- suite-PetStoreSuite-class-failed -->
          <div class="suite-PetStoreSuite-class-failed">
            <div class="main-panel-header rounded-window-top">
              <img src="failed.png"/>
              <span class="class-name">com.petStore.test.nonfuctional.UpdatePetStatusNonFunctional</span>
            </div> <!-- main-panel-header rounded-window-top -->
            <div class="main-panel-content rounded-window-bottom">
              <div class="method">
                <div class="method-content">
                  <a name="test_updateNonExistencePet">
                  </a> <!-- test_updateNonExistencePet -->
                  <span class="method-name">test_updateNonExistencePet</span>
                  <div class="stack-trace">java.lang.AssertionError: Processing should fail with Error Code 404 as Payload has an non existent object : expected [404] but found [200]
	at com.petStore.test.nonfuctional.UpdatePetStatusNonFunctional.test_updateNonExistencePet(UpdatePetStatusNonFunctional.java:107)
	at java.util.concurrent.ThreadPoolExecutor.runWorker(ThreadPoolExecutor.java:1149)
	at java.util.concurrent.ThreadPoolExecutor$Worker.run(ThreadPoolExecutor.java:624)
	at java.lang.Thread.run(Thread.java:750)
... Removed 14 stack frames
</div> <!-- stack-trace -->
                </div> <!-- method-content -->
              </div> <!-- method -->
            </div> <!-- main-panel-content rounded-window-bottom -->
          </div> <!-- suite-PetStoreSuite-class-failed -->
          <div class="suite-PetStoreSuite-class-failed">
            <div class="main-panel-header rounded-window-top">
              <img src="failed.png"/>
              <span class="class-name">com.petStore.test.fuctional.UpdateUserFunctionalTest</span>
            </div> <!-- main-panel-header rounded-window-top -->
            <div class="main-panel-content rounded-window-bottom">
              <div class="method">
                <div class="method-content">
                  <a name="test_updateUseWithinvalidUserStatus">
                  </a> <!-- test_updateUseWithinvalidUserStatus -->
                  <span class="method-name">test_updateUseWithinvalidUserStatus</span>
                  <div class="stack-trace">java.lang.AssertionError: Actual Response Code should be 400 as payload has invaldUserStatus Pattern and is client error: expected [400] but found [200]
	at com.petStore.test.fuctional.UpdateUserFunctionalTest.test_updateUseWithinvalidUserStatus(UpdateUserFunctionalTest.java:282)
	at java.util.concurrent.ThreadPoolExecutor.runWorker(ThreadPoolExecutor.java:1149)
	at java.util.concurrent.ThreadPoolExecutor$Worker.run(ThreadPoolExecutor.java:624)
	at java.lang.Thread.run(Thread.java:750)
... Removed 14 stack frames
</div> <!-- stack-trace -->
                </div> <!-- method-content -->
              </div> <!-- method -->
              <div class="method">
                <div class="method-content">
                  <a name="test_updateUserWithLongfieldNames">
                  </a> <!-- test_updateUserWithLongfieldNames -->
                  <span class="method-name">test_updateUserWithLongfieldNames</span>
                  <div class="stack-trace">java.lang.AssertionError: Actual Response Code should be 400 as payload has verylong usernameupdate and is client error: expected [400] but found [200]
	at com.petStore.test.fuctional.UpdateUserFunctionalTest.test_updateUserWithLongfieldNames(UpdateUserFunctionalTest.java:180)
	at java.util.concurrent.ThreadPoolExecutor.runWorker(ThreadPoolExecutor.java:1149)
	at java.util.concurrent.ThreadPoolExecutor$Worker.run(ThreadPoolExecutor.java:624)
	at java.lang.Thread.run(Thread.java:750)
... Removed 14 stack frames
</div> <!-- stack-trace -->
                </div> <!-- method-content -->
              </div> <!-- method -->
              <div class="method">
                <div class="method-content">
                  <a name="test_updateUserWithinvalidEmailPattern">
                  </a> <!-- test_updateUserWithinvalidEmailPattern -->
                  <span class="method-name">test_updateUserWithinvalidEmailPattern</span>
                  <div class="stack-trace">java.lang.AssertionError: Actual Response Code should be 400 as payload has invaldemail Pattern and is client error: expected [400] but found [200]
	at com.petStore.test.fuctional.UpdateUserFunctionalTest.test_updateUserWithinvalidEmailPattern(UpdateUserFunctionalTest.java:214)
	at java.util.concurrent.ThreadPoolExecutor.runWorker(ThreadPoolExecutor.java:1149)
	at java.util.concurrent.ThreadPoolExecutor$Worker.run(ThreadPoolExecutor.java:624)
	at java.lang.Thread.run(Thread.java:750)
... Removed 14 stack frames
</div> <!-- stack-trace -->
                </div> <!-- method-content -->
              </div> <!-- method -->
              <div class="method">
                <div class="method-content">
                  <a name="test_updateUserWithinvalidPhonePattern">
                  </a> <!-- test_updateUserWithinvalidPhonePattern -->
                  <span class="method-name">test_updateUserWithinvalidPhonePattern</span>
                  <div class="stack-trace">java.lang.AssertionError: Actual Response Code should be 400 as payload has invaldPhone Pattern and is client error: expected [400] but found [200]
	at com.petStore.test.fuctional.UpdateUserFunctionalTest.test_updateUserWithinvalidPhonePattern(UpdateUserFunctionalTest.java:248)
	at java.util.concurrent.ThreadPoolExecutor.runWorker(ThreadPoolExecutor.java:1149)
	at java.util.concurrent.ThreadPoolExecutor$Worker.run(ThreadPoolExecutor.java:624)
	at java.lang.Thread.run(Thread.java:750)
... Removed 14 stack frames
</div> <!-- stack-trace -->
                </div> <!-- method-content -->
              </div> <!-- method -->
            </div> <!-- main-panel-content rounded-window-bottom -->
          </div> <!-- suite-PetStoreSuite-class-failed -->
          <div class="suite-PetStoreSuite-class-failed">
            <div class="main-panel-header rounded-window-top">
              <img src="failed.png"/>
              <span class="class-name">com.petStore.test.nonfuctional.CreatePetNonFunctional</span>
            </div> <!-- main-panel-header rounded-window-top -->
            <div class="main-panel-content rounded-window-bottom">
              <div class="method">
                <div class="method-content">
                  <a name="test_creatPetWithImproperJsonFormat">
                  </a> <!-- test_creatPetWithImproperJsonFormat -->
                  <span class="method-name">test_creatPetWithImproperJsonFormat</span>
                  <div class="stack-trace">java.lang.AssertionError: Processing should fail with Error Code 400 as Payload has as invalid comma in tag array : expected [400] but found [500]
	at com.petStore.test.nonfuctional.CreatePetNonFunctional.test_creatPetWithImproperJsonFormat(CreatePetNonFunctional.java:141)
	at java.util.concurrent.ThreadPoolExecutor.runWorker(ThreadPoolExecutor.java:1149)
	at java.util.concurrent.ThreadPoolExecutor$Worker.run(ThreadPoolExecutor.java:624)
	at java.lang.Thread.run(Thread.java:750)
... Removed 14 stack frames
</div> <!-- stack-trace -->
                </div> <!-- method-content -->
              </div> <!-- method -->
              <div class="method">
                <div class="method-content">
                  <a name="test_creatPetWithNonExixtentFieldNameandValue">
                  </a> <!-- test_creatPetWithNonExixtentFieldNameandValue -->
                  <span class="method-name">test_creatPetWithNonExixtentFieldNameandValue</span>
                  <div class="stack-trace">java.lang.AssertionError: Processing should fail with Error Code 400 rather than success as invalid field shoudld throw schema validation error : expected [400] but found [200]
	at com.petStore.test.nonfuctional.CreatePetNonFunctional.test_creatPetWithNonExixtentFieldNameandValue(CreatePetNonFunctional.java:94)
	at java.util.concurrent.ThreadPoolExecutor.runWorker(ThreadPoolExecutor.java:1149)
	at java.util.concurrent.ThreadPoolExecutor$Worker.run(ThreadPoolExecutor.java:624)
	at java.lang.Thread.run(Thread.java:750)
... Removed 14 stack frames
</div> <!-- stack-trace -->
                </div> <!-- method-content -->
              </div> <!-- method -->
            </div> <!-- main-panel-content rounded-window-bottom -->
          </div> <!-- suite-PetStoreSuite-class-failed -->
          <div class="suite-PetStoreSuite-class-failed">
            <div class="main-panel-header rounded-window-top">
              <img src="failed.png"/>
              <span class="class-name">com.petStore.test.nonfuctional.GetUserByNameNonFucntional</span>
            </div> <!-- main-panel-header rounded-window-top -->
            <div class="main-panel-content rounded-window-bottom">
              <div class="method">
                <div class="method-content">
                  <a name="test_getUserForNonExistentUserNameWithSqlInjection">
                  </a> <!-- test_getUserForNonExistentUserNameWithSqlInjection -->
                  <span class="method-name">test_getUserForNonExistentUserNameWithSqlInjection</span>
                  <div class="stack-trace">java.lang.AssertionError: Processing should fail with Error Code 400 as Payload rather than processing giving 404 not found search result as we had sql injection in query paramaters : expected [400] but found [404]
	at com.petStore.test.nonfuctional.GetUserByNameNonFucntional.test_getUserForNonExistentUserNameWithSqlInjection(GetUserByNameNonFucntional.java:95)
	at java.util.concurrent.ThreadPoolExecutor.runWorker(ThreadPoolExecutor.java:1149)
	at java.util.concurrent.ThreadPoolExecutor$Worker.run(ThreadPoolExecutor.java:624)
	at java.lang.Thread.run(Thread.java:750)
... Removed 14 stack frames
</div> <!-- stack-trace -->
                </div> <!-- method-content -->
              </div> <!-- method -->
            </div> <!-- main-panel-content rounded-window-bottom -->
          </div> <!-- suite-PetStoreSuite-class-failed -->
          <div class="suite-PetStoreSuite-class-failed">
            <div class="main-panel-header rounded-window-top">
              <img src="failed.png"/>
              <span class="class-name">com.petStore.test.nonfuctional.GetPetBasedOnStatusNonFunctional</span>
            </div> <!-- main-panel-header rounded-window-top -->
            <div class="main-panel-content rounded-window-bottom">
              <div class="method">
                <div class="method-content">
                  <a name="test_getPetsBasedOnFieldStatusAvailableWithsqlInjection">
                  </a> <!-- test_getPetsBasedOnFieldStatusAvailableWithsqlInjection -->
                  <span class="method-name">test_getPetsBasedOnFieldStatusAvailableWithsqlInjection</span>
                  <div class="stack-trace">org.springframework.web.client.ResourceAccessException: I/O error on GET request for &quot;https://petstore.swagger.iov2/pet/findByStatus&quot;: petstore.swagger.iov2; nested exception is java.net.UnknownHostException: petstore.swagger.iov2
	at org.springframework.web.client.RestTemplate.doExecute(RestTemplate.java:744)
	at org.springframework.web.client.RestTemplate.execute(RestTemplate.java:670)
	at org.springframework.web.client.RestTemplate.getForEntity(RestTemplate.java:338)
	at com.petStore.test.nonfuctional.GetPetBasedOnStatusNonFunctional.test_getPetsBasedOnFieldStatusAvailableWithsqlInjection(GetPetBasedOnStatusNonFunctional.java:66)
	at java.util.concurrent.ThreadPoolExecutor.runWorker(ThreadPoolExecutor.java:1149)
	at java.util.concurrent.ThreadPoolExecutor$Worker.run(ThreadPoolExecutor.java:624)
	at java.lang.Thread.run(Thread.java:750)
Caused by: java.net.UnknownHostException: petstore.swagger.iov2
	at java.net.AbstractPlainSocketImpl.connect(AbstractPlainSocketImpl.java:196)
	at java.net.PlainSocketImpl.connect(PlainSocketImpl.java:162)
	at java.net.SocksSocketImpl.connect(SocksSocketImpl.java:394)
	at java.net.Socket.connect(Socket.java:606)
	at sun.security.ssl.SSLSocketImpl.connect(SSLSocketImpl.java:298)
	at sun.security.ssl.BaseSSLSocketImpl.connect(BaseSSLSocketImpl.java:173)
	at sun.net.NetworkClient.doConnect(NetworkClient.java:180)
	at sun.net.www.http.HttpClient.openServer(HttpClient.java:463)
	at sun.net.www.http.HttpClient.openServer(HttpClient.java:558)
	at sun.net.www.protocol.https.HttpsClient.&lt;init&gt;(HttpsClient.java:292)
	at sun.net.www.protocol.https.HttpsClient.New(HttpsClient.java:395)
	at sun.net.www.protocol.https.AbstractDelegateHttpsURLConnection.getNewHttpClient(AbstractDelegateHttpsURLConnection.java:203)
	at sun.net.www.protocol.http.HttpURLConnection.plainConnect0(HttpURLConnection.java:1167)
	at sun.net.www.protocol.http.HttpURLConnection.plainConnect(HttpURLConnection.java:1061)
	at sun.net.www.protocol.https.AbstractDelegateHttpsURLConnection.connect(AbstractDelegateHttpsURLConnection.java:189)
	at sun.net.www.protocol.https.HttpsURLConnectionImpl.connect(HttpsURLConnectionImpl.java:167)
	at org.springframework.http.client.SimpleBufferingClientHttpRequest.executeInternal(SimpleBufferingClientHttpRequest.java:76)
	at org.springframework.http.client.AbstractBufferingClientHttpRequest.executeInternal(AbstractBufferingClientHttpRequest.java:48)
	at org.springframework.http.client.AbstractClientHttpRequest.execute(AbstractClientHttpRequest.java:53)
	at org.springframework.web.client.RestTemplate.doExecute(RestTemplate.java:735)
	... 16 more
... Removed 10 stack frames
</div> <!-- stack-trace -->
                </div> <!-- method-content -->
              </div> <!-- method -->
            </div> <!-- main-panel-content rounded-window-bottom -->
          </div> <!-- suite-PetStoreSuite-class-failed -->
          <div class="suite-PetStoreSuite-class-passed">
            <div class="main-panel-header rounded-window-top">
              <img src="passed.png"/>
              <span class="class-name">com.petStore.test.fuctional.UpdatePetFunctionalTest</span>
            </div> <!-- main-panel-header rounded-window-top -->
            <div class="main-panel-content rounded-window-bottom">
              <div class="method">
                <div class="method-content">
                  <a name="test_updatePetWithValidFields">
                  </a> <!-- test_updatePetWithValidFields -->
                  <span class="method-name">test_updatePetWithValidFields</span>
                </div> <!-- method-content -->
              </div> <!-- method -->
            </div> <!-- main-panel-content rounded-window-bottom -->
          </div> <!-- suite-PetStoreSuite-class-passed -->
          <div class="suite-PetStoreSuite-class-passed">
            <div class="main-panel-header rounded-window-top">
              <img src="passed.png"/>
              <span class="class-name">com.petStore.test.fuctional.GetPetBasedOnStatusFuctionalTest</span>
            </div> <!-- main-panel-header rounded-window-top -->
            <div class="main-panel-content rounded-window-bottom">
              <div class="method">
                <div class="method-content">
                  <a name="test_getPetsBasedOnFieldStatusAvailable">
                  </a> <!-- test_getPetsBasedOnFieldStatusAvailable -->
                  <span class="method-name">test_getPetsBasedOnFieldStatusAvailable</span>
                </div> <!-- method-content -->
              </div> <!-- method -->
              <div class="method">
                <div class="method-content">
                  <a name="test_getPetsBasedOnFieldStatusPending">
                  </a> <!-- test_getPetsBasedOnFieldStatusPending -->
                  <span class="method-name">test_getPetsBasedOnFieldStatusPending</span>
                </div> <!-- method-content -->
              </div> <!-- method -->
              <div class="method">
                <div class="method-content">
                  <a name="test_getPetsBasedOnFieldStatusSold">
                  </a> <!-- test_getPetsBasedOnFieldStatusSold -->
                  <span class="method-name">test_getPetsBasedOnFieldStatusSold</span>
                </div> <!-- method-content -->
              </div> <!-- method -->
            </div> <!-- main-panel-content rounded-window-bottom -->
          </div> <!-- suite-PetStoreSuite-class-passed -->
          <div class="suite-PetStoreSuite-class-passed">
            <div class="main-panel-header rounded-window-top">
              <img src="passed.png"/>
              <span class="class-name">com.petStore.test.fuctional.GetUserByNameFunctionalTest</span>
            </div> <!-- main-panel-header rounded-window-top -->
            <div class="main-panel-content rounded-window-bottom">
              <div class="method">
                <div class="method-content">
                  <a name="test_getUserByUpdatedName">
                  </a> <!-- test_getUserByUpdatedName -->
                  <span class="method-name">test_getUserByUpdatedName</span>
                </div> <!-- method-content -->
              </div> <!-- method -->
            </div> <!-- main-panel-content rounded-window-bottom -->
          </div> <!-- suite-PetStoreSuite-class-passed -->
          <div class="suite-PetStoreSuite-class-passed">
            <div class="main-panel-header rounded-window-top">
              <img src="passed.png"/>
              <span class="class-name">com.petStore.test.fuctional.CreateUserWithArrayFunctionalTest</span>
            </div> <!-- main-panel-header rounded-window-top -->
            <div class="main-panel-content rounded-window-bottom">
              <div class="method">
                <div class="method-content">
                  <a name="test_addMultipleUser">
                  </a> <!-- test_addMultipleUser -->
                  <span class="method-name">test_addMultipleUser</span>
                </div> <!-- method-content -->
              </div> <!-- method -->
              <div class="method">
                <div class="method-content">
                  <a name="test_addOneUser">
                  </a> <!-- test_addOneUser -->
                  <span class="method-name">test_addOneUser</span>
                </div> <!-- method-content -->
              </div> <!-- method -->
            </div> <!-- main-panel-content rounded-window-bottom -->
          </div> <!-- suite-PetStoreSuite-class-passed -->
          <div class="suite-PetStoreSuite-class-passed">
            <div class="main-panel-header rounded-window-top">
              <img src="passed.png"/>
              <span class="class-name">com.petStore.test.fuctional.CreatePetFunctionalTest</span>
            </div> <!-- main-panel-header rounded-window-top -->
            <div class="main-panel-content rounded-window-bottom">
              <div class="method">
                <div class="method-content">
                  <a name="test_creatPetWithInvalidPetIdPattern">
                  </a> <!-- test_creatPetWithInvalidPetIdPattern -->
                  <span class="method-name">test_creatPetWithInvalidPetIdPattern</span>
                </div> <!-- method-content -->
              </div> <!-- method -->
              <div class="method">
                <div class="method-content">
                  <a name="test_creatPetWithValidFields">
                  </a> <!-- test_creatPetWithValidFields -->
                  <span class="method-name">test_creatPetWithValidFields</span>
                </div> <!-- method-content -->
              </div> <!-- method -->
            </div> <!-- main-panel-content rounded-window-bottom -->
          </div> <!-- suite-PetStoreSuite-class-passed -->
          <div class="suite-PetStoreSuite-class-passed">
            <div class="main-panel-header rounded-window-top">
              <img src="passed.png"/>
              <span class="class-name">com.petStore.test.fuctional.UpdateUserFunctionalTest</span>
            </div> <!-- main-panel-header rounded-window-top -->
            <div class="main-panel-content rounded-window-bottom">
              <div class="method">
                <div class="method-content">
                  <a name="test_updateUsewithValidValues">
                  </a> <!-- test_updateUsewithValidValues -->
                  <span class="method-name">test_updateUsewithValidValues</span>
                </div> <!-- method-content -->
              </div> <!-- method -->
            </div> <!-- main-panel-content rounded-window-bottom -->
          </div> <!-- suite-PetStoreSuite-class-passed -->
          <div class="suite-PetStoreSuite-class-passed">
            <div class="main-panel-header rounded-window-top">
              <img src="passed.png"/>
              <span class="class-name">com.petStore.test.nonfuctional.GetUserByNameNonFucntional</span>
            </div> <!-- main-panel-header rounded-window-top -->
            <div class="main-panel-content rounded-window-bottom">
              <div class="method">
                <div class="method-content">
                  <a name="test_getUserForNonExistentUserName">
                  </a> <!-- test_getUserForNonExistentUserName -->
                  <span class="method-name">test_getUserForNonExistentUserName</span>
                </div> <!-- method-content -->
              </div> <!-- method -->
            </div> <!-- main-panel-content rounded-window-bottom -->
          </div> <!-- suite-PetStoreSuite-class-passed -->
        </div> <!-- panel PetStoreSuite -->
        <div panel-name="test-xml-PetStoreSuite" class="panel">
          <div class="main-panel-header rounded-window-top">
            <span class="header-content">D:\mindtickleIntvWS\PetStoreUpdated\src\test\resources\petStoreSuite.xml</span>
          </div> <!-- main-panel-header rounded-window-top -->
          <div class="main-panel-content rounded-window-bottom">
            <pre>
&lt;?xml version=&quot;1.0&quot; encoding=&quot;UTF-8&quot;?&gt;
&lt;!DOCTYPE suite SYSTEM &quot;http://testng.org/testng-1.0.dtd&quot;&gt;
&lt;suite guice-stage=&quot;DEVELOPMENT&quot; verbose=&quot;0&quot; name=&quot;PetStoreSuite&quot; parallel=&quot;none&quot;&gt;
  &lt;test thread-count=&quot;10&quot; name=&quot;PetStoreTest&quot; parallel=&quot;methods&quot;&gt;
    &lt;classes&gt;
      &lt;class name=&quot;com.petStore.test.fuctional.CreatePetFunctionalTest&quot;/&gt;
      &lt;class name=&quot;com.petStore.test.fuctional.CreateUserWithArrayFunctionalTest&quot;/&gt;
      &lt;class name=&quot;com.petStore.test.fuctional.GetPetBasedOnStatusFuctionalTest&quot;/&gt;
      &lt;class name=&quot;com.petStore.test.fuctional.GetUserByNameFunctionalTest&quot;/&gt;
      &lt;class name=&quot;com.petStore.test.fuctional.UpdatePetFunctionalTest&quot;/&gt;
      &lt;class name=&quot;com.petStore.test.fuctional.UpdateUserFunctionalTest&quot;/&gt;
      &lt;class name=&quot;com.petStore.test.nonfuctional.CreatePetNonFunctional&quot;/&gt;
      &lt;class name=&quot;com.petStore.test.nonfuctional.CreateUserWithArrayNonFunctinal&quot;/&gt;
      &lt;class name=&quot;com.petStore.test.nonfuctional.GetPetBasedOnStatusNonFunctional&quot;/&gt;
      &lt;class name=&quot;com.petStore.test.nonfuctional.GetUserByNameNonFucntional&quot;/&gt;
      &lt;class name=&quot;com.petStore.test.nonfuctional.UpdatePetStatusNonFunctional&quot;/&gt;
      &lt;class name=&quot;com.petStore.test.nonfuctional.UpdateUserNonFunctional&quot;/&gt;
    &lt;/classes&gt;
  &lt;/test&gt; &lt;!-- PetStoreTest --&gt;
&lt;/suite&gt; &lt;!-- PetStoreSuite --&gt;
            </pre>
          </div> <!-- main-panel-content rounded-window-bottom -->
        </div> <!-- panel -->
        <div panel-name="testlist-PetStoreSuite" class="panel">
          <div class="main-panel-header rounded-window-top">
            <span class="header-content">Tests for PetStoreSuite</span>
          </div> <!-- main-panel-header rounded-window-top -->
          <div class="main-panel-content rounded-window-bottom">
            <ul>
              <li>
                <span class="test-name">PetStoreTest (12 classes)</span>
              </li>
            </ul>
          </div> <!-- main-panel-content rounded-window-bottom -->
        </div> <!-- panel -->
        <div panel-name="group-PetStoreSuite" class="panel">
          <div class="main-panel-header rounded-window-top">
            <span class="header-content">Groups for PetStoreSuite</span>
          </div> <!-- main-panel-header rounded-window-top -->
          <div class="main-panel-content rounded-window-bottom">
          </div> <!-- main-panel-content rounded-window-bottom -->
        </div> <!-- panel -->
        <div panel-name="times-PetStoreSuite" class="panel">
          <div class="main-panel-header rounded-window-top">
            <span class="header-content">Times for PetStoreSuite</span>
          </div> <!-- main-panel-header rounded-window-top -->
          <div class="main-panel-content rounded-window-bottom">
            <div class="times-div">
              <script type="text/javascript">
suiteTableInitFunctions.push('tableData_PetStoreSuite');
function tableData_PetStoreSuite() {
var data = new google.visualization.DataTable();
data.addColumn('number', 'Number');
data.addColumn('string', 'Method');
data.addColumn('string', 'Class');
data.addColumn('number', 'Time (ms)');
data.addRows(36);
data.setCell(0, 0, 0)
data.setCell(0, 1, 'test_BulkUserCreation')
data.setCell(0, 2, 'com.petStore.test.fuctional.CreateUserWithArrayFunctionalTest')
data.setCell(0, 3, 2008);
data.setCell(1, 0, 1)
data.setCell(1, 1, 'test_creatPetWithInValidStatus')
data.setCell(1, 2, 'com.petStore.test.fuctional.CreatePetFunctionalTest')
data.setCell(1, 3, 1760);
data.setCell(2, 0, 2)
data.setCell(2, 1, 'test_addOneUser')
data.setCell(2, 2, 'com.petStore.test.fuctional.CreateUserWithArrayFunctionalTest')
data.setCell(2, 3, 1753);
data.setCell(3, 0, 3)
data.setCell(3, 1, 'test_getPetsBasedOnFieldStatusAvailable')
data.setCell(3, 2, 'com.petStore.test.fuctional.GetPetBasedOnStatusFuctionalTest')
data.setCell(3, 3, 825);
data.setCell(4, 0, 4)
data.setCell(4, 1, 'test_creatPetWithValidFields')
data.setCell(4, 2, 'com.petStore.test.fuctional.CreatePetFunctionalTest')
data.setCell(4, 3, 808);
data.setCell(5, 0, 5)
data.setCell(5, 1, 'test_creatPetWithLongFieldNames')
data.setCell(5, 2, 'com.petStore.test.fuctional.CreatePetFunctionalTest')
data.setCell(5, 3, 802);
data.setCell(6, 0, 6)
data.setCell(6, 1, 'test_creatPetWithInvalidPetIdPattern')
data.setCell(6, 2, 'com.petStore.test.fuctional.CreatePetFunctionalTest')
data.setCell(6, 3, 796);
data.setCell(7, 0, 7)
data.setCell(7, 1, 'test_addMultipleUser')
data.setCell(7, 2, 'com.petStore.test.fuctional.CreateUserWithArrayFunctionalTest')
data.setCell(7, 3, 766);
data.setCell(8, 0, 8)
data.setCell(8, 1, 'test_creatPetWithInValidPhotoUrls')
data.setCell(8, 2, 'com.petStore.test.fuctional.CreatePetFunctionalTest')
data.setCell(8, 3, 760);
data.setCell(9, 0, 9)
data.setCell(9, 1, 'test_getPetsBasedOnFieldStatusSold')
data.setCell(9, 2, 'com.petStore.test.fuctional.GetPetBasedOnStatusFuctionalTest')
data.setCell(9, 3, 744);
data.setCell(10, 0, 10)
data.setCell(10, 1, 'test_addSingleUserWithInValidEmailPattern')
data.setCell(10, 2, 'com.petStore.test.fuctional.CreateUserWithArrayFunctionalTest')
data.setCell(10, 3, 743);
data.setCell(11, 0, 11)
data.setCell(11, 1, 'test_updateUserWithinvalidEmailPattern')
data.setCell(11, 2, 'com.petStore.test.fuctional.UpdateUserFunctionalTest')
data.setCell(11, 3, 731);
data.setCell(12, 0, 12)
data.setCell(12, 1, 'test_getUserByUpdatedName')
data.setCell(12, 2, 'com.petStore.test.fuctional.GetUserByNameFunctionalTest')
data.setCell(12, 3, 537);
data.setCell(13, 0, 13)
data.setCell(13, 1, 'test_updateNonExistencePet')
data.setCell(13, 2, 'com.petStore.test.nonfuctional.UpdatePetStatusNonFunctional')
data.setCell(13, 3, 494);
data.setCell(14, 0, 14)
data.setCell(14, 1, 'test_updateUsewithValidValues')
data.setCell(14, 2, 'com.petStore.test.fuctional.UpdateUserFunctionalTest')
data.setCell(14, 3, 492);
data.setCell(15, 0, 15)
data.setCell(15, 1, 'test_updatePetWithLongFieldNames')
data.setCell(15, 2, 'com.petStore.test.fuctional.UpdatePetFunctionalTest')
data.setCell(15, 3, 284);
data.setCell(16, 0, 16)
data.setCell(16, 1, 'test_updateUserWithNonExistingUserName')
data.setCell(16, 2, 'com.petStore.test.nonfuctional.UpdateUserNonFunctional')
data.setCell(16, 3, 283);
data.setCell(17, 0, 17)
data.setCell(17, 1, 'test_AddUserWithLongFieldValues')
data.setCell(17, 2, 'com.petStore.test.fuctional.CreateUserWithArrayFunctionalTest')
data.setCell(17, 3, 280);
data.setCell(18, 0, 18)
data.setCell(18, 1, 'test_updateUseWithinvalidUserStatus')
data.setCell(18, 2, 'com.petStore.test.fuctional.UpdateUserFunctionalTest')
data.setCell(18, 3, 276);
data.setCell(19, 0, 19)
data.setCell(19, 1, 'test_updateUserWithinvalidPhonePattern')
data.setCell(19, 2, 'com.petStore.test.fuctional.UpdateUserFunctionalTest')
data.setCell(19, 3, 275);
data.setCell(20, 0, 20)
data.setCell(20, 1, 'test_updateUserWithLongfieldNames')
data.setCell(20, 2, 'com.petStore.test.fuctional.UpdateUserFunctionalTest')
data.setCell(20, 3, 273);
data.setCell(21, 0, 21)
data.setCell(21, 1, 'test_addSingleUserWithinvalidId')
data.setCell(21, 2, 'com.petStore.test.fuctional.CreateUserWithArrayFunctionalTest')
data.setCell(21, 3, 270);
data.setCell(22, 0, 22)
data.setCell(22, 1, 'test_creatPetWithNonExixtentFieldNameandValue')
data.setCell(22, 2, 'com.petStore.test.nonfuctional.CreatePetNonFunctional')
data.setCell(22, 3, 269);
data.setCell(23, 0, 23)
data.setCell(23, 1, 'test_createSingleUserWithInvalidPayloadFormat')
data.setCell(23, 2, 'com.petStore.test.nonfuctional.CreateUserWithArrayNonFunctinal')
data.setCell(23, 3, 267);
data.setCell(24, 0, 24)
data.setCell(24, 1, 'test_getUserForNonExistentUserName')
data.setCell(24, 2, 'com.petStore.test.nonfuctional.GetUserByNameNonFucntional')
data.setCell(24, 3, 266);
data.setCell(25, 0, 25)
data.setCell(25, 1, 'test_addSingleUserWithInvalidPhoneNo')
data.setCell(25, 2, 'com.petStore.test.fuctional.CreateUserWithArrayFunctionalTest')
data.setCell(25, 3, 266);
data.setCell(26, 0, 26)
data.setCell(26, 1, 'test_updatePetWithInValidStatus')
data.setCell(26, 2, 'com.petStore.test.fuctional.UpdatePetFunctionalTest')
data.setCell(26, 3, 266);
data.setCell(27, 0, 27)
data.setCell(27, 1, 'test_getUserforDuplicateRecords')
data.setCell(27, 2, 'com.petStore.test.fuctional.GetUserByNameFunctionalTest')
data.setCell(27, 3, 263);
data.setCell(28, 0, 28)
data.setCell(28, 1, 'test_addSinglleuserWihtInvalidUserStatus')
data.setCell(28, 2, 'com.petStore.test.fuctional.CreateUserWithArrayFunctionalTest')
data.setCell(28, 3, 260);
data.setCell(29, 0, 29)
data.setCell(29, 1, 'test_getPetsBasedOnFieldStatusPending')
data.setCell(29, 2, 'com.petStore.test.fuctional.GetPetBasedOnStatusFuctionalTest')
data.setCell(29, 3, 259);
data.setCell(30, 0, 30)
data.setCell(30, 1, 'test_creatPetWithImproperJsonFormat')
data.setCell(30, 2, 'com.petStore.test.nonfuctional.CreatePetNonFunctional')
data.setCell(30, 3, 258);
data.setCell(31, 0, 31)
data.setCell(31, 1, 'test_updatePetWithValidFields')
data.setCell(31, 2, 'com.petStore.test.fuctional.UpdatePetFunctionalTest')
data.setCell(31, 3, 257);
data.setCell(32, 0, 32)
data.setCell(32, 1, 'test_createSingleUserWithMoreThanMaxIdSuported')
data.setCell(32, 2, 'com.petStore.test.nonfuctional.CreateUserWithArrayNonFunctinal')
data.setCell(32, 3, 257);
data.setCell(33, 0, 33)
data.setCell(33, 1, 'test_getUserForNonExistentUserNameWithSqlInjection')
data.setCell(33, 2, 'com.petStore.test.nonfuctional.GetUserByNameNonFucntional')
data.setCell(33, 3, 246);
data.setCell(34, 0, 34)
data.setCell(34, 1, 'test_updatePetWithInvalidIdsPattern')
data.setCell(34, 2, 'com.petStore.test.fuctional.UpdatePetFunctionalTest')
data.setCell(34, 3, 245);
data.setCell(35, 0, 35)
data.setCell(35, 1, 'test_getPetsBasedOnFieldStatusAvailableWithsqlInjection')
data.setCell(35, 2, 'com.petStore.test.nonfuctional.GetPetBasedOnStatusNonFunctional')
data.setCell(35, 3, 81);
window.suiteTableData['PetStoreSuite']= { tableData: data, tableDiv: 'times-div-PetStoreSuite'}
return data;
}
              </script>
              <span class="suite-total-time">Total running time: 19 seconds</span>
              <div id="times-div-PetStoreSuite">
              </div> <!-- times-div-PetStoreSuite -->
            </div> <!-- times-div -->
          </div> <!-- main-panel-content rounded-window-bottom -->
        </div> <!-- panel -->
        <div panel-name="reporter-PetStoreSuite" class="panel">
          <div class="main-panel-header rounded-window-top">
            <span class="header-content">Reporter output for PetStoreSuite</span>
          </div> <!-- main-panel-header rounded-window-top -->
          <div class="main-panel-content rounded-window-bottom">
          </div> <!-- main-panel-content rounded-window-bottom -->
        </div> <!-- panel -->
        <div panel-name="ignored-methods-PetStoreSuite" class="panel">
          <div class="main-panel-header rounded-window-top">
            <span class="header-content">0 ignored methods</span>
          </div> <!-- main-panel-header rounded-window-top -->
          <div class="main-panel-content rounded-window-bottom">
          </div> <!-- main-panel-content rounded-window-bottom -->
        </div> <!-- panel -->
        <div panel-name="chronological-PetStoreSuite" class="panel">
          <div class="main-panel-header rounded-window-top">
            <span class="header-content">Methods in chronological order</span>
          </div> <!-- main-panel-header rounded-window-top -->
          <div class="main-panel-content rounded-window-bottom">
            <div class="chronological-class">
              <div class="chronological-class-name">com.petStore.test.fuctional.CreatePetFunctionalTest</div> <!-- chronological-class-name -->
              <div class="configuration-suite before">
                <span class="method-name">loadProperties</span>
                <span class="method-start">0 ms</span>
              </div> <!-- configuration-suite before -->
            </div> <!-- chronological-class -->
            <div class="chronological-class">
              <div class="chronological-class-name">com.petStore.test.nonfuctional.CreatePetNonFunctional</div> <!-- chronological-class-name -->
              <div class="configuration-suite before">
                <span class="method-name">loadProperties</span>
                <span class="method-start">758 ms</span>
              </div> <!-- configuration-suite before -->
            </div> <!-- chronological-class -->
            <div class="chronological-class">
              <div class="chronological-class-name">com.petStore.test.fuctional.CreateUserWithArrayFunctionalTest</div> <!-- chronological-class-name -->
              <div class="configuration-suite before">
                <span class="method-name">loadProperties</span>
                <span class="method-start">759 ms</span>
              </div> <!-- configuration-suite before -->
            </div> <!-- chronological-class -->
            <div class="chronological-class">
              <div class="chronological-class-name">com.petStore.test.nonfuctional.CreateUserWithArrayNonFunctinal</div> <!-- chronological-class-name -->
              <div class="configuration-suite before">
                <span class="method-name">loadProperties</span>
                <span class="method-start">759 ms</span>
              </div> <!-- configuration-suite before -->
            </div> <!-- chronological-class -->
            <div class="chronological-class">
              <div class="chronological-class-name">com.petStore.test.fuctional.GetPetBasedOnStatusFuctionalTest</div> <!-- chronological-class-name -->
              <div class="configuration-suite before">
                <span class="method-name">loadProperties</span>
                <span class="method-start">759 ms</span>
              </div> <!-- configuration-suite before -->
            </div> <!-- chronological-class -->
            <div class="chronological-class">
              <div class="chronological-class-name">com.petStore.test.nonfuctional.GetPetBasedOnStatusNonFunctional</div> <!-- chronological-class-name -->
              <div class="configuration-suite before">
                <span class="method-name">loadProperties</span>
                <span class="method-start">760 ms</span>
              </div> <!-- configuration-suite before -->
            </div> <!-- chronological-class -->
            <div class="chronological-class">
              <div class="chronological-class-name">com.petStore.test.fuctional.GetUserByNameFunctionalTest</div> <!-- chronological-class-name -->
              <div class="configuration-suite before">
                <span class="method-name">loadProperties</span>
                <span class="method-start">760 ms</span>
              </div> <!-- configuration-suite before -->
            </div> <!-- chronological-class -->
            <div class="chronological-class">
              <div class="chronological-class-name">com.petStore.test.nonfuctional.GetUserByNameNonFucntional</div> <!-- chronological-class-name -->
              <div class="configuration-suite before">
                <span class="method-name">loadProperties</span>
                <span class="method-start">761 ms</span>
              </div> <!-- configuration-suite before -->
            </div> <!-- chronological-class -->
            <div class="chronological-class">
              <div class="chronological-class-name">com.petStore.test.fuctional.UpdatePetFunctionalTest</div> <!-- chronological-class-name -->
              <div class="configuration-suite before">
                <span class="method-name">loadProperties</span>
                <span class="method-start">762 ms</span>
              </div> <!-- configuration-suite before -->
            </div> <!-- chronological-class -->
            <div class="chronological-class">
              <div class="chronological-class-name">com.petStore.test.nonfuctional.UpdatePetStatusNonFunctional</div> <!-- chronological-class-name -->
              <div class="configuration-suite before">
                <span class="method-name">loadProperties</span>
                <span class="method-start">763 ms</span>
              </div> <!-- configuration-suite before -->
            </div> <!-- chronological-class -->
            <div class="chronological-class">
              <div class="chronological-class-name">com.petStore.test.fuctional.UpdateUserFunctionalTest</div> <!-- chronological-class-name -->
              <div class="configuration-suite before">
                <span class="method-name">loadProperties</span>
                <span class="method-start">763 ms</span>
              </div> <!-- configuration-suite before -->
            </div> <!-- chronological-class -->
            <div class="chronological-class">
              <div class="chronological-class-name">com.petStore.test.nonfuctional.UpdateUserNonFunctional</div> <!-- chronological-class-name -->
              <div class="configuration-suite before">
                <span class="method-name">loadProperties</span>
                <span class="method-start">763 ms</span>
              </div> <!-- configuration-suite before -->
            </div> <!-- chronological-class -->
            <div class="chronological-class">
              <div class="chronological-class-name">com.petStore.test.fuctional.CreatePetFunctionalTest</div> <!-- chronological-class-name -->
              <div class="configuration-test before">
                <span class="method-name">beforeTest</span>
                <span class="method-start">764 ms</span>
              </div> <!-- configuration-test before -->
            </div> <!-- chronological-class -->
            <div class="chronological-class">
              <div class="chronological-class-name">com.petStore.test.nonfuctional.CreatePetNonFunctional</div> <!-- chronological-class-name -->
              <div class="configuration-test before">
                <span class="method-name">beforeTest</span>
                <span class="method-start">814 ms</span>
              </div> <!-- configuration-test before -->
            </div> <!-- chronological-class -->
            <div class="chronological-class">
              <div class="chronological-class-name">com.petStore.test.fuctional.CreateUserWithArrayFunctionalTest</div> <!-- chronological-class-name -->
              <div class="configuration-test before">
                <span class="method-name">beforeTest</span>
                <span class="method-start">816 ms</span>
              </div> <!-- configuration-test before -->
            </div> <!-- chronological-class -->
            <div class="chronological-class">
              <div class="chronological-class-name">com.petStore.test.nonfuctional.CreateUserWithArrayNonFunctinal</div> <!-- chronological-class-name -->
              <div class="configuration-test before">
                <span class="method-name">beforeTest</span>
                <span class="method-start">818 ms</span>
              </div> <!-- configuration-test before -->
            </div> <!-- chronological-class -->
            <div class="chronological-class">
              <div class="chronological-class-name">com.petStore.test.fuctional.GetPetBasedOnStatusFuctionalTest</div> <!-- chronological-class-name -->
              <div class="configuration-test before">
                <span class="method-name">beforeTest</span>
                <span class="method-start">819 ms</span>
              </div> <!-- configuration-test before -->
            </div> <!-- chronological-class -->
            <div class="chronological-class">
              <div class="chronological-class-name">com.petStore.test.nonfuctional.GetPetBasedOnStatusNonFunctional</div> <!-- chronological-class-name -->
              <div class="configuration-test before">
                <span class="method-name">beforeTest</span>
                <span class="method-start">821 ms</span>
              </div> <!-- configuration-test before -->
            </div> <!-- chronological-class -->
            <div class="chronological-class">
              <div class="chronological-class-name">com.petStore.test.fuctional.GetUserByNameFunctionalTest</div> <!-- chronological-class-name -->
              <div class="configuration-test before">
                <span class="method-name">beforeTest</span>
                <span class="method-start">823 ms</span>
              </div> <!-- configuration-test before -->
              <div class="configuration-test before">
                <span class="method-name">createDuplicateUserRecord</span>
                <span class="method-start">825 ms</span>
              </div> <!-- configuration-test before -->
              <div class="configuration-test before">
                <span class="method-name">createUser</span>
                <span class="method-start">2179 ms</span>
              </div> <!-- configuration-test before -->
            </div> <!-- chronological-class -->
            <div class="chronological-class">
              <div class="chronological-class-name">com.petStore.test.nonfuctional.GetUserByNameNonFucntional</div> <!-- chronological-class-name -->
              <div class="configuration-test before">
                <span class="method-name">beforeTest</span>
                <span class="method-start">2443 ms</span>
              </div> <!-- configuration-test before -->
            </div> <!-- chronological-class -->
            <div class="chronological-class">
              <div class="chronological-class-name">com.petStore.test.fuctional.UpdatePetFunctionalTest</div> <!-- chronological-class-name -->
              <div class="configuration-test before">
                <span class="method-name">beforeTest</span>
                <span class="method-start">2476 ms</span>
              </div> <!-- configuration-test before -->
              <div class="configuration-test before">
                <span class="method-name">createPet</span>
                <span class="method-start">2478 ms</span>
              </div> <!-- configuration-test before -->
            </div> <!-- chronological-class -->
            <div class="chronological-class">
              <div class="chronological-class-name">com.petStore.test.nonfuctional.UpdatePetStatusNonFunctional</div> <!-- chronological-class-name -->
              <div class="configuration-test before">
                <span class="method-name">beforeTest</span>
                <span class="method-start">2745 ms</span>
              </div> <!-- configuration-test before -->
            </div> <!-- chronological-class -->
            <div class="chronological-class">
              <div class="chronological-class-name">com.petStore.test.fuctional.UpdateUserFunctionalTest</div> <!-- chronological-class-name -->
              <div class="configuration-test before">
                <span class="method-name">beforeTest</span>
                <span class="method-start">2749 ms</span>
              </div> <!-- configuration-test before -->
            </div> <!-- chronological-class -->
            <div class="chronological-class">
              <div class="chronological-class-name">com.petStore.test.nonfuctional.UpdateUserNonFunctional</div> <!-- chronological-class-name -->
              <div class="configuration-test before">
                <span class="method-name">beforeTest</span>
                <span class="method-start">2752 ms</span>
              </div> <!-- configuration-test before -->
            </div> <!-- chronological-class -->
            <div class="chronological-class">
              <div class="chronological-class-name">com.petStore.test.fuctional.CreatePetFunctionalTest</div> <!-- chronological-class-name -->
              <div class="test-method">
                <span class="method-name">test_creatPetWithValidFields</span>
                <span class="method-start">2767 ms</span>
              </div> <!-- test-method -->
              <div class="test-method">
                <span class="method-name">test_creatPetWithInvalidPetIdPattern</span>
                <span class="method-start">2767 ms</span>
              </div> <!-- test-method -->
            </div> <!-- chronological-class -->
            <div class="chronological-class">
              <div class="chronological-class-name">com.petStore.test.fuctional.CreateUserWithArrayFunctionalTest</div> <!-- chronological-class-name -->
              <div class="test-method">
                <span class="method-name">test_addMultipleUser</span>
                <span class="method-start">2767 ms</span>
              </div> <!-- test-method -->
            </div> <!-- chronological-class -->
            <div class="chronological-class">
              <div class="chronological-class-name">com.petStore.test.fuctional.CreatePetFunctionalTest</div> <!-- chronological-class-name -->
              <div class="test-method">
                <img src="failed.png">
                </img>
                <span class="method-name">test_creatPetWithInValidPhotoUrls</span>
                <span class="method-start">2768 ms</span>
              </div> <!-- test-method -->
              <div class="test-method">
                <img src="failed.png">
                </img>
                <span class="method-name">test_creatPetWithLongFieldNames</span>
                <span class="method-start">2768 ms</span>
              </div> <!-- test-method -->
            </div> <!-- chronological-class -->
            <div class="chronological-class">
              <div class="chronological-class-name">com.petStore.test.fuctional.CreateUserWithArrayFunctionalTest</div> <!-- chronological-class-name -->
              <div class="test-method">
                <img src="failed.png">
                </img>
                <span class="method-name">test_AddUserWithLongFieldValues</span>
                <span class="method-start">2768 ms</span>
              </div> <!-- test-method -->
              <div class="test-method">
                <img src="failed.png">
                </img>
                <span class="method-name">test_addSingleUserWithInValidEmailPattern</span>
                <span class="method-start">2768 ms</span>
              </div> <!-- test-method -->
            </div> <!-- chronological-class -->
            <div class="chronological-class">
              <div class="chronological-class-name">com.petStore.test.fuctional.CreatePetFunctionalTest</div> <!-- chronological-class-name -->
              <div class="test-method">
                <img src="failed.png">
                </img>
                <span class="method-name">test_creatPetWithInValidStatus</span>
                <span class="method-start">2768 ms</span>
              </div> <!-- test-method -->
            </div> <!-- chronological-class -->
            <div class="chronological-class">
              <div class="chronological-class-name">com.petStore.test.fuctional.CreateUserWithArrayFunctionalTest</div> <!-- chronological-class-name -->
              <div class="test-method">
                <span class="method-name">test_addOneUser</span>
                <span class="method-start">2768 ms</span>
              </div> <!-- test-method -->
              <div class="test-method">
                <img src="failed.png">
                </img>
                <span class="method-name">test_BulkUserCreation</span>
                <span class="method-start">2768 ms</span>
              </div> <!-- test-method -->
              <div class="test-method">
                <img src="failed.png">
                </img>
                <span class="method-name">test_addSingleUserWithInvalidPhoneNo</span>
                <span class="method-start">3058 ms</span>
              </div> <!-- test-method -->
              <div class="test-method">
                <img src="failed.png">
                </img>
                <span class="method-name">test_addSingleUserWithinvalidId</span>
                <span class="method-start">3325 ms</span>
              </div> <!-- test-method -->
              <div class="test-method">
                <img src="failed.png">
                </img>
                <span class="method-name">test_addSinglleuserWihtInvalidUserStatus</span>
                <span class="method-start">3513 ms</span>
              </div> <!-- test-method -->
            </div> <!-- chronological-class -->
            <div class="chronological-class">
              <div class="chronological-class-name">com.petStore.test.fuctional.GetPetBasedOnStatusFuctionalTest</div> <!-- chronological-class-name -->
              <div class="configuration-class before">
                <span class="method-name">creatPetWithDifferentStatus</span>
                <span class="method-start">3529 ms</span>
              </div> <!-- configuration-class before -->
            </div> <!-- chronological-class -->
            <div class="chronological-class">
              <div class="chronological-class-name">com.petStore.test.fuctional.GetUserByNameFunctionalTest</div> <!-- chronological-class-name -->
              <div class="test-method">
                <span class="method-name">test_getUserByUpdatedName</span>
                <span class="method-start">3570 ms</span>
              </div> <!-- test-method -->
              <div class="test-method">
                <img src="failed.png">
                </img>
                <span class="method-name">test_getUserforDuplicateRecords</span>
                <span class="method-start">3575 ms</span>
              </div> <!-- test-method -->
            </div> <!-- chronological-class -->
            <div class="chronological-class">
              <div class="chronological-class-name">com.petStore.test.fuctional.UpdatePetFunctionalTest</div> <!-- chronological-class-name -->
              <div class="test-method">
                <img src="failed.png">
                </img>
                <span class="method-name">test_updatePetWithInValidStatus</span>
                <span class="method-start">3596 ms</span>
              </div> <!-- test-method -->
              <div class="test-method">
                <img src="failed.png">
                </img>
                <span class="method-name">test_updatePetWithInvalidIdsPattern</span>
                <span class="method-start">3774 ms</span>
              </div> <!-- test-method -->
              <div class="test-method">
                <img src="failed.png">
                </img>
                <span class="method-name">test_updatePetWithLongFieldNames</span>
                <span class="method-start">3839 ms</span>
              </div> <!-- test-method -->
              <div class="test-method">
                <span class="method-name">test_updatePetWithValidFields</span>
                <span class="method-start">3862 ms</span>
              </div> <!-- test-method -->
            </div> <!-- chronological-class -->
            <div class="chronological-class">
              <div class="chronological-class-name">com.petStore.test.fuctional.UpdateUserFunctionalTest</div> <!-- chronological-class-name -->
              <div class="configuration-class before">
                <span class="method-name">createUser</span>
                <span class="method-start">4020 ms</span>
              </div> <!-- configuration-class before -->
              <div class="test-method">
                <img src="failed.png">
                </img>
                <span class="method-name">test_updateUseWithinvalidUserStatus</span>
                <span class="method-start">4292 ms</span>
              </div> <!-- test-method -->
            </div> <!-- chronological-class -->
            <div class="chronological-class">
              <div class="chronological-class-name">com.petStore.test.fuctional.GetPetBasedOnStatusFuctionalTest</div> <!-- chronological-class-name -->
              <div class="test-method">
                <span class="method-name">test_getPetsBasedOnFieldStatusAvailable</span>
                <span class="method-start">4292 ms</span>
              </div> <!-- test-method -->
            </div> <!-- chronological-class -->
            <div class="chronological-class">
              <div class="chronological-class-name">com.petStore.test.fuctional.UpdateUserFunctionalTest</div> <!-- chronological-class-name -->
              <div class="test-method">
                <img src="failed.png">
                </img>
                <span class="method-name">test_updateUserWithinvalidPhonePattern</span>
                <span class="method-start">4293 ms</span>
              </div> <!-- test-method -->
              <div class="test-method">
                <img src="failed.png">
                </img>
                <span class="method-name">test_updateUserWithLongfieldNames</span>
                <span class="method-start">4296 ms</span>
              </div> <!-- test-method -->
              <div class="test-method">
                <img src="failed.png">
                </img>
                <span class="method-name">test_updateUserWithinvalidEmailPattern</span>
                <span class="method-start">4298 ms</span>
              </div> <!-- test-method -->
            </div> <!-- chronological-class -->
            <div class="chronological-class">
              <div class="chronological-class-name">com.petStore.test.fuctional.GetPetBasedOnStatusFuctionalTest</div> <!-- chronological-class-name -->
              <div class="test-method">
                <span class="method-name">test_getPetsBasedOnFieldStatusPending</span>
                <span class="method-start">4298 ms</span>
              </div> <!-- test-method -->
              <div class="test-method">
                <span class="method-name">test_getPetsBasedOnFieldStatusSold</span>
                <span class="method-start">4300 ms</span>
              </div> <!-- test-method -->
            </div> <!-- chronological-class -->
            <div class="chronological-class">
              <div class="chronological-class-name">com.petStore.test.fuctional.UpdateUserFunctionalTest</div> <!-- chronological-class-name -->
              <div class="test-method">
                <span class="method-name">test_updateUsewithValidValues</span>
                <span class="method-start">4522 ms</span>
              </div> <!-- test-method -->
            </div> <!-- chronological-class -->
            <div class="chronological-class">
              <div class="chronological-class-name">com.petStore.test.nonfuctional.CreatePetNonFunctional</div> <!-- chronological-class-name -->
              <div class="test-method">
                <img src="failed.png">
                </img>
                <span class="method-name">test_creatPetWithImproperJsonFormat</span>
                <span class="method-start">4530 ms</span>
              </div> <!-- test-method -->
              <div class="test-method">
                <img src="failed.png">
                </img>
                <span class="method-name">test_creatPetWithNonExixtentFieldNameandValue</span>
                <span class="method-start">4557 ms</span>
              </div> <!-- test-method -->
            </div> <!-- chronological-class -->
            <div class="chronological-class">
              <div class="chronological-class-name">com.petStore.test.nonfuctional.CreateUserWithArrayNonFunctinal</div> <!-- chronological-class-name -->
              <div class="test-method">
                <img src="failed.png">
                </img>
                <span class="method-name">test_createSingleUserWithInvalidPayloadFormat</span>
                <span class="method-start">4568 ms</span>
              </div> <!-- test-method -->
              <div class="test-method">
                <img src="failed.png">
                </img>
                <span class="method-name">test_createSingleUserWithMoreThanMaxIdSuported</span>
                <span class="method-start">4569 ms</span>
              </div> <!-- test-method -->
            </div> <!-- chronological-class -->
            <div class="chronological-class">
              <div class="chronological-class-name">com.petStore.test.nonfuctional.GetPetBasedOnStatusNonFunctional</div> <!-- chronological-class-name -->
              <div class="test-method">
                <img src="failed.png">
                </img>
                <span class="method-name">test_getPetsBasedOnFieldStatusAvailableWithsqlInjection</span>
                <span class="method-start">4570 ms</span>
              </div> <!-- test-method -->
            </div> <!-- chronological-class -->
            <div class="chronological-class">
              <div class="chronological-class-name">com.petStore.test.nonfuctional.GetUserByNameNonFucntional</div> <!-- chronological-class-name -->
              <div class="test-method">
                <span class="method-name">test_getUserForNonExistentUserName</span>
                <span class="method-start">4652 ms</span>
              </div> <!-- test-method -->
              <div class="test-method">
                <img src="failed.png">
                </img>
                <span class="method-name">test_getUserForNonExistentUserNameWithSqlInjection</span>
                <span class="method-start">4777 ms</span>
              </div> <!-- test-method -->
            </div> <!-- chronological-class -->
            <div class="chronological-class">
              <div class="chronological-class-name">com.petStore.test.nonfuctional.UpdatePetStatusNonFunctional</div> <!-- chronological-class-name -->
              <div class="test-method">
                <img src="failed.png">
                </img>
                <span class="method-name">test_updateNonExistencePet</span>
                <span class="method-start">4789 ms</span>
              </div> <!-- test-method -->
            </div> <!-- chronological-class -->
            <div class="chronological-class">
              <div class="chronological-class-name">com.petStore.test.nonfuctional.UpdateUserNonFunctional</div> <!-- chronological-class-name -->
              <div class="test-method">
                <img src="failed.png">
                </img>
                <span class="method-name">test_updateUserWithNonExistingUserName</span>
                <span class="method-start">4826 ms</span>
              </div> <!-- test-method -->
            </div> <!-- chronological-class -->
            <div class="chronological-class">
              <div class="chronological-class-name">com.petStore.test.fuctional.CreatePetFunctionalTest</div> <!-- chronological-class-name -->
              <div class="configuration-test after">
                <span class="method-name">afterTest</span>
                <span class="method-start">5285 ms</span>
              </div> <!-- configuration-test after -->
            </div> <!-- chronological-class -->
            <div class="chronological-class">
              <div class="chronological-class-name">com.petStore.test.nonfuctional.CreatePetNonFunctional</div> <!-- chronological-class-name -->
              <div class="configuration-test after">
                <span class="method-name">afterTest</span>
                <span class="method-start">5286 ms</span>
              </div> <!-- configuration-test after -->
            </div> <!-- chronological-class -->
            <div class="chronological-class">
              <div class="chronological-class-name">com.petStore.test.fuctional.CreateUserWithArrayFunctionalTest</div> <!-- chronological-class-name -->
              <div class="configuration-test after">
                <span class="method-name">afterTest</span>
                <span class="method-start">5286 ms</span>
              </div> <!-- configuration-test after -->
            </div> <!-- chronological-class -->
            <div class="chronological-class">
              <div class="chronological-class-name">com.petStore.test.nonfuctional.CreateUserWithArrayNonFunctinal</div> <!-- chronological-class-name -->
              <div class="configuration-test after">
                <span class="method-name">afterTest</span>
                <span class="method-start">5287 ms</span>
              </div> <!-- configuration-test after -->
            </div> <!-- chronological-class -->
            <div class="chronological-class">
              <div class="chronological-class-name">com.petStore.test.fuctional.GetPetBasedOnStatusFuctionalTest</div> <!-- chronological-class-name -->
              <div class="configuration-test after">
                <span class="method-name">afterTest</span>
                <span class="method-start">5287 ms</span>
              </div> <!-- configuration-test after -->
            </div> <!-- chronological-class -->
            <div class="chronological-class">
              <div class="chronological-class-name">com.petStore.test.nonfuctional.GetPetBasedOnStatusNonFunctional</div> <!-- chronological-class-name -->
              <div class="configuration-test after">
                <span class="method-name">afterTest</span>
                <span class="method-start">5288 ms</span>
              </div> <!-- configuration-test after -->
            </div> <!-- chronological-class -->
            <div class="chronological-class">
              <div class="chronological-class-name">com.petStore.test.fuctional.GetUserByNameFunctionalTest</div> <!-- chronological-class-name -->
              <div class="configuration-test after">
                <span class="method-name">afterTest</span>
                <span class="method-start">5288 ms</span>
              </div> <!-- configuration-test after -->
            </div> <!-- chronological-class -->
            <div class="chronological-class">
              <div class="chronological-class-name">com.petStore.test.nonfuctional.GetUserByNameNonFucntional</div> <!-- chronological-class-name -->
              <div class="configuration-test after">
                <span class="method-name">afterTest</span>
                <span class="method-start">5289 ms</span>
              </div> <!-- configuration-test after -->
            </div> <!-- chronological-class -->
            <div class="chronological-class">
              <div class="chronological-class-name">com.petStore.test.fuctional.UpdatePetFunctionalTest</div> <!-- chronological-class-name -->
              <div class="configuration-test after">
                <span class="method-name">afterTest</span>
                <span class="method-start">5289 ms</span>
              </div> <!-- configuration-test after -->
            </div> <!-- chronological-class -->
            <div class="chronological-class">
              <div class="chronological-class-name">com.petStore.test.nonfuctional.UpdatePetStatusNonFunctional</div> <!-- chronological-class-name -->
              <div class="configuration-test after">
                <span class="method-name">afterTest</span>
                <span class="method-start">5290 ms</span>
              </div> <!-- configuration-test after -->
            </div> <!-- chronological-class -->
            <div class="chronological-class">
              <div class="chronological-class-name">com.petStore.test.fuctional.UpdateUserFunctionalTest</div> <!-- chronological-class-name -->
              <div class="configuration-test after">
                <span class="method-name">afterTest</span>
                <span class="method-start">5291 ms</span>
              </div> <!-- configuration-test after -->
            </div> <!-- chronological-class -->
            <div class="chronological-class">
              <div class="chronological-class-name">com.petStore.test.nonfuctional.UpdateUserNonFunctional</div> <!-- chronological-class-name -->
              <div class="configuration-test after">
                <span class="method-name">afterTest</span>
                <span class="method-start">5292 ms</span>
              </div> <!-- configuration-test after -->
          </div> <!-- main-panel-content rounded-window-bottom -->
        </div> <!-- panel -->
      </div> <!-- main-panel-root -->
    </div> <!-- wrapper -->
  </body>
</html>
