<?xml version="1.0" encoding="UTF-8"?>
<!-- Generated by org.testng.reporters.JUnitReportReporter -->
<testsuite hostname="DESKTOP-EUDIV0F" name="com.petStore.test.nonfuctional.CreateUserWithArrayNonFunctinal" tests="2" failures="2" timestamp="11 Sep 2022 20:38:23 GMT" time="0.524" errors="0">
  <testcase name="test_createSingleUserWithInvalidPayloadFormat" time="0.267" classname="com.petStore.test.nonfuctional.CreateUserWithArrayNonFunctinal">
    <failure type="java.lang.AssertionError" message="Actual Response Code should be 400 with schema validation error as it has comma after array: expected [400] but found [500]">
      <![CDATA[java.lang.AssertionError: Actual Response Code should be 400 with schema validation error as it has comma after array: expected [400] but found [500]
	at org.testng.Assert.fail(Assert.java:94)
	at org.testng.Assert.failNotEquals(Assert.java:496)
	at org.testng.Assert.assertEquals(Assert.java:125)
	at org.testng.Assert.assertEquals(Assert.java:372)
	at com.petStore.test.nonfuctional.CreateUserWithArrayNonFunctinal.test_createSingleUserWithInvalidPayloadFormat(CreateUserWithArrayNonFunctinal.java:137)
	at sun.reflect.NativeMethodAccessorImpl.invoke0(Native Method)
	at sun.reflect.NativeMethodAccessorImpl.invoke(NativeMethodAccessorImpl.java:62)
	at sun.reflect.DelegatingMethodAccessorImpl.invoke(DelegatingMethodAccessorImpl.java:43)
	at java.lang.reflect.Method.invoke(Method.java:498)
	at org.testng.internal.MethodInvocationHelper.invokeMethod(MethodInvocationHelper.java:85)
	at org.testng.internal.Invoker.invokeMethod(Invoker.java:639)
	at org.testng.internal.Invoker.invokeTestMethod(Invoker.java:816)
	at org.testng.internal.Invoker.invokeTestMethods(Invoker.java:1124)
	at org.testng.internal.TestMethodWorker.invokeTestMethods(TestMethodWorker.java:125)
	at org.testng.internal.TestMethodWorker.run(TestMethodWorker.java:108)
	at java.util.concurrent.ThreadPoolExecutor.runWorker(ThreadPoolExecutor.java:1149)
	at java.util.concurrent.ThreadPoolExecutor$Worker.run(ThreadPoolExecutor.java:624)
	at java.lang.Thread.run(Thread.java:750)
]]>
    </failure>
  </testcase> <!-- test_createSingleUserWithInvalidPayloadFormat -->
  <testcase name="test_createSingleUserWithMoreThanMaxIdSuported" time="0.257" classname="com.petStore.test.nonfuctional.CreateUserWithArrayNonFunctinal">
    <failure type="java.lang.AssertionError" message="Actual Response Code should be 400 as payload has invalid Id more than Integer.Max and is client error: expected [400] but found [500]">
      <![CDATA[java.lang.AssertionError: Actual Response Code should be 400 as payload has invalid Id more than Integer.Max and is client error: expected [400] but found [500]
	at org.testng.Assert.fail(Assert.java:94)
	at org.testng.Assert.failNotEquals(Assert.java:496)
	at org.testng.Assert.assertEquals(Assert.java:125)
	at org.testng.Assert.assertEquals(Assert.java:372)
	at com.petStore.test.nonfuctional.CreateUserWithArrayNonFunctinal.test_createSingleUserWithMoreThanMaxIdSuported(CreateUserWithArrayNonFunctinal.java:94)
	at sun.reflect.NativeMethodAccessorImpl.invoke0(Native Method)
	at sun.reflect.NativeMethodAccessorImpl.invoke(NativeMethodAccessorImpl.java:62)
	at sun.reflect.DelegatingMethodAccessorImpl.invoke(DelegatingMethodAccessorImpl.java:43)
	at java.lang.reflect.Method.invoke(Method.java:498)
	at org.testng.internal.MethodInvocationHelper.invokeMethod(MethodInvocationHelper.java:85)
	at org.testng.internal.Invoker.invokeMethod(Invoker.java:639)
	at org.testng.internal.Invoker.invokeTestMethod(Invoker.java:816)
	at org.testng.internal.Invoker.invokeTestMethods(Invoker.java:1124)
	at org.testng.internal.TestMethodWorker.invokeTestMethods(TestMethodWorker.java:125)
	at org.testng.internal.TestMethodWorker.run(TestMethodWorker.java:108)
	at java.util.concurrent.ThreadPoolExecutor.runWorker(ThreadPoolExecutor.java:1149)
	at java.util.concurrent.ThreadPoolExecutor$Worker.run(ThreadPoolExecutor.java:624)
	at java.lang.Thread.run(Thread.java:750)
]]>
    </failure>
  </testcase> <!-- test_createSingleUserWithMoreThanMaxIdSuported -->
</testsuite> <!-- com.petStore.test.nonfuctional.CreateUserWithArrayNonFunctinal -->
