<html>
<head>
<title>TestNG:  PetStoreTest</title>
<link href="../testng.css" rel="stylesheet" type="text/css" />
<link href="../my-testng.css" rel="stylesheet" type="text/css" />

<style type="text/css">
.log { display: none;} 
.stack-trace { display: none;} 
</style>
<script type="text/javascript">
<!--
function flip(e) {
  current = e.style.display;
  if (current == 'block') {
    e.style.display = 'none';
    return 0;
  }
  else {
    e.style.display = 'block';
    return 1;
  }
}

function toggleBox(szDivId, elem, msg1, msg2)
{
  var res = -1;  if (document.getElementById) {
    res = flip(document.getElementById(szDivId));
  }
  else if (document.all) {
    // this is the way old msie versions work
    res = flip(document.all[szDivId]);
  }
  if(elem) {
    if(res == 0) elem.innerHTML = msg1; else elem.innerHTML = msg2;
  }

}

function toggleAllBoxes() {
  if (document.getElementsByTagName) {
    d = document.getElementsByTagName('div');
    for (i = 0; i < d.length; i++) {
      if (d[i].className == 'log') {
        flip(d[i]);
      }
    }
  }
}

// -->
</script>

</head>
<body>
<h2 align='center'>PetStoreTest</h2><table border='1' align="center">
<tr>
<td>Tests passed/Failed/Skipped:</td><td>11/25/0</td>
</tr><tr>
<td>Started on:</td><td>Mon Sep 12 02:08:18 IST 2022</td>
</tr>
<tr><td>Total time:</td><td>4 seconds (4529 ms)</td>
</tr><tr>
<td>Included groups:</td><td></td>
</tr><tr>
<td>Excluded groups:</td><td></td>
</tr>
</table><p/>
<small><i>(Hover the method name to see the test class name)</i></small><p/>
<table width='100%' border='1' class='invocation-failed'>
<tr><td colspan='4' align='center'><b>FAILED TESTS</b></td></tr>
<tr><td><b>Test method</b></td>
<td width="30%"><b>Exception</b></td>
<td width="10%"><b>Time (seconds)</b></td>
<td><b>Instance</b></td>
</tr>
<tr>
<td title='com.petStore.test.fuctional.CreateUserWithArrayFunctionalTest.test_AddUserWithLongFieldValues()'><b>test_AddUserWithLongFieldValues</b><br>Test class: com.petStore.test.fuctional.CreateUserWithArrayFunctionalTest</td>
<td><div><pre>java.lang.AssertionError: Actual Response Code should be 400 instead od success as payload has long field names and is client error: expected [400] but found [200]
	at com.petStore.test.fuctional.CreateUserWithArrayFunctionalTest.test_AddUserWithLongFieldValues(CreateUserWithArrayFunctionalTest.java:158)
	at java.util.concurrent.ThreadPoolExecutor.runWorker(ThreadPoolExecutor.java:1149)
	at java.util.concurrent.ThreadPoolExecutor$Worker.run(ThreadPoolExecutor.java:624)
	at java.lang.Thread.run(Thread.java:750)
... Removed 14 stack frames</pre></div><a href='#' onClick='toggleBox("stack-trace8963442", this, "Click to show all stack frames", "Click to hide stack frames")'>Click to show all stack frames</a>
<div class='stack-trace' id='stack-trace8963442'><pre>java.lang.AssertionError: Actual Response Code should be 400 instead od success as payload has long field names and is client error: expected [400] but found [200]
	at org.testng.Assert.fail(Assert.java:94)
	at org.testng.Assert.failNotEquals(Assert.java:496)
	at org.testng.Assert.assertEquals(Assert.java:125)
	at org.testng.Assert.assertEquals(Assert.java:372)
	at com.petStore.test.fuctional.CreateUserWithArrayFunctionalTest.test_AddUserWithLongFieldValues(CreateUserWithArrayFunctionalTest.java:158)
	at sun.reflect.NativeMethodAccessorImpl.invoke0(Native Method)
	at sun.reflect.NativeMethodAccessorImpl.invoke(NativeMethodAccessorImpl.java:62)
	at sun.reflect.DelegatingMethodAccessorImpl.invoke(DelegatingMethodAccessorImpl.java:43)
	at java.lang.reflect.Method.invoke(Method.java:498)
	at org.testng.internal.MethodInvocationHelper.invokeMethod(MethodInvocationHelper.java:85)
	at org.testng.internal.Invoker.invokeMethod(Invoker.java:639)
	at org.testng.internal.Invoker.invokeTestMethod(Invoker.java:816)
	at org.testng.internal.Invoker.invokeTestMethods(Invoker.java:1124)
	at org.testng.internal.TestMethodWorker.invokeTestMethods(TestMethodWorker.java:125)
	at org.testng.internal.TestMethodWorker.run(TestMethodWorker.java:108)
	at java.util.concurrent.ThreadPoolExecutor.runWorker(ThreadPoolExecutor.java:1149)
	at java.util.concurrent.ThreadPoolExecutor$Worker.run(ThreadPoolExecutor.java:624)
	at java.lang.Thread.run(Thread.java:750)
</pre></div></td>
<td>0</td>
<td>com.petStore.test.fuctional.CreateUserWithArrayFunctionalTest@3640d5</td></tr>
<tr>
<td title='com.petStore.test.fuctional.CreateUserWithArrayFunctionalTest.test_BulkUserCreation()'><b>test_BulkUserCreation</b><br>Test class: com.petStore.test.fuctional.CreateUserWithArrayFunctionalTest</td>
<td><div><pre>java.lang.AssertionError: Actual Response Code should be 413 as payload is too large and is client error : expected [413] but found [500]
	at com.petStore.test.fuctional.CreateUserWithArrayFunctionalTest.test_BulkUserCreation(CreateUserWithArrayFunctionalTest.java:484)
	at java.util.concurrent.ThreadPoolExecutor.runWorker(ThreadPoolExecutor.java:1149)
	at java.util.concurrent.ThreadPoolExecutor$Worker.run(ThreadPoolExecutor.java:624)
	at java.lang.Thread.run(Thread.java:750)
... Removed 14 stack frames</pre></div><a href='#' onClick='toggleBox("stack-trace9172117", this, "Click to show all stack frames", "Click to hide stack frames")'>Click to show all stack frames</a>
<div class='stack-trace' id='stack-trace9172117'><pre>java.lang.AssertionError: Actual Response Code should be 413 as payload is too large and is client error : expected [413] but found [500]
	at org.testng.Assert.fail(Assert.java:94)
	at org.testng.Assert.failNotEquals(Assert.java:496)
	at org.testng.Assert.assertEquals(Assert.java:125)
	at org.testng.Assert.assertEquals(Assert.java:372)
	at com.petStore.test.fuctional.CreateUserWithArrayFunctionalTest.test_BulkUserCreation(CreateUserWithArrayFunctionalTest.java:484)
	at sun.reflect.NativeMethodAccessorImpl.invoke0(Native Method)
	at sun.reflect.NativeMethodAccessorImpl.invoke(NativeMethodAccessorImpl.java:62)
	at sun.reflect.DelegatingMethodAccessorImpl.invoke(DelegatingMethodAccessorImpl.java:43)
	at java.lang.reflect.Method.invoke(Method.java:498)
	at org.testng.internal.MethodInvocationHelper.invokeMethod(MethodInvocationHelper.java:85)
	at org.testng.internal.Invoker.invokeMethod(Invoker.java:639)
	at org.testng.internal.Invoker.invokeTestMethod(Invoker.java:816)
	at org.testng.internal.Invoker.invokeTestMethods(Invoker.java:1124)
	at org.testng.internal.TestMethodWorker.invokeTestMethods(TestMethodWorker.java:125)
	at org.testng.internal.TestMethodWorker.run(TestMethodWorker.java:108)
	at java.util.concurrent.ThreadPoolExecutor.runWorker(ThreadPoolExecutor.java:1149)
	at java.util.concurrent.ThreadPoolExecutor$Worker.run(ThreadPoolExecutor.java:624)
	at java.lang.Thread.run(Thread.java:750)
</pre></div></td>
<td>2</td>
<td>com.petStore.test.fuctional.CreateUserWithArrayFunctionalTest@3640d5</td></tr>
<tr>
<td title='com.petStore.test.fuctional.CreateUserWithArrayFunctionalTest.test_addSingleUserWithInValidEmailPattern()'><b>test_addSingleUserWithInValidEmailPattern</b><br>Test class: com.petStore.test.fuctional.CreateUserWithArrayFunctionalTest</td>
<td><div><pre>java.lang.AssertionError: Actual Response Code should be 400 as payload has invalid emailpattern and is client error: expected [400] but found [200]
	at com.petStore.test.fuctional.CreateUserWithArrayFunctionalTest.test_addSingleUserWithInValidEmailPattern(CreateUserWithArrayFunctionalTest.java:190)
	at java.util.concurrent.ThreadPoolExecutor.runWorker(ThreadPoolExecutor.java:1149)
	at java.util.concurrent.ThreadPoolExecutor$Worker.run(ThreadPoolExecutor.java:624)
	at java.lang.Thread.run(Thread.java:750)
... Removed 14 stack frames</pre></div><a href='#' onClick='toggleBox("stack-trace28081726", this, "Click to show all stack frames", "Click to hide stack frames")'>Click to show all stack frames</a>
<div class='stack-trace' id='stack-trace28081726'><pre>java.lang.AssertionError: Actual Response Code should be 400 as payload has invalid emailpattern and is client error: expected [400] but found [200]
	at org.testng.Assert.fail(Assert.java:94)
	at org.testng.Assert.failNotEquals(Assert.java:496)
	at org.testng.Assert.assertEquals(Assert.java:125)
	at org.testng.Assert.assertEquals(Assert.java:372)
	at com.petStore.test.fuctional.CreateUserWithArrayFunctionalTest.test_addSingleUserWithInValidEmailPattern(CreateUserWithArrayFunctionalTest.java:190)
	at sun.reflect.NativeMethodAccessorImpl.invoke0(Native Method)
	at sun.reflect.NativeMethodAccessorImpl.invoke(NativeMethodAccessorImpl.java:62)
	at sun.reflect.DelegatingMethodAccessorImpl.invoke(DelegatingMethodAccessorImpl.java:43)
	at java.lang.reflect.Method.invoke(Method.java:498)
	at org.testng.internal.MethodInvocationHelper.invokeMethod(MethodInvocationHelper.java:85)
	at org.testng.internal.Invoker.invokeMethod(Invoker.java:639)
	at org.testng.internal.Invoker.invokeTestMethod(Invoker.java:816)
	at org.testng.internal.Invoker.invokeTestMethods(Invoker.java:1124)
	at org.testng.internal.TestMethodWorker.invokeTestMethods(TestMethodWorker.java:125)
	at org.testng.internal.TestMethodWorker.run(TestMethodWorker.java:108)
	at java.util.concurrent.ThreadPoolExecutor.runWorker(ThreadPoolExecutor.java:1149)
	at java.util.concurrent.ThreadPoolExecutor$Worker.run(ThreadPoolExecutor.java:624)
	at java.lang.Thread.run(Thread.java:750)
</pre></div></td>
<td>0</td>
<td>com.petStore.test.fuctional.CreateUserWithArrayFunctionalTest@3640d5</td></tr>
<tr>
<td title='com.petStore.test.fuctional.CreateUserWithArrayFunctionalTest.test_addSingleUserWithInvalidPhoneNo()'><b>test_addSingleUserWithInvalidPhoneNo</b><br>Test class: com.petStore.test.fuctional.CreateUserWithArrayFunctionalTest</td>
<td><div><pre>java.lang.AssertionError: Actual Response Code should be 400 as payload has invalid phone and is client error :  expected [400] but found [200]
	at com.petStore.test.fuctional.CreateUserWithArrayFunctionalTest.test_addSingleUserWithInvalidPhoneNo(CreateUserWithArrayFunctionalTest.java:517)
	at java.util.concurrent.ThreadPoolExecutor.runWorker(ThreadPoolExecutor.java:1149)
	at java.util.concurrent.ThreadPoolExecutor$Worker.run(ThreadPoolExecutor.java:624)
	at java.lang.Thread.run(Thread.java:750)
... Removed 14 stack frames</pre></div><a href='#' onClick='toggleBox("stack-trace1940606", this, "Click to show all stack frames", "Click to hide stack frames")'>Click to show all stack frames</a>
<div class='stack-trace' id='stack-trace1940606'><pre>java.lang.AssertionError: Actual Response Code should be 400 as payload has invalid phone and is client error :  expected [400] but found [200]
	at org.testng.Assert.fail(Assert.java:94)
	at org.testng.Assert.failNotEquals(Assert.java:496)
	at org.testng.Assert.assertEquals(Assert.java:125)
	at org.testng.Assert.assertEquals(Assert.java:372)
	at com.petStore.test.fuctional.CreateUserWithArrayFunctionalTest.test_addSingleUserWithInvalidPhoneNo(CreateUserWithArrayFunctionalTest.java:517)
	at sun.reflect.NativeMethodAccessorImpl.invoke0(Native Method)
	at sun.reflect.NativeMethodAccessorImpl.invoke(NativeMethodAccessorImpl.java:62)
	at sun.reflect.DelegatingMethodAccessorImpl.invoke(DelegatingMethodAccessorImpl.java:43)
	at java.lang.reflect.Method.invoke(Method.java:498)
	at org.testng.internal.MethodInvocationHelper.invokeMethod(MethodInvocationHelper.java:85)
	at org.testng.internal.Invoker.invokeMethod(Invoker.java:639)
	at org.testng.internal.Invoker.invokeTestMethod(Invoker.java:816)
	at org.testng.internal.Invoker.invokeTestMethods(Invoker.java:1124)
	at org.testng.internal.TestMethodWorker.invokeTestMethods(TestMethodWorker.java:125)
	at org.testng.internal.TestMethodWorker.run(TestMethodWorker.java:108)
	at java.util.concurrent.ThreadPoolExecutor.runWorker(ThreadPoolExecutor.java:1149)
	at java.util.concurrent.ThreadPoolExecutor$Worker.run(ThreadPoolExecutor.java:624)
	at java.lang.Thread.run(Thread.java:750)
</pre></div></td>
<td>0</td>
<td>com.petStore.test.fuctional.CreateUserWithArrayFunctionalTest@3640d5</td></tr>
<tr>
<td title='com.petStore.test.fuctional.CreateUserWithArrayFunctionalTest.test_addSingleUserWithinvalidId()'><b>test_addSingleUserWithinvalidId</b><br>Test class: com.petStore.test.fuctional.CreateUserWithArrayFunctionalTest</td>
<td><div><pre>java.lang.AssertionError: Actual Response Code should be 400 as payload has invalid userId and is client error: expected [400] but found [500]
	at com.petStore.test.fuctional.CreateUserWithArrayFunctionalTest.test_addSingleUserWithinvalidId(CreateUserWithArrayFunctionalTest.java:561)
	at java.util.concurrent.ThreadPoolExecutor.runWorker(ThreadPoolExecutor.java:1149)
	at java.util.concurrent.ThreadPoolExecutor$Worker.run(ThreadPoolExecutor.java:624)
	at java.lang.Thread.run(Thread.java:750)
... Removed 14 stack frames</pre></div><a href='#' onClick='toggleBox("stack-trace24591990", this, "Click to show all stack frames", "Click to hide stack frames")'>Click to show all stack frames</a>
<div class='stack-trace' id='stack-trace24591990'><pre>java.lang.AssertionError: Actual Response Code should be 400 as payload has invalid userId and is client error: expected [400] but found [500]
	at org.testng.Assert.fail(Assert.java:94)
	at org.testng.Assert.failNotEquals(Assert.java:496)
	at org.testng.Assert.assertEquals(Assert.java:125)
	at org.testng.Assert.assertEquals(Assert.java:372)
	at com.petStore.test.fuctional.CreateUserWithArrayFunctionalTest.test_addSingleUserWithinvalidId(CreateUserWithArrayFunctionalTest.java:561)
	at sun.reflect.NativeMethodAccessorImpl.invoke0(Native Method)
	at sun.reflect.NativeMethodAccessorImpl.invoke(NativeMethodAccessorImpl.java:62)
	at sun.reflect.DelegatingMethodAccessorImpl.invoke(DelegatingMethodAccessorImpl.java:43)
	at java.lang.reflect.Method.invoke(Method.java:498)
	at org.testng.internal.MethodInvocationHelper.invokeMethod(MethodInvocationHelper.java:85)
	at org.testng.internal.Invoker.invokeMethod(Invoker.java:639)
	at org.testng.internal.Invoker.invokeTestMethod(Invoker.java:816)
	at org.testng.internal.Invoker.invokeTestMethods(Invoker.java:1124)
	at org.testng.internal.TestMethodWorker.invokeTestMethods(TestMethodWorker.java:125)
	at org.testng.internal.TestMethodWorker.run(TestMethodWorker.java:108)
	at java.util.concurrent.ThreadPoolExecutor.runWorker(ThreadPoolExecutor.java:1149)
	at java.util.concurrent.ThreadPoolExecutor$Worker.run(ThreadPoolExecutor.java:624)
	at java.lang.Thread.run(Thread.java:750)
</pre></div></td>
<td>0</td>
<td>com.petStore.test.fuctional.CreateUserWithArrayFunctionalTest@3640d5</td></tr>
<tr>
<td title='com.petStore.test.fuctional.CreateUserWithArrayFunctionalTest.test_addSinglleuserWihtInvalidUserStatus()'><b>test_addSinglleuserWihtInvalidUserStatus</b><br>Test class: com.petStore.test.fuctional.CreateUserWithArrayFunctionalTest</td>
<td><div><pre>java.lang.AssertionError: The processing should fail with actual Response Code 400 as payload has invalid userstatus and is client error expected [400] but found [200]
	at com.petStore.test.fuctional.CreateUserWithArrayFunctionalTest.test_addSinglleuserWihtInvalidUserStatus(CreateUserWithArrayFunctionalTest.java:594)
	at java.util.concurrent.ThreadPoolExecutor.runWorker(ThreadPoolExecutor.java:1149)
	at java.util.concurrent.ThreadPoolExecutor$Worker.run(ThreadPoolExecutor.java:624)
	at java.lang.Thread.run(Thread.java:750)
... Removed 14 stack frames</pre></div><a href='#' onClick='toggleBox("stack-trace11465071", this, "Click to show all stack frames", "Click to hide stack frames")'>Click to show all stack frames</a>
<div class='stack-trace' id='stack-trace11465071'><pre>java.lang.AssertionError: The processing should fail with actual Response Code 400 as payload has invalid userstatus and is client error expected [400] but found [200]
	at org.testng.Assert.fail(Assert.java:94)
	at org.testng.Assert.failNotEquals(Assert.java:496)
	at org.testng.Assert.assertEquals(Assert.java:125)
	at org.testng.Assert.assertEquals(Assert.java:372)
	at com.petStore.test.fuctional.CreateUserWithArrayFunctionalTest.test_addSinglleuserWihtInvalidUserStatus(CreateUserWithArrayFunctionalTest.java:594)
	at sun.reflect.NativeMethodAccessorImpl.invoke0(Native Method)
	at sun.reflect.NativeMethodAccessorImpl.invoke(NativeMethodAccessorImpl.java:62)
	at sun.reflect.DelegatingMethodAccessorImpl.invoke(DelegatingMethodAccessorImpl.java:43)
	at java.lang.reflect.Method.invoke(Method.java:498)
	at org.testng.internal.MethodInvocationHelper.invokeMethod(MethodInvocationHelper.java:85)
	at org.testng.internal.Invoker.invokeMethod(Invoker.java:639)
	at org.testng.internal.Invoker.invokeTestMethod(Invoker.java:816)
	at org.testng.internal.Invoker.invokeTestMethods(Invoker.java:1124)
	at org.testng.internal.TestMethodWorker.invokeTestMethods(TestMethodWorker.java:125)
	at org.testng.internal.TestMethodWorker.run(TestMethodWorker.java:108)
	at java.util.concurrent.ThreadPoolExecutor.runWorker(ThreadPoolExecutor.java:1149)
	at java.util.concurrent.ThreadPoolExecutor$Worker.run(ThreadPoolExecutor.java:624)
	at java.lang.Thread.run(Thread.java:750)
</pre></div></td>
<td>0</td>
<td>com.petStore.test.fuctional.CreateUserWithArrayFunctionalTest@3640d5</td></tr>
<tr>
<td title='com.petStore.test.nonfuctional.CreatePetNonFunctional.test_creatPetWithImproperJsonFormat()'><b>test_creatPetWithImproperJsonFormat</b><br>Test class: com.petStore.test.nonfuctional.CreatePetNonFunctional</td>
<td><div><pre>java.lang.AssertionError: Processing should fail with Error Code 400 as Payload has as invalid comma in tag array : expected [400] but found [500]
	at com.petStore.test.nonfuctional.CreatePetNonFunctional.test_creatPetWithImproperJsonFormat(CreatePetNonFunctional.java:141)
	at java.util.concurrent.ThreadPoolExecutor.runWorker(ThreadPoolExecutor.java:1149)
	at java.util.concurrent.ThreadPoolExecutor$Worker.run(ThreadPoolExecutor.java:624)
	at java.lang.Thread.run(Thread.java:750)
... Removed 14 stack frames</pre></div><a href='#' onClick='toggleBox("stack-trace15921068", this, "Click to show all stack frames", "Click to hide stack frames")'>Click to show all stack frames</a>
<div class='stack-trace' id='stack-trace15921068'><pre>java.lang.AssertionError: Processing should fail with Error Code 400 as Payload has as invalid comma in tag array : expected [400] but found [500]
	at org.testng.Assert.fail(Assert.java:94)
	at org.testng.Assert.failNotEquals(Assert.java:496)
	at org.testng.Assert.assertEquals(Assert.java:125)
	at org.testng.Assert.assertEquals(Assert.java:372)
	at com.petStore.test.nonfuctional.CreatePetNonFunctional.test_creatPetWithImproperJsonFormat(CreatePetNonFunctional.java:141)
	at sun.reflect.NativeMethodAccessorImpl.invoke0(Native Method)
	at sun.reflect.NativeMethodAccessorImpl.invoke(NativeMethodAccessorImpl.java:62)
	at sun.reflect.DelegatingMethodAccessorImpl.invoke(DelegatingMethodAccessorImpl.java:43)
	at java.lang.reflect.Method.invoke(Method.java:498)
	at org.testng.internal.MethodInvocationHelper.invokeMethod(MethodInvocationHelper.java:85)
	at org.testng.internal.Invoker.invokeMethod(Invoker.java:639)
	at org.testng.internal.Invoker.invokeTestMethod(Invoker.java:816)
	at org.testng.internal.Invoker.invokeTestMethods(Invoker.java:1124)
	at org.testng.internal.TestMethodWorker.invokeTestMethods(TestMethodWorker.java:125)
	at org.testng.internal.TestMethodWorker.run(TestMethodWorker.java:108)
	at java.util.concurrent.ThreadPoolExecutor.runWorker(ThreadPoolExecutor.java:1149)
	at java.util.concurrent.ThreadPoolExecutor$Worker.run(ThreadPoolExecutor.java:624)
	at java.lang.Thread.run(Thread.java:750)
</pre></div></td>
<td>0</td>
<td>com.petStore.test.nonfuctional.CreatePetNonFunctional@12f2cc1</td></tr>
<tr>
<td title='com.petStore.test.fuctional.CreatePetFunctionalTest.test_creatPetWithInValidPhotoUrls()'><b>test_creatPetWithInValidPhotoUrls</b><br>Test class: com.petStore.test.fuctional.CreatePetFunctionalTest</td>
<td><div><pre>java.lang.AssertionError: The processing should fail with actual Response Code 400 as payload has invlid photourls and is client error:  expected [400] but found [200]
	at com.petStore.test.fuctional.CreatePetFunctionalTest.test_creatPetWithInValidPhotoUrls(CreatePetFunctionalTest.java:135)
	at java.util.concurrent.ThreadPoolExecutor.runWorker(ThreadPoolExecutor.java:1149)
	at java.util.concurrent.ThreadPoolExecutor$Worker.run(ThreadPoolExecutor.java:624)
	at java.lang.Thread.run(Thread.java:750)
... Removed 14 stack frames</pre></div><a href='#' onClick='toggleBox("stack-trace10021665", this, "Click to show all stack frames", "Click to hide stack frames")'>Click to show all stack frames</a>
<div class='stack-trace' id='stack-trace10021665'><pre>java.lang.AssertionError: The processing should fail with actual Response Code 400 as payload has invlid photourls and is client error:  expected [400] but found [200]
	at org.testng.Assert.fail(Assert.java:94)
	at org.testng.Assert.failNotEquals(Assert.java:496)
	at org.testng.Assert.assertEquals(Assert.java:125)
	at org.testng.Assert.assertEquals(Assert.java:372)
	at com.petStore.test.fuctional.CreatePetFunctionalTest.test_creatPetWithInValidPhotoUrls(CreatePetFunctionalTest.java:135)
	at sun.reflect.NativeMethodAccessorImpl.invoke0(Native Method)
	at sun.reflect.NativeMethodAccessorImpl.invoke(NativeMethodAccessorImpl.java:62)
	at sun.reflect.DelegatingMethodAccessorImpl.invoke(DelegatingMethodAccessorImpl.java:43)
	at java.lang.reflect.Method.invoke(Method.java:498)
	at org.testng.internal.MethodInvocationHelper.invokeMethod(MethodInvocationHelper.java:85)
	at org.testng.internal.Invoker.invokeMethod(Invoker.java:639)
	at org.testng.internal.Invoker.invokeTestMethod(Invoker.java:816)
	at org.testng.internal.Invoker.invokeTestMethods(Invoker.java:1124)
	at org.testng.internal.TestMethodWorker.invokeTestMethods(TestMethodWorker.java:125)
	at org.testng.internal.TestMethodWorker.run(TestMethodWorker.java:108)
	at java.util.concurrent.ThreadPoolExecutor.runWorker(ThreadPoolExecutor.java:1149)
	at java.util.concurrent.ThreadPoolExecutor$Worker.run(ThreadPoolExecutor.java:624)
	at java.lang.Thread.run(Thread.java:750)
</pre></div></td>
<td>0</td>
<td>com.petStore.test.fuctional.CreatePetFunctionalTest@1507a04</td></tr>
<tr>
<td title='com.petStore.test.fuctional.CreatePetFunctionalTest.test_creatPetWithInValidStatus()'><b>test_creatPetWithInValidStatus</b><br>Test class: com.petStore.test.fuctional.CreatePetFunctionalTest</td>
<td><div><pre>java.lang.AssertionError: The processing should fail with actual Response Code 400 as payload has invlid status enum values and is client error:  expected [400] but found [200]
	at com.petStore.test.fuctional.CreatePetFunctionalTest.test_creatPetWithInValidStatus(CreatePetFunctionalTest.java:269)
	at java.util.concurrent.ThreadPoolExecutor.runWorker(ThreadPoolExecutor.java:1149)
	at java.util.concurrent.ThreadPoolExecutor$Worker.run(ThreadPoolExecutor.java:624)
	at java.lang.Thread.run(Thread.java:750)
... Removed 14 stack frames</pre></div><a href='#' onClick='toggleBox("stack-trace30007376", this, "Click to show all stack frames", "Click to hide stack frames")'>Click to show all stack frames</a>
<div class='stack-trace' id='stack-trace30007376'><pre>java.lang.AssertionError: The processing should fail with actual Response Code 400 as payload has invlid status enum values and is client error:  expected [400] but found [200]
	at org.testng.Assert.fail(Assert.java:94)
	at org.testng.Assert.failNotEquals(Assert.java:496)
	at org.testng.Assert.assertEquals(Assert.java:125)
	at org.testng.Assert.assertEquals(Assert.java:372)
	at com.petStore.test.fuctional.CreatePetFunctionalTest.test_creatPetWithInValidStatus(CreatePetFunctionalTest.java:269)
	at sun.reflect.NativeMethodAccessorImpl.invoke0(Native Method)
	at sun.reflect.NativeMethodAccessorImpl.invoke(NativeMethodAccessorImpl.java:62)
	at sun.reflect.DelegatingMethodAccessorImpl.invoke(DelegatingMethodAccessorImpl.java:43)
	at java.lang.reflect.Method.invoke(Method.java:498)
	at org.testng.internal.MethodInvocationHelper.invokeMethod(MethodInvocationHelper.java:85)
	at org.testng.internal.Invoker.invokeMethod(Invoker.java:639)
	at org.testng.internal.Invoker.invokeTestMethod(Invoker.java:816)
	at org.testng.internal.Invoker.invokeTestMethods(Invoker.java:1124)
	at org.testng.internal.TestMethodWorker.invokeTestMethods(TestMethodWorker.java:125)
	at org.testng.internal.TestMethodWorker.run(TestMethodWorker.java:108)
	at java.util.concurrent.ThreadPoolExecutor.runWorker(ThreadPoolExecutor.java:1149)
	at java.util.concurrent.ThreadPoolExecutor$Worker.run(ThreadPoolExecutor.java:624)
	at java.lang.Thread.run(Thread.java:750)
</pre></div></td>
<td>1</td>
<td>com.petStore.test.fuctional.CreatePetFunctionalTest@1507a04</td></tr>
<tr>
<td title='com.petStore.test.fuctional.CreatePetFunctionalTest.test_creatPetWithLongFieldNames()'><b>test_creatPetWithLongFieldNames</b><br>Test class: com.petStore.test.fuctional.CreatePetFunctionalTest</td>
<td><div><pre>java.lang.AssertionError: The processing should fail with actual Response Code 400 as payload has long field values and is client error:  expected [400] but found [200]
	at com.petStore.test.fuctional.CreatePetFunctionalTest.test_creatPetWithLongFieldNames(CreatePetFunctionalTest.java:177)
	at java.util.concurrent.ThreadPoolExecutor.runWorker(ThreadPoolExecutor.java:1149)
	at java.util.concurrent.ThreadPoolExecutor$Worker.run(ThreadPoolExecutor.java:624)
	at java.lang.Thread.run(Thread.java:750)
... Removed 14 stack frames</pre></div><a href='#' onClick='toggleBox("stack-trace6295981", this, "Click to show all stack frames", "Click to hide stack frames")'>Click to show all stack frames</a>
<div class='stack-trace' id='stack-trace6295981'><pre>java.lang.AssertionError: The processing should fail with actual Response Code 400 as payload has long field values and is client error:  expected [400] but found [200]
	at org.testng.Assert.fail(Assert.java:94)
	at org.testng.Assert.failNotEquals(Assert.java:496)
	at org.testng.Assert.assertEquals(Assert.java:125)
	at org.testng.Assert.assertEquals(Assert.java:372)
	at com.petStore.test.fuctional.CreatePetFunctionalTest.test_creatPetWithLongFieldNames(CreatePetFunctionalTest.java:177)
	at sun.reflect.NativeMethodAccessorImpl.invoke0(Native Method)
	at sun.reflect.NativeMethodAccessorImpl.invoke(NativeMethodAccessorImpl.java:62)
	at sun.reflect.DelegatingMethodAccessorImpl.invoke(DelegatingMethodAccessorImpl.java:43)
	at java.lang.reflect.Method.invoke(Method.java:498)
	at org.testng.internal.MethodInvocationHelper.invokeMethod(MethodInvocationHelper.java:85)
	at org.testng.internal.Invoker.invokeMethod(Invoker.java:639)
	at org.testng.internal.Invoker.invokeTestMethod(Invoker.java:816)
	at org.testng.internal.Invoker.invokeTestMethods(Invoker.java:1124)
	at org.testng.internal.TestMethodWorker.invokeTestMethods(TestMethodWorker.java:125)
	at org.testng.internal.TestMethodWorker.run(TestMethodWorker.java:108)
	at java.util.concurrent.ThreadPoolExecutor.runWorker(ThreadPoolExecutor.java:1149)
	at java.util.concurrent.ThreadPoolExecutor$Worker.run(ThreadPoolExecutor.java:624)
	at java.lang.Thread.run(Thread.java:750)
</pre></div></td>
<td>0</td>
<td>com.petStore.test.fuctional.CreatePetFunctionalTest@1507a04</td></tr>
<tr>
<td title='com.petStore.test.nonfuctional.CreatePetNonFunctional.test_creatPetWithNonExixtentFieldNameandValue()'><b>test_creatPetWithNonExixtentFieldNameandValue</b><br>Test class: com.petStore.test.nonfuctional.CreatePetNonFunctional</td>
<td><div><pre>java.lang.AssertionError: Processing should fail with Error Code 400 rather than success as invalid field shoudld throw schema validation error : expected [400] but found [200]
	at com.petStore.test.nonfuctional.CreatePetNonFunctional.test_creatPetWithNonExixtentFieldNameandValue(CreatePetNonFunctional.java:94)
	at java.util.concurrent.ThreadPoolExecutor.runWorker(ThreadPoolExecutor.java:1149)
	at java.util.concurrent.ThreadPoolExecutor$Worker.run(ThreadPoolExecutor.java:624)
	at java.lang.Thread.run(Thread.java:750)
... Removed 14 stack frames</pre></div><a href='#' onClick='toggleBox("stack-trace19249818", this, "Click to show all stack frames", "Click to hide stack frames")'>Click to show all stack frames</a>
<div class='stack-trace' id='stack-trace19249818'><pre>java.lang.AssertionError: Processing should fail with Error Code 400 rather than success as invalid field shoudld throw schema validation error : expected [400] but found [200]
	at org.testng.Assert.fail(Assert.java:94)
	at org.testng.Assert.failNotEquals(Assert.java:496)
	at org.testng.Assert.assertEquals(Assert.java:125)
	at org.testng.Assert.assertEquals(Assert.java:372)
	at com.petStore.test.nonfuctional.CreatePetNonFunctional.test_creatPetWithNonExixtentFieldNameandValue(CreatePetNonFunctional.java:94)
	at sun.reflect.NativeMethodAccessorImpl.invoke0(Native Method)
	at sun.reflect.NativeMethodAccessorImpl.invoke(NativeMethodAccessorImpl.java:62)
	at sun.reflect.DelegatingMethodAccessorImpl.invoke(DelegatingMethodAccessorImpl.java:43)
	at java.lang.reflect.Method.invoke(Method.java:498)
	at org.testng.internal.MethodInvocationHelper.invokeMethod(MethodInvocationHelper.java:85)
	at org.testng.internal.Invoker.invokeMethod(Invoker.java:639)
	at org.testng.internal.Invoker.invokeTestMethod(Invoker.java:816)
	at org.testng.internal.Invoker.invokeTestMethods(Invoker.java:1124)
	at org.testng.internal.TestMethodWorker.invokeTestMethods(TestMethodWorker.java:125)
	at org.testng.internal.TestMethodWorker.run(TestMethodWorker.java:108)
	at java.util.concurrent.ThreadPoolExecutor.runWorker(ThreadPoolExecutor.java:1149)
	at java.util.concurrent.ThreadPoolExecutor$Worker.run(ThreadPoolExecutor.java:624)
	at java.lang.Thread.run(Thread.java:750)
</pre></div></td>
<td>0</td>
<td>com.petStore.test.nonfuctional.CreatePetNonFunctional@12f2cc1</td></tr>
<tr>
<td title='com.petStore.test.nonfuctional.CreateUserWithArrayNonFunctinal.test_createSingleUserWithInvalidPayloadFormat()'><b>test_createSingleUserWithInvalidPayloadFormat</b><br>Test class: com.petStore.test.nonfuctional.CreateUserWithArrayNonFunctinal</td>
<td><div><pre>java.lang.AssertionError: Actual Response Code should be 400 with schema validation error as it has comma after array: expected [400] but found [500]
	at com.petStore.test.nonfuctional.CreateUserWithArrayNonFunctinal.test_createSingleUserWithInvalidPayloadFormat(CreateUserWithArrayNonFunctinal.java:137)
	at java.util.concurrent.ThreadPoolExecutor.runWorker(ThreadPoolExecutor.java:1149)
	at java.util.concurrent.ThreadPoolExecutor$Worker.run(ThreadPoolExecutor.java:624)
	at java.lang.Thread.run(Thread.java:750)
... Removed 14 stack frames</pre></div><a href='#' onClick='toggleBox("stack-trace1613194", this, "Click to show all stack frames", "Click to hide stack frames")'>Click to show all stack frames</a>
<div class='stack-trace' id='stack-trace1613194'><pre>java.lang.AssertionError: Actual Response Code should be 400 with schema validation error as it has comma after array: expected [400] but found [500]
	at org.testng.Assert.fail(Assert.java:94)
	at org.testng.Assert.failNotEquals(Assert.java:496)
	at org.testng.Assert.assertEquals(Assert.java:125)
	at org.testng.Assert.assertEquals(Assert.java:372)
	at com.petStore.test.nonfuctional.CreateUserWithArrayNonFunctinal.test_createSingleUserWithInvalidPayloadFormat(CreateUserWithArrayNonFunctinal.java:137)
	at sun.reflect.NativeMethodAccessorImpl.invoke0(Native Method)
	at sun.reflect.NativeMethodAccessorImpl.invoke(NativeMethodAccessorImpl.java:62)
	at sun.reflect.DelegatingMethodAccessorImpl.invoke(DelegatingMethodAccessorImpl.java:43)
	at java.lang.reflect.Method.invoke(Method.java:498)
	at org.testng.internal.MethodInvocationHelper.invokeMethod(MethodInvocationHelper.java:85)
	at org.testng.internal.Invoker.invokeMethod(Invoker.java:639)
	at org.testng.internal.Invoker.invokeTestMethod(Invoker.java:816)
	at org.testng.internal.Invoker.invokeTestMethods(Invoker.java:1124)
	at org.testng.internal.TestMethodWorker.invokeTestMethods(TestMethodWorker.java:125)
	at org.testng.internal.TestMethodWorker.run(TestMethodWorker.java:108)
	at java.util.concurrent.ThreadPoolExecutor.runWorker(ThreadPoolExecutor.java:1149)
	at java.util.concurrent.ThreadPoolExecutor$Worker.run(ThreadPoolExecutor.java:624)
	at java.lang.Thread.run(Thread.java:750)
</pre></div></td>
<td>0</td>
<td>com.petStore.test.nonfuctional.CreateUserWithArrayNonFunctinal@79870</td></tr>
<tr>
<td title='com.petStore.test.nonfuctional.CreateUserWithArrayNonFunctinal.test_createSingleUserWithMoreThanMaxIdSuported()'><b>test_createSingleUserWithMoreThanMaxIdSuported</b><br>Test class: com.petStore.test.nonfuctional.CreateUserWithArrayNonFunctinal</td>
<td><div><pre>java.lang.AssertionError: Actual Response Code should be 400 as payload has invalid Id more than Integer.Max and is client error: expected [400] but found [500]
	at com.petStore.test.nonfuctional.CreateUserWithArrayNonFunctinal.test_createSingleUserWithMoreThanMaxIdSuported(CreateUserWithArrayNonFunctinal.java:94)
	at java.util.concurrent.ThreadPoolExecutor.runWorker(ThreadPoolExecutor.java:1149)
	at java.util.concurrent.ThreadPoolExecutor$Worker.run(ThreadPoolExecutor.java:624)
	at java.lang.Thread.run(Thread.java:750)
... Removed 14 stack frames</pre></div><a href='#' onClick='toggleBox("stack-trace7169171", this, "Click to show all stack frames", "Click to hide stack frames")'>Click to show all stack frames</a>
<div class='stack-trace' id='stack-trace7169171'><pre>java.lang.AssertionError: Actual Response Code should be 400 as payload has invalid Id more than Integer.Max and is client error: expected [400] but found [500]
	at org.testng.Assert.fail(Assert.java:94)
	at org.testng.Assert.failNotEquals(Assert.java:496)
	at org.testng.Assert.assertEquals(Assert.java:125)
	at org.testng.Assert.assertEquals(Assert.java:372)
	at com.petStore.test.nonfuctional.CreateUserWithArrayNonFunctinal.test_createSingleUserWithMoreThanMaxIdSuported(CreateUserWithArrayNonFunctinal.java:94)
	at sun.reflect.NativeMethodAccessorImpl.invoke0(Native Method)
	at sun.reflect.NativeMethodAccessorImpl.invoke(NativeMethodAccessorImpl.java:62)
	at sun.reflect.DelegatingMethodAccessorImpl.invoke(DelegatingMethodAccessorImpl.java:43)
	at java.lang.reflect.Method.invoke(Method.java:498)
	at org.testng.internal.MethodInvocationHelper.invokeMethod(MethodInvocationHelper.java:85)
	at org.testng.internal.Invoker.invokeMethod(Invoker.java:639)
	at org.testng.internal.Invoker.invokeTestMethod(Invoker.java:816)
	at org.testng.internal.Invoker.invokeTestMethods(Invoker.java:1124)
	at org.testng.internal.TestMethodWorker.invokeTestMethods(TestMethodWorker.java:125)
	at org.testng.internal.TestMethodWorker.run(TestMethodWorker.java:108)
	at java.util.concurrent.ThreadPoolExecutor.runWorker(ThreadPoolExecutor.java:1149)
	at java.util.concurrent.ThreadPoolExecutor$Worker.run(ThreadPoolExecutor.java:624)
	at java.lang.Thread.run(Thread.java:750)
</pre></div></td>
<td>0</td>
<td>com.petStore.test.nonfuctional.CreateUserWithArrayNonFunctinal@79870</td></tr>
<tr>
<td title='com.petStore.test.nonfuctional.GetPetBasedOnStatusNonFunctional.test_getPetsBasedOnFieldStatusAvailableWithsqlInjection()'><b>test_getPetsBasedOnFieldStatusAvailableWithsqlInjection</b><br>Test class: com.petStore.test.nonfuctional.GetPetBasedOnStatusNonFunctional</td>
<td><div><pre>org.springframework.web.client.ResourceAccessException: I/O error on GET request for &quot;https://petstore.swagger.iov2/pet/findByStatus&quot;: petstore.swagger.iov2; nested exception is java.net.UnknownHostException: petstore.swagger.iov2
	at org.springframework.web.client.RestTemplate.doExecute(RestTemplate.java:744)
	at org.springframework.web.client.RestTemplate.execute(RestTemplate.java:670)
	at org.springframework.web.client.RestTemplate.getForEntity(RestTemplate.java:338)
	at com.petStore.test.nonfuctional.GetPetBasedOnStatusNonFunctional.test_getPetsBasedOnFieldStatusAvailableWithsqlInjection(GetPetBasedOnStatusNonFunctional.java:66)
	at java.util.concurrent.ThreadPoolExecutor.runWorker(ThreadPoolExecutor.java:1149)
	at java.util.concurrent.ThreadPoolExecutor$Worker.run(ThreadPoolExecutor.java:624)
	at java.lang.Thread.run(Thread.java:750)
Caused by: java.net.UnknownHostException: petstore.swagger.iov2
	at java.net.AbstractPlainSocketImpl.connect(AbstractPlainSocketImpl.java:196)
	at java.net.PlainSocketImpl.connect(PlainSocketImpl.java:162)
	at java.net.SocksSocketImpl.connect(SocksSocketImpl.java:394)
	at java.net.Socket.connect(Socket.java:606)
	at sun.security.ssl.SSLSocketImpl.connect(SSLSocketImpl.java:298)
	at sun.security.ssl.BaseSSLSocketImpl.connect(BaseSSLSocketImpl.java:173)
	at sun.net.NetworkClient.doConnect(NetworkClient.java:180)
	at sun.net.www.http.HttpClient.openServer(HttpClient.java:463)
	at sun.net.www.http.HttpClient.openServer(HttpClient.java:558)
	at sun.net.www.protocol.https.HttpsClient.&lt;init&gt;(HttpsClient.java:292)
	at sun.net.www.protocol.https.HttpsClient.New(HttpsClient.java:395)
	at sun.net.www.protocol.https.AbstractDelegateHttpsURLConnection.getNewHttpClient(AbstractDelegateHttpsURLConnection.java:203)
	at sun.net.www.protocol.http.HttpURLConnection.plainConnect0(HttpURLConnection.java:1167)
	at sun.net.www.protocol.http.HttpURLConnection.plainConnect(HttpURLConnection.java:1061)
	at sun.net.www.protocol.https.AbstractDelegateHttpsURLConnection.connect(AbstractDelegateHttpsURLConnection.java:189)
	at sun.net.www.protocol.https.HttpsURLConnectionImpl.connect(HttpsURLConnectionImpl.java:167)
	at org.springframework.http.client.SimpleBufferingClientHttpRequest.executeInternal(SimpleBufferingClientHttpRequest.java:76)
	at org.springframework.http.client.AbstractBufferingClientHttpRequest.executeInternal(AbstractBufferingClientHttpRequest.java:48)
	at org.springframework.http.client.AbstractClientHttpRequest.execute(AbstractClientHttpRequest.java:53)
	at org.springframework.web.client.RestTemplate.doExecute(RestTemplate.java:735)
	... 16 more
... Removed 10 stack frames</pre></div><a href='#' onClick='toggleBox("stack-trace21983790", this, "Click to show all stack frames", "Click to hide stack frames")'>Click to show all stack frames</a>
<div class='stack-trace' id='stack-trace21983790'><pre>org.springframework.web.client.ResourceAccessException: I/O error on GET request for &quot;https://petstore.swagger.iov2/pet/findByStatus&quot;: petstore.swagger.iov2; nested exception is java.net.UnknownHostException: petstore.swagger.iov2
	at org.springframework.web.client.RestTemplate.doExecute(RestTemplate.java:744)
	at org.springframework.web.client.RestTemplate.execute(RestTemplate.java:670)
	at org.springframework.web.client.RestTemplate.getForEntity(RestTemplate.java:338)
	at com.petStore.test.nonfuctional.GetPetBasedOnStatusNonFunctional.test_getPetsBasedOnFieldStatusAvailableWithsqlInjection(GetPetBasedOnStatusNonFunctional.java:66)
	at sun.reflect.NativeMethodAccessorImpl.invoke0(Native Method)
	at sun.reflect.NativeMethodAccessorImpl.invoke(NativeMethodAccessorImpl.java:62)
	at sun.reflect.DelegatingMethodAccessorImpl.invoke(DelegatingMethodAccessorImpl.java:43)
	at java.lang.reflect.Method.invoke(Method.java:498)
	at org.testng.internal.MethodInvocationHelper.invokeMethod(MethodInvocationHelper.java:85)
	at org.testng.internal.Invoker.invokeMethod(Invoker.java:639)
	at org.testng.internal.Invoker.invokeTestMethod(Invoker.java:816)
	at org.testng.internal.Invoker.invokeTestMethods(Invoker.java:1124)
	at org.testng.internal.TestMethodWorker.invokeTestMethods(TestMethodWorker.java:125)
	at org.testng.internal.TestMethodWorker.run(TestMethodWorker.java:108)
	at java.util.concurrent.ThreadPoolExecutor.runWorker(ThreadPoolExecutor.java:1149)
	at java.util.concurrent.ThreadPoolExecutor$Worker.run(ThreadPoolExecutor.java:624)
	at java.lang.Thread.run(Thread.java:750)
Caused by: java.net.UnknownHostException: petstore.swagger.iov2
	at java.net.AbstractPlainSocketImpl.connect(AbstractPlainSocketImpl.java:196)
	at java.net.PlainSocketImpl.connect(PlainSocketImpl.java:162)
	at java.net.SocksSocketImpl.connect(SocksSocketImpl.java:394)
	at java.net.Socket.connect(Socket.java:606)
	at sun.security.ssl.SSLSocketImpl.connect(SSLSocketImpl.java:298)
	at sun.security.ssl.BaseSSLSocketImpl.connect(BaseSSLSocketImpl.java:173)
	at sun.net.NetworkClient.doConnect(NetworkClient.java:180)
	at sun.net.www.http.HttpClient.openServer(HttpClient.java:463)
	at sun.net.www.http.HttpClient.openServer(HttpClient.java:558)
	at sun.net.www.protocol.https.HttpsClient.&lt;init&gt;(HttpsClient.java:292)
	at sun.net.www.protocol.https.HttpsClient.New(HttpsClient.java:395)
	at sun.net.www.protocol.https.AbstractDelegateHttpsURLConnection.getNewHttpClient(AbstractDelegateHttpsURLConnection.java:203)
	at sun.net.www.protocol.http.HttpURLConnection.plainConnect0(HttpURLConnection.java:1167)
	at sun.net.www.protocol.http.HttpURLConnection.plainConnect(HttpURLConnection.java:1061)
	at sun.net.www.protocol.https.AbstractDelegateHttpsURLConnection.connect(AbstractDelegateHttpsURLConnection.java:189)
	at sun.net.www.protocol.https.HttpsURLConnectionImpl.connect(HttpsURLConnectionImpl.java:167)
	at org.springframework.http.client.SimpleBufferingClientHttpRequest.executeInternal(SimpleBufferingClientHttpRequest.java:76)
	at org.springframework.http.client.AbstractBufferingClientHttpRequest.executeInternal(AbstractBufferingClientHttpRequest.java:48)
	at org.springframework.http.client.AbstractClientHttpRequest.execute(AbstractClientHttpRequest.java:53)
	at org.springframework.web.client.RestTemplate.doExecute(RestTemplate.java:735)
	... 16 more
</pre></div></td>
<td>0</td>
<td>com.petStore.test.nonfuctional.GetPetBasedOnStatusNonFunctional@12cf7ab</td></tr>
<tr>
<td title='com.petStore.test.nonfuctional.GetUserByNameNonFucntional.test_getUserForNonExistentUserNameWithSqlInjection()'><b>test_getUserForNonExistentUserNameWithSqlInjection</b><br>Test class: com.petStore.test.nonfuctional.GetUserByNameNonFucntional</td>
<td><div><pre>java.lang.AssertionError: Processing should fail with Error Code 400 as Payload rather than processing giving 404 not found search result as we had sql injection in query paramaters : expected [400] but found [404]
	at com.petStore.test.nonfuctional.GetUserByNameNonFucntional.test_getUserForNonExistentUserNameWithSqlInjection(GetUserByNameNonFucntional.java:95)
	at java.util.concurrent.ThreadPoolExecutor.runWorker(ThreadPoolExecutor.java:1149)
	at java.util.concurrent.ThreadPoolExecutor$Worker.run(ThreadPoolExecutor.java:624)
	at java.lang.Thread.run(Thread.java:750)
... Removed 14 stack frames</pre></div><a href='#' onClick='toggleBox("stack-trace25788000", this, "Click to show all stack frames", "Click to hide stack frames")'>Click to show all stack frames</a>
<div class='stack-trace' id='stack-trace25788000'><pre>java.lang.AssertionError: Processing should fail with Error Code 400 as Payload rather than processing giving 404 not found search result as we had sql injection in query paramaters : expected [400] but found [404]
	at org.testng.Assert.fail(Assert.java:94)
	at org.testng.Assert.failNotEquals(Assert.java:496)
	at org.testng.Assert.assertEquals(Assert.java:125)
	at org.testng.Assert.assertEquals(Assert.java:372)
	at com.petStore.test.nonfuctional.GetUserByNameNonFucntional.test_getUserForNonExistentUserNameWithSqlInjection(GetUserByNameNonFucntional.java:95)
	at sun.reflect.NativeMethodAccessorImpl.invoke0(Native Method)
	at sun.reflect.NativeMethodAccessorImpl.invoke(NativeMethodAccessorImpl.java:62)
	at sun.reflect.DelegatingMethodAccessorImpl.invoke(DelegatingMethodAccessorImpl.java:43)
	at java.lang.reflect.Method.invoke(Method.java:498)
	at org.testng.internal.MethodInvocationHelper.invokeMethod(MethodInvocationHelper.java:85)
	at org.testng.internal.Invoker.invokeMethod(Invoker.java:639)
	at org.testng.internal.Invoker.invokeTestMethod(Invoker.java:816)
	at org.testng.internal.Invoker.invokeTestMethods(Invoker.java:1124)
	at org.testng.internal.TestMethodWorker.invokeTestMethods(TestMethodWorker.java:125)
	at org.testng.internal.TestMethodWorker.run(TestMethodWorker.java:108)
	at java.util.concurrent.ThreadPoolExecutor.runWorker(ThreadPoolExecutor.java:1149)
	at java.util.concurrent.ThreadPoolExecutor$Worker.run(ThreadPoolExecutor.java:624)
	at java.lang.Thread.run(Thread.java:750)
</pre></div></td>
<td>0</td>
<td>com.petStore.test.nonfuctional.GetUserByNameNonFucntional@a5fe93</td></tr>
<tr>
<td title='com.petStore.test.fuctional.GetUserByNameFunctionalTest.test_getUserforDuplicateRecords()'><b>test_getUserforDuplicateRecords</b><br>Test class: com.petStore.test.fuctional.GetUserByNameFunctionalTest</td>
<td><div><pre>org.springframework.web.client.HttpClientErrorException$NotFound: 404 Not Found
	at org.springframework.web.client.HttpClientErrorException.create(HttpClientErrorException.java:85)
	at org.springframework.web.client.DefaultResponseErrorHandler.handleError(DefaultResponseErrorHandler.java:122)
	at org.springframework.web.client.DefaultResponseErrorHandler.handleError(DefaultResponseErrorHandler.java:102)
	at org.springframework.web.client.ResponseErrorHandler.handleError(ResponseErrorHandler.java:63)
	at org.springframework.web.client.RestTemplate.handleResponse(RestTemplate.java:778)
	at org.springframework.web.client.RestTemplate.doExecute(RestTemplate.java:736)
	at org.springframework.web.client.RestTemplate.execute(RestTemplate.java:670)
	at org.springframework.web.client.RestTemplate.getForEntity(RestTemplate.java:338)
	at com.petStore.test.fuctional.GetUserByNameFunctionalTest.test_getUserforDuplicateRecords(GetUserByNameFunctionalTest.java:198)
	at java.util.concurrent.ThreadPoolExecutor.runWorker(ThreadPoolExecutor.java:1149)
	at java.util.concurrent.ThreadPoolExecutor$Worker.run(ThreadPoolExecutor.java:624)
	at java.lang.Thread.run(Thread.java:750)
... Removed 10 stack frames</pre></div><a href='#' onClick='toggleBox("stack-trace16378200", this, "Click to show all stack frames", "Click to hide stack frames")'>Click to show all stack frames</a>
<div class='stack-trace' id='stack-trace16378200'><pre>org.springframework.web.client.HttpClientErrorException$NotFound: 404 Not Found
	at org.springframework.web.client.HttpClientErrorException.create(HttpClientErrorException.java:85)
	at org.springframework.web.client.DefaultResponseErrorHandler.handleError(DefaultResponseErrorHandler.java:122)
	at org.springframework.web.client.DefaultResponseErrorHandler.handleError(DefaultResponseErrorHandler.java:102)
	at org.springframework.web.client.ResponseErrorHandler.handleError(ResponseErrorHandler.java:63)
	at org.springframework.web.client.RestTemplate.handleResponse(RestTemplate.java:778)
	at org.springframework.web.client.RestTemplate.doExecute(RestTemplate.java:736)
	at org.springframework.web.client.RestTemplate.execute(RestTemplate.java:670)
	at org.springframework.web.client.RestTemplate.getForEntity(RestTemplate.java:338)
	at com.petStore.test.fuctional.GetUserByNameFunctionalTest.test_getUserforDuplicateRecords(GetUserByNameFunctionalTest.java:198)
	at sun.reflect.NativeMethodAccessorImpl.invoke0(Native Method)
	at sun.reflect.NativeMethodAccessorImpl.invoke(NativeMethodAccessorImpl.java:62)
	at sun.reflect.DelegatingMethodAccessorImpl.invoke(DelegatingMethodAccessorImpl.java:43)
	at java.lang.reflect.Method.invoke(Method.java:498)
	at org.testng.internal.MethodInvocationHelper.invokeMethod(MethodInvocationHelper.java:85)
	at org.testng.internal.Invoker.invokeMethod(Invoker.java:639)
	at org.testng.internal.Invoker.invokeTestMethod(Invoker.java:816)
	at org.testng.internal.Invoker.invokeTestMethods(Invoker.java:1124)
	at org.testng.internal.TestMethodWorker.invokeTestMethods(TestMethodWorker.java:125)
	at org.testng.internal.TestMethodWorker.run(TestMethodWorker.java:108)
	at java.util.concurrent.ThreadPoolExecutor.runWorker(ThreadPoolExecutor.java:1149)
	at java.util.concurrent.ThreadPoolExecutor$Worker.run(ThreadPoolExecutor.java:624)
	at java.lang.Thread.run(Thread.java:750)
</pre></div></td>
<td>0</td>
<td>com.petStore.test.fuctional.GetUserByNameFunctionalTest@15e586c</td></tr>
<tr>
<td title='com.petStore.test.nonfuctional.UpdatePetStatusNonFunctional.test_updateNonExistencePet()'><b>test_updateNonExistencePet</b><br>Test class: com.petStore.test.nonfuctional.UpdatePetStatusNonFunctional</td>
<td><div><pre>java.lang.AssertionError: Processing should fail with Error Code 404 as Payload has an non existent object : expected [404] but found [200]
	at com.petStore.test.nonfuctional.UpdatePetStatusNonFunctional.test_updateNonExistencePet(UpdatePetStatusNonFunctional.java:107)
	at java.util.concurrent.ThreadPoolExecutor.runWorker(ThreadPoolExecutor.java:1149)
	at java.util.concurrent.ThreadPoolExecutor$Worker.run(ThreadPoolExecutor.java:624)
	at java.lang.Thread.run(Thread.java:750)
... Removed 14 stack frames</pre></div><a href='#' onClick='toggleBox("stack-trace25681184", this, "Click to show all stack frames", "Click to hide stack frames")'>Click to show all stack frames</a>
<div class='stack-trace' id='stack-trace25681184'><pre>java.lang.AssertionError: Processing should fail with Error Code 404 as Payload has an non existent object : expected [404] but found [200]
	at org.testng.Assert.fail(Assert.java:94)
	at org.testng.Assert.failNotEquals(Assert.java:496)
	at org.testng.Assert.assertEquals(Assert.java:125)
	at org.testng.Assert.assertEquals(Assert.java:372)
	at com.petStore.test.nonfuctional.UpdatePetStatusNonFunctional.test_updateNonExistencePet(UpdatePetStatusNonFunctional.java:107)
	at sun.reflect.NativeMethodAccessorImpl.invoke0(Native Method)
	at sun.reflect.NativeMethodAccessorImpl.invoke(NativeMethodAccessorImpl.java:62)
	at sun.reflect.DelegatingMethodAccessorImpl.invoke(DelegatingMethodAccessorImpl.java:43)
	at java.lang.reflect.Method.invoke(Method.java:498)
	at org.testng.internal.MethodInvocationHelper.invokeMethod(MethodInvocationHelper.java:85)
	at org.testng.internal.Invoker.invokeMethod(Invoker.java:639)
	at org.testng.internal.Invoker.invokeTestMethod(Invoker.java:816)
	at org.testng.internal.Invoker.invokeTestMethods(Invoker.java:1124)
	at org.testng.internal.TestMethodWorker.invokeTestMethods(TestMethodWorker.java:125)
	at org.testng.internal.TestMethodWorker.run(TestMethodWorker.java:108)
	at java.util.concurrent.ThreadPoolExecutor.runWorker(ThreadPoolExecutor.java:1149)
	at java.util.concurrent.ThreadPoolExecutor$Worker.run(ThreadPoolExecutor.java:624)
	at java.lang.Thread.run(Thread.java:750)
</pre></div></td>
<td>0</td>
<td>com.petStore.test.nonfuctional.UpdatePetStatusNonFunctional@1a8622</td></tr>
<tr>
<td title='com.petStore.test.fuctional.UpdatePetFunctionalTest.test_updatePetWithInValidStatus()'><b>test_updatePetWithInValidStatus</b><br>Test class: com.petStore.test.fuctional.UpdatePetFunctionalTest</td>
<td><div><pre>java.lang.AssertionError: The processing should fail with actual Response Code 400 instead of success as payload has invalid status and is client error:  expected [400] but found [200]
	at com.petStore.test.fuctional.UpdatePetFunctionalTest.test_updatePetWithInValidStatus(UpdatePetFunctionalTest.java:182)
	at java.util.concurrent.ThreadPoolExecutor.runWorker(ThreadPoolExecutor.java:1149)
	at java.util.concurrent.ThreadPoolExecutor$Worker.run(ThreadPoolExecutor.java:624)
	at java.lang.Thread.run(Thread.java:750)
... Removed 14 stack frames</pre></div><a href='#' onClick='toggleBox("stack-trace5652644", this, "Click to show all stack frames", "Click to hide stack frames")'>Click to show all stack frames</a>
<div class='stack-trace' id='stack-trace5652644'><pre>java.lang.AssertionError: The processing should fail with actual Response Code 400 instead of success as payload has invalid status and is client error:  expected [400] but found [200]
	at org.testng.Assert.fail(Assert.java:94)
	at org.testng.Assert.failNotEquals(Assert.java:496)
	at org.testng.Assert.assertEquals(Assert.java:125)
	at org.testng.Assert.assertEquals(Assert.java:372)
	at com.petStore.test.fuctional.UpdatePetFunctionalTest.test_updatePetWithInValidStatus(UpdatePetFunctionalTest.java:182)
	at sun.reflect.NativeMethodAccessorImpl.invoke0(Native Method)
	at sun.reflect.NativeMethodAccessorImpl.invoke(NativeMethodAccessorImpl.java:62)
	at sun.reflect.DelegatingMethodAccessorImpl.invoke(DelegatingMethodAccessorImpl.java:43)
	at java.lang.reflect.Method.invoke(Method.java:498)
	at org.testng.internal.MethodInvocationHelper.invokeMethod(MethodInvocationHelper.java:85)
	at org.testng.internal.Invoker.invokeMethod(Invoker.java:639)
	at org.testng.internal.Invoker.invokeTestMethod(Invoker.java:816)
	at org.testng.internal.Invoker.invokeTestMethods(Invoker.java:1124)
	at org.testng.internal.TestMethodWorker.invokeTestMethods(TestMethodWorker.java:125)
	at org.testng.internal.TestMethodWorker.run(TestMethodWorker.java:108)
	at java.util.concurrent.ThreadPoolExecutor.runWorker(ThreadPoolExecutor.java:1149)
	at java.util.concurrent.ThreadPoolExecutor$Worker.run(ThreadPoolExecutor.java:624)
	at java.lang.Thread.run(Thread.java:750)
</pre></div></td>
<td>0</td>
<td>com.petStore.test.fuctional.UpdatePetFunctionalTest@17c8ad9</td></tr>
<tr>
<td title='com.petStore.test.fuctional.UpdatePetFunctionalTest.test_updatePetWithInvalidIdsPattern()'><b>test_updatePetWithInvalidIdsPattern</b><br>Test class: com.petStore.test.fuctional.UpdatePetFunctionalTest</td>
<td><div><pre>java.lang.AssertionError: The processing  failure  Response Code should be 400 as payload has invalidIds and is client error:  expected [400] but found [500]
	at com.petStore.test.fuctional.UpdatePetFunctionalTest.test_updatePetWithInvalidIdsPattern(UpdatePetFunctionalTest.java:231)
	at java.util.concurrent.ThreadPoolExecutor.runWorker(ThreadPoolExecutor.java:1149)
	at java.util.concurrent.ThreadPoolExecutor$Worker.run(ThreadPoolExecutor.java:624)
	at java.lang.Thread.run(Thread.java:750)
... Removed 14 stack frames</pre></div><a href='#' onClick='toggleBox("stack-trace24339409", this, "Click to show all stack frames", "Click to hide stack frames")'>Click to show all stack frames</a>
<div class='stack-trace' id='stack-trace24339409'><pre>java.lang.AssertionError: The processing  failure  Response Code should be 400 as payload has invalidIds and is client error:  expected [400] but found [500]
	at org.testng.Assert.fail(Assert.java:94)
	at org.testng.Assert.failNotEquals(Assert.java:496)
	at org.testng.Assert.assertEquals(Assert.java:125)
	at org.testng.Assert.assertEquals(Assert.java:372)
	at com.petStore.test.fuctional.UpdatePetFunctionalTest.test_updatePetWithInvalidIdsPattern(UpdatePetFunctionalTest.java:231)
	at sun.reflect.NativeMethodAccessorImpl.invoke0(Native Method)
	at sun.reflect.NativeMethodAccessorImpl.invoke(NativeMethodAccessorImpl.java:62)
	at sun.reflect.DelegatingMethodAccessorImpl.invoke(DelegatingMethodAccessorImpl.java:43)
	at java.lang.reflect.Method.invoke(Method.java:498)
	at org.testng.internal.MethodInvocationHelper.invokeMethod(MethodInvocationHelper.java:85)
	at org.testng.internal.Invoker.invokeMethod(Invoker.java:639)
	at org.testng.internal.Invoker.invokeTestMethod(Invoker.java:816)
	at org.testng.internal.Invoker.invokeTestMethods(Invoker.java:1124)
	at org.testng.internal.TestMethodWorker.invokeTestMethods(TestMethodWorker.java:125)
	at org.testng.internal.TestMethodWorker.run(TestMethodWorker.java:108)
	at java.util.concurrent.ThreadPoolExecutor.runWorker(ThreadPoolExecutor.java:1149)
	at java.util.concurrent.ThreadPoolExecutor$Worker.run(ThreadPoolExecutor.java:624)
	at java.lang.Thread.run(Thread.java:750)
</pre></div></td>
<td>0</td>
<td>com.petStore.test.fuctional.UpdatePetFunctionalTest@17c8ad9</td></tr>
<tr>
<td title='com.petStore.test.fuctional.UpdatePetFunctionalTest.test_updatePetWithLongFieldNames()'><b>test_updatePetWithLongFieldNames</b><br>Test class: com.petStore.test.fuctional.UpdatePetFunctionalTest</td>
<td><div><pre>java.lang.AssertionError: Actual Response Code should be 400 as payload has long Field  names and is client error: expected [400] but found [200]
	at com.petStore.test.fuctional.UpdatePetFunctionalTest.test_updatePetWithLongFieldNames(UpdatePetFunctionalTest.java:275)
	at java.util.concurrent.ThreadPoolExecutor.runWorker(ThreadPoolExecutor.java:1149)
	at java.util.concurrent.ThreadPoolExecutor$Worker.run(ThreadPoolExecutor.java:624)
	at java.lang.Thread.run(Thread.java:750)
... Removed 14 stack frames</pre></div><a href='#' onClick='toggleBox("stack-trace3047182", this, "Click to show all stack frames", "Click to hide stack frames")'>Click to show all stack frames</a>
<div class='stack-trace' id='stack-trace3047182'><pre>java.lang.AssertionError: Actual Response Code should be 400 as payload has long Field  names and is client error: expected [400] but found [200]
	at org.testng.Assert.fail(Assert.java:94)
	at org.testng.Assert.failNotEquals(Assert.java:496)
	at org.testng.Assert.assertEquals(Assert.java:125)
	at org.testng.Assert.assertEquals(Assert.java:372)
	at com.petStore.test.fuctional.UpdatePetFunctionalTest.test_updatePetWithLongFieldNames(UpdatePetFunctionalTest.java:275)
	at sun.reflect.NativeMethodAccessorImpl.invoke0(Native Method)
	at sun.reflect.NativeMethodAccessorImpl.invoke(NativeMethodAccessorImpl.java:62)
	at sun.reflect.DelegatingMethodAccessorImpl.invoke(DelegatingMethodAccessorImpl.java:43)
	at java.lang.reflect.Method.invoke(Method.java:498)
	at org.testng.internal.MethodInvocationHelper.invokeMethod(MethodInvocationHelper.java:85)
	at org.testng.internal.Invoker.invokeMethod(Invoker.java:639)
	at org.testng.internal.Invoker.invokeTestMethod(Invoker.java:816)
	at org.testng.internal.Invoker.invokeTestMethods(Invoker.java:1124)
	at org.testng.internal.TestMethodWorker.invokeTestMethods(TestMethodWorker.java:125)
	at org.testng.internal.TestMethodWorker.run(TestMethodWorker.java:108)
	at java.util.concurrent.ThreadPoolExecutor.runWorker(ThreadPoolExecutor.java:1149)
	at java.util.concurrent.ThreadPoolExecutor$Worker.run(ThreadPoolExecutor.java:624)
	at java.lang.Thread.run(Thread.java:750)
</pre></div></td>
<td>0</td>
<td>com.petStore.test.fuctional.UpdatePetFunctionalTest@17c8ad9</td></tr>
<tr>
<td title='com.petStore.test.fuctional.UpdateUserFunctionalTest.test_updateUseWithinvalidUserStatus()'><b>test_updateUseWithinvalidUserStatus</b><br>Test class: com.petStore.test.fuctional.UpdateUserFunctionalTest</td>
<td><div><pre>java.lang.AssertionError: Actual Response Code should be 400 as payload has invaldUserStatus Pattern and is client error: expected [400] but found [200]
	at com.petStore.test.fuctional.UpdateUserFunctionalTest.test_updateUseWithinvalidUserStatus(UpdateUserFunctionalTest.java:282)
	at java.util.concurrent.ThreadPoolExecutor.runWorker(ThreadPoolExecutor.java:1149)
	at java.util.concurrent.ThreadPoolExecutor$Worker.run(ThreadPoolExecutor.java:624)
	at java.lang.Thread.run(Thread.java:750)
... Removed 14 stack frames</pre></div><a href='#' onClick='toggleBox("stack-trace8457760", this, "Click to show all stack frames", "Click to hide stack frames")'>Click to show all stack frames</a>
<div class='stack-trace' id='stack-trace8457760'><pre>java.lang.AssertionError: Actual Response Code should be 400 as payload has invaldUserStatus Pattern and is client error: expected [400] but found [200]
	at org.testng.Assert.fail(Assert.java:94)
	at org.testng.Assert.failNotEquals(Assert.java:496)
	at org.testng.Assert.assertEquals(Assert.java:125)
	at org.testng.Assert.assertEquals(Assert.java:372)
	at com.petStore.test.fuctional.UpdateUserFunctionalTest.test_updateUseWithinvalidUserStatus(UpdateUserFunctionalTest.java:282)
	at sun.reflect.NativeMethodAccessorImpl.invoke0(Native Method)
	at sun.reflect.NativeMethodAccessorImpl.invoke(NativeMethodAccessorImpl.java:62)
	at sun.reflect.DelegatingMethodAccessorImpl.invoke(DelegatingMethodAccessorImpl.java:43)
	at java.lang.reflect.Method.invoke(Method.java:498)
	at org.testng.internal.MethodInvocationHelper.invokeMethod(MethodInvocationHelper.java:85)
	at org.testng.internal.Invoker.invokeMethod(Invoker.java:639)
	at org.testng.internal.Invoker.invokeTestMethod(Invoker.java:816)
	at org.testng.internal.Invoker.invokeTestMethods(Invoker.java:1124)
	at org.testng.internal.TestMethodWorker.invokeTestMethods(TestMethodWorker.java:125)
	at org.testng.internal.TestMethodWorker.run(TestMethodWorker.java:108)
	at java.util.concurrent.ThreadPoolExecutor.runWorker(ThreadPoolExecutor.java:1149)
	at java.util.concurrent.ThreadPoolExecutor$Worker.run(ThreadPoolExecutor.java:624)
	at java.lang.Thread.run(Thread.java:750)
</pre></div></td>
<td>0</td>
<td>com.petStore.test.fuctional.UpdateUserFunctionalTest@16a4e4b</td></tr>
<tr>
<td title='com.petStore.test.fuctional.UpdateUserFunctionalTest.test_updateUserWithLongfieldNames()'><b>test_updateUserWithLongfieldNames</b><br>Test class: com.petStore.test.fuctional.UpdateUserFunctionalTest</td>
<td><div><pre>java.lang.AssertionError: Actual Response Code should be 400 as payload has verylong usernameupdate and is client error: expected [400] but found [200]
	at com.petStore.test.fuctional.UpdateUserFunctionalTest.test_updateUserWithLongfieldNames(UpdateUserFunctionalTest.java:180)
	at java.util.concurrent.ThreadPoolExecutor.runWorker(ThreadPoolExecutor.java:1149)
	at java.util.concurrent.ThreadPoolExecutor$Worker.run(ThreadPoolExecutor.java:624)
	at java.lang.Thread.run(Thread.java:750)
... Removed 14 stack frames</pre></div><a href='#' onClick='toggleBox("stack-trace12310549", this, "Click to show all stack frames", "Click to hide stack frames")'>Click to show all stack frames</a>
<div class='stack-trace' id='stack-trace12310549'><pre>java.lang.AssertionError: Actual Response Code should be 400 as payload has verylong usernameupdate and is client error: expected [400] but found [200]
	at org.testng.Assert.fail(Assert.java:94)
	at org.testng.Assert.failNotEquals(Assert.java:496)
	at org.testng.Assert.assertEquals(Assert.java:125)
	at org.testng.Assert.assertEquals(Assert.java:372)
	at com.petStore.test.fuctional.UpdateUserFunctionalTest.test_updateUserWithLongfieldNames(UpdateUserFunctionalTest.java:180)
	at sun.reflect.NativeMethodAccessorImpl.invoke0(Native Method)
	at sun.reflect.NativeMethodAccessorImpl.invoke(NativeMethodAccessorImpl.java:62)
	at sun.reflect.DelegatingMethodAccessorImpl.invoke(DelegatingMethodAccessorImpl.java:43)
	at java.lang.reflect.Method.invoke(Method.java:498)
	at org.testng.internal.MethodInvocationHelper.invokeMethod(MethodInvocationHelper.java:85)
	at org.testng.internal.Invoker.invokeMethod(Invoker.java:639)
	at org.testng.internal.Invoker.invokeTestMethod(Invoker.java:816)
	at org.testng.internal.Invoker.invokeTestMethods(Invoker.java:1124)
	at org.testng.internal.TestMethodWorker.invokeTestMethods(TestMethodWorker.java:125)
	at org.testng.internal.TestMethodWorker.run(TestMethodWorker.java:108)
	at java.util.concurrent.ThreadPoolExecutor.runWorker(ThreadPoolExecutor.java:1149)
	at java.util.concurrent.ThreadPoolExecutor$Worker.run(ThreadPoolExecutor.java:624)
	at java.lang.Thread.run(Thread.java:750)
</pre></div></td>
<td>0</td>
<td>com.petStore.test.fuctional.UpdateUserFunctionalTest@16a4e4b</td></tr>
<tr>
<td title='com.petStore.test.nonfuctional.UpdateUserNonFunctional.test_updateUserWithNonExistingUserName()'><b>test_updateUserWithNonExistingUserName</b><br>Test class: com.petStore.test.nonfuctional.UpdateUserNonFunctional</td>
<td><div><pre>java.lang.AssertionError: Processing should fail with 404 instead of success as we are trying to update nonexistent object  : expected [404] but found [200]
	at com.petStore.test.nonfuctional.UpdateUserNonFunctional.test_updateUserWithNonExistingUserName(UpdateUserNonFunctional.java:82)
	at java.util.concurrent.ThreadPoolExecutor.runWorker(ThreadPoolExecutor.java:1149)
	at java.util.concurrent.ThreadPoolExecutor$Worker.run(ThreadPoolExecutor.java:624)
	at java.lang.Thread.run(Thread.java:750)
... Removed 14 stack frames</pre></div><a href='#' onClick='toggleBox("stack-trace26519349", this, "Click to show all stack frames", "Click to hide stack frames")'>Click to show all stack frames</a>
<div class='stack-trace' id='stack-trace26519349'><pre>java.lang.AssertionError: Processing should fail with 404 instead of success as we are trying to update nonexistent object  : expected [404] but found [200]
	at org.testng.Assert.fail(Assert.java:94)
	at org.testng.Assert.failNotEquals(Assert.java:496)
	at org.testng.Assert.assertEquals(Assert.java:125)
	at org.testng.Assert.assertEquals(Assert.java:372)
	at com.petStore.test.nonfuctional.UpdateUserNonFunctional.test_updateUserWithNonExistingUserName(UpdateUserNonFunctional.java:82)
	at sun.reflect.NativeMethodAccessorImpl.invoke0(Native Method)
	at sun.reflect.NativeMethodAccessorImpl.invoke(NativeMethodAccessorImpl.java:62)
	at sun.reflect.DelegatingMethodAccessorImpl.invoke(DelegatingMethodAccessorImpl.java:43)
	at java.lang.reflect.Method.invoke(Method.java:498)
	at org.testng.internal.MethodInvocationHelper.invokeMethod(MethodInvocationHelper.java:85)
	at org.testng.internal.Invoker.invokeMethod(Invoker.java:639)
	at org.testng.internal.Invoker.invokeTestMethod(Invoker.java:816)
	at org.testng.internal.Invoker.invokeTestMethods(Invoker.java:1124)
	at org.testng.internal.TestMethodWorker.invokeTestMethods(TestMethodWorker.java:125)
	at org.testng.internal.TestMethodWorker.run(TestMethodWorker.java:108)
	at java.util.concurrent.ThreadPoolExecutor.runWorker(ThreadPoolExecutor.java:1149)
	at java.util.concurrent.ThreadPoolExecutor$Worker.run(ThreadPoolExecutor.java:624)
	at java.lang.Thread.run(Thread.java:750)
</pre></div></td>
<td>0</td>
<td>com.petStore.test.nonfuctional.UpdateUserNonFunctional@d851c9</td></tr>
<tr>
<td title='com.petStore.test.fuctional.UpdateUserFunctionalTest.test_updateUserWithinvalidEmailPattern()'><b>test_updateUserWithinvalidEmailPattern</b><br>Test class: com.petStore.test.fuctional.UpdateUserFunctionalTest</td>
<td><div><pre>java.lang.AssertionError: Actual Response Code should be 400 as payload has invaldemail Pattern and is client error: expected [400] but found [200]
	at com.petStore.test.fuctional.UpdateUserFunctionalTest.test_updateUserWithinvalidEmailPattern(UpdateUserFunctionalTest.java:214)
	at java.util.concurrent.ThreadPoolExecutor.runWorker(ThreadPoolExecutor.java:1149)
	at java.util.concurrent.ThreadPoolExecutor$Worker.run(ThreadPoolExecutor.java:624)
	at java.lang.Thread.run(Thread.java:750)
... Removed 14 stack frames</pre></div><a href='#' onClick='toggleBox("stack-trace25570753", this, "Click to show all stack frames", "Click to hide stack frames")'>Click to show all stack frames</a>
<div class='stack-trace' id='stack-trace25570753'><pre>java.lang.AssertionError: Actual Response Code should be 400 as payload has invaldemail Pattern and is client error: expected [400] but found [200]
	at org.testng.Assert.fail(Assert.java:94)
	at org.testng.Assert.failNotEquals(Assert.java:496)
	at org.testng.Assert.assertEquals(Assert.java:125)
	at org.testng.Assert.assertEquals(Assert.java:372)
	at com.petStore.test.fuctional.UpdateUserFunctionalTest.test_updateUserWithinvalidEmailPattern(UpdateUserFunctionalTest.java:214)
	at sun.reflect.NativeMethodAccessorImpl.invoke0(Native Method)
	at sun.reflect.NativeMethodAccessorImpl.invoke(NativeMethodAccessorImpl.java:62)
	at sun.reflect.DelegatingMethodAccessorImpl.invoke(DelegatingMethodAccessorImpl.java:43)
	at java.lang.reflect.Method.invoke(Method.java:498)
	at org.testng.internal.MethodInvocationHelper.invokeMethod(MethodInvocationHelper.java:85)
	at org.testng.internal.Invoker.invokeMethod(Invoker.java:639)
	at org.testng.internal.Invoker.invokeTestMethod(Invoker.java:816)
	at org.testng.internal.Invoker.invokeTestMethods(Invoker.java:1124)
	at org.testng.internal.TestMethodWorker.invokeTestMethods(TestMethodWorker.java:125)
	at org.testng.internal.TestMethodWorker.run(TestMethodWorker.java:108)
	at java.util.concurrent.ThreadPoolExecutor.runWorker(ThreadPoolExecutor.java:1149)
	at java.util.concurrent.ThreadPoolExecutor$Worker.run(ThreadPoolExecutor.java:624)
	at java.lang.Thread.run(Thread.java:750)
</pre></div></td>
<td>0</td>
<td>com.petStore.test.fuctional.UpdateUserFunctionalTest@16a4e4b</td></tr>
<tr>
<td title='com.petStore.test.fuctional.UpdateUserFunctionalTest.test_updateUserWithinvalidPhonePattern()'><b>test_updateUserWithinvalidPhonePattern</b><br>Test class: com.petStore.test.fuctional.UpdateUserFunctionalTest</td>
<td><div><pre>java.lang.AssertionError: Actual Response Code should be 400 as payload has invaldPhone Pattern and is client error: expected [400] but found [200]
	at com.petStore.test.fuctional.UpdateUserFunctionalTest.test_updateUserWithinvalidPhonePattern(UpdateUserFunctionalTest.java:248)
	at java.util.concurrent.ThreadPoolExecutor.runWorker(ThreadPoolExecutor.java:1149)
	at java.util.concurrent.ThreadPoolExecutor$Worker.run(ThreadPoolExecutor.java:624)
	at java.lang.Thread.run(Thread.java:750)
... Removed 14 stack frames</pre></div><a href='#' onClick='toggleBox("stack-trace16313144", this, "Click to show all stack frames", "Click to hide stack frames")'>Click to show all stack frames</a>
<div class='stack-trace' id='stack-trace16313144'><pre>java.lang.AssertionError: Actual Response Code should be 400 as payload has invaldPhone Pattern and is client error: expected [400] but found [200]
	at org.testng.Assert.fail(Assert.java:94)
	at org.testng.Assert.failNotEquals(Assert.java:496)
	at org.testng.Assert.assertEquals(Assert.java:125)
	at org.testng.Assert.assertEquals(Assert.java:372)
	at com.petStore.test.fuctional.UpdateUserFunctionalTest.test_updateUserWithinvalidPhonePattern(UpdateUserFunctionalTest.java:248)
	at sun.reflect.NativeMethodAccessorImpl.invoke0(Native Method)
	at sun.reflect.NativeMethodAccessorImpl.invoke(NativeMethodAccessorImpl.java:62)
	at sun.reflect.DelegatingMethodAccessorImpl.invoke(DelegatingMethodAccessorImpl.java:43)
	at java.lang.reflect.Method.invoke(Method.java:498)
	at org.testng.internal.MethodInvocationHelper.invokeMethod(MethodInvocationHelper.java:85)
	at org.testng.internal.Invoker.invokeMethod(Invoker.java:639)
	at org.testng.internal.Invoker.invokeTestMethod(Invoker.java:816)
	at org.testng.internal.Invoker.invokeTestMethods(Invoker.java:1124)
	at org.testng.internal.TestMethodWorker.invokeTestMethods(TestMethodWorker.java:125)
	at org.testng.internal.TestMethodWorker.run(TestMethodWorker.java:108)
	at java.util.concurrent.ThreadPoolExecutor.runWorker(ThreadPoolExecutor.java:1149)
	at java.util.concurrent.ThreadPoolExecutor$Worker.run(ThreadPoolExecutor.java:624)
	at java.lang.Thread.run(Thread.java:750)
</pre></div></td>
<td>0</td>
<td>com.petStore.test.fuctional.UpdateUserFunctionalTest@16a4e4b</td></tr>
</table><p>
<table width='100%' border='1' class='invocation-passed'>
<tr><td colspan='4' align='center'><b>PASSED TESTS</b></td></tr>
<tr><td><b>Test method</b></td>
<td width="30%"><b>Exception</b></td>
<td width="10%"><b>Time (seconds)</b></td>
<td><b>Instance</b></td>
</tr>
<tr>
<td title='com.petStore.test.fuctional.CreateUserWithArrayFunctionalTest.test_addMultipleUser()'><b>test_addMultipleUser</b><br>Test class: com.petStore.test.fuctional.CreateUserWithArrayFunctionalTest</td>
<td></td>
<td>0</td>
<td>com.petStore.test.fuctional.CreateUserWithArrayFunctionalTest@3640d5</td></tr>
<tr>
<td title='com.petStore.test.fuctional.CreateUserWithArrayFunctionalTest.test_addOneUser()'><b>test_addOneUser</b><br>Test class: com.petStore.test.fuctional.CreateUserWithArrayFunctionalTest</td>
<td></td>
<td>1</td>
<td>com.petStore.test.fuctional.CreateUserWithArrayFunctionalTest@3640d5</td></tr>
<tr>
<td title='com.petStore.test.fuctional.CreatePetFunctionalTest.test_creatPetWithInvalidPetIdPattern()'><b>test_creatPetWithInvalidPetIdPattern</b><br>Test class: com.petStore.test.fuctional.CreatePetFunctionalTest</td>
<td></td>
<td>0</td>
<td>com.petStore.test.fuctional.CreatePetFunctionalTest@1507a04</td></tr>
<tr>
<td title='com.petStore.test.fuctional.CreatePetFunctionalTest.test_creatPetWithValidFields()'><b>test_creatPetWithValidFields</b><br>Test class: com.petStore.test.fuctional.CreatePetFunctionalTest</td>
<td></td>
<td>0</td>
<td>com.petStore.test.fuctional.CreatePetFunctionalTest@1507a04</td></tr>
<tr>
<td title='com.petStore.test.fuctional.GetPetBasedOnStatusFuctionalTest.test_getPetsBasedOnFieldStatusAvailable()'><b>test_getPetsBasedOnFieldStatusAvailable</b><br>Test class: com.petStore.test.fuctional.GetPetBasedOnStatusFuctionalTest</td>
<td></td>
<td>0</td>
<td>com.petStore.test.fuctional.GetPetBasedOnStatusFuctionalTest@95d394</td></tr>
<tr>
<td title='com.petStore.test.fuctional.GetPetBasedOnStatusFuctionalTest.test_getPetsBasedOnFieldStatusPending()'><b>test_getPetsBasedOnFieldStatusPending</b><br>Test class: com.petStore.test.fuctional.GetPetBasedOnStatusFuctionalTest</td>
<td></td>
<td>0</td>
<td>com.petStore.test.fuctional.GetPetBasedOnStatusFuctionalTest@95d394</td></tr>
<tr>
<td title='com.petStore.test.fuctional.GetPetBasedOnStatusFuctionalTest.test_getPetsBasedOnFieldStatusSold()'><b>test_getPetsBasedOnFieldStatusSold</b><br>Test class: com.petStore.test.fuctional.GetPetBasedOnStatusFuctionalTest</td>
<td></td>
<td>0</td>
<td>com.petStore.test.fuctional.GetPetBasedOnStatusFuctionalTest@95d394</td></tr>
<tr>
<td title='com.petStore.test.fuctional.GetUserByNameFunctionalTest.test_getUserByUpdatedName()'><b>test_getUserByUpdatedName</b><br>Test class: com.petStore.test.fuctional.GetUserByNameFunctionalTest</td>
<td></td>
<td>0</td>
<td>com.petStore.test.fuctional.GetUserByNameFunctionalTest@15e586c</td></tr>
<tr>
<td title='com.petStore.test.nonfuctional.GetUserByNameNonFucntional.test_getUserForNonExistentUserName()'><b>test_getUserForNonExistentUserName</b><br>Test class: com.petStore.test.nonfuctional.GetUserByNameNonFucntional</td>
<td></td>
<td>0</td>
<td>com.petStore.test.nonfuctional.GetUserByNameNonFucntional@a5fe93</td></tr>
<tr>
<td title='com.petStore.test.fuctional.UpdatePetFunctionalTest.test_updatePetWithValidFields()'><b>test_updatePetWithValidFields</b><br>Test class: com.petStore.test.fuctional.UpdatePetFunctionalTest</td>
<td></td>
<td>0</td>
<td>com.petStore.test.fuctional.UpdatePetFunctionalTest@17c8ad9</td></tr>
<tr>
<td title='com.petStore.test.fuctional.UpdateUserFunctionalTest.test_updateUsewithValidValues()'><b>test_updateUsewithValidValues</b><br>Test class: com.petStore.test.fuctional.UpdateUserFunctionalTest</td>
<td></td>
<td>0</td>
<td>com.petStore.test.fuctional.UpdateUserFunctionalTest@16a4e4b</td></tr>
</table><p>
</body>
</html>